[ T-Gshow ]
    title = generated human phantom xy
     mesh =  xyz            # mesh type is xyz scoring mesh
   x-type =    2            # x-mesh is linear given by xmin, xmax and nx
     xmin =   0.000000      # minimum value of x-mesh points
     xmax =   500.0000      # maximum value of x-mesh points
#    xdel =   2.500000      # mesh width of x-mesh points
       nx =    200          # number of x-mesh points
   y-type =    2            # y-mesh is linear given by ymin, ymax and ny
     ymin =   0.000000      # minimum value of y-mesh points
     ymax =   500.0000      # maximum value of y-mesh points
#    ydel =   5.000000      # mesh width of y-mesh points
       ny =    100          # number of y-mesh points
   z-type =    1            # z-mesh is given by the below data
       nz =      1          # number of z-mesh points
#    data = ( z(i), i = 1, nz + 1 )
           -1.20000E+02  1.20000E+02
     axis =   xy            # axis of output
     file = top_view.out    # file name of output for the above axis
   output =    2            # (D=2) 1:bnd, 2:bnd+mat, 3:bnd+num 4:bnd+mat+num
    ginfo =    2            # (D=0) 0:no, 1:show in graph, 2:add file
    resol =    1            # (D=1) resolution of gshow or rshow
    width = 0.5000000       # (D=0.5) width of lines for gshow or rshow
   epsout =    1            # (D=0) generate eps file by ANGEL
#    used :        main (  %)        temp (  %)       total (  %)
#  memory :         304 (  0)       10151 (  0)       10455 (  0)

#------------------------------------------------------------------------------
#newpage:
#   no. =  1   z =    0.0000E+00

'no. =  1,    z =    0.0000E+00'
msuc: {\huge generated human phantom xy}
msdr: {\it plotted by \ANGEL \version}
msdl: {\it calculated by \PHITS  3.28}

x: x [cm]
y: y [cm]
set: c1[ 1.000] c2[ 0.900] c5[ 0.800] c6[ 1.000] c7[ 0.000] c8[ 0.000]
p: h2fs form[c1] xfac[c2] afac[c5] scal[c6] xorg[c7] yorg[c8] nosp
p: xmin(  0.000000    ) xmax(  500.0000    )
p: ymin(  0.000000    ) ymax(  500.0000    )

p: legs[c5*0.875]

h: x ny1,0  y2=[y1](16),ic[pastelpurple]
 -1.000000E+00 -1.000000E+00

hb:   line clip z   cb(pastelpurple)
frame:
  0.0000000E+00  0.0000000E+00
  5.0000000E+02  0.0000000E+00
  5.0000000E+02  5.0000000E+02
  0.0000000E+00  5.0000000E+02
clip:
 -2.487562E+00 -4.950495E+00
  5.024876E+02 -4.950495E+00
  5.024876E+02  1.485149E-01
  5.024876E+02  5.247525E+00
  5.024876E+02  1.034653E+01
  5.024876E+02  1.544554E+01
  5.024876E+02  2.054455E+01
  5.024876E+02  2.564356E+01
  5.024876E+02  3.074257E+01
  5.024876E+02  3.584158E+01
  5.024876E+02  4.094059E+01
  5.024876E+02  4.603960E+01
  5.024876E+02  5.113861E+01
  5.024876E+02  5.623762E+01
  5.024876E+02  6.133663E+01
  5.024876E+02  6.643564E+01
  5.024876E+02  7.153465E+01
  5.024876E+02  7.663366E+01
  5.024876E+02  8.173267E+01
  5.024876E+02  8.683168E+01
  5.024876E+02  9.193069E+01
  5.024876E+02  9.702970E+01
  5.024876E+02  1.021287E+02
  5.024876E+02  1.072277E+02
  5.024876E+02  1.123267E+02
  5.024876E+02  1.174257E+02
  5.024876E+02  1.225248E+02
  5.024876E+02  1.276238E+02
  5.024876E+02  1.327228E+02
  5.024876E+02  1.378218E+02
  5.024876E+02  1.429208E+02
  5.024876E+02  1.480198E+02
  5.024876E+02  1.531188E+02
  5.024876E+02  1.582178E+02
  5.024876E+02  1.633168E+02
  5.024876E+02  1.684158E+02
  5.024876E+02  1.735149E+02
  5.024876E+02  1.786139E+02
  5.024876E+02  1.837129E+02
  5.024876E+02  1.888119E+02
  5.024876E+02  1.939109E+02
  5.024876E+02  1.990099E+02
  5.024876E+02  2.041089E+02
  5.024876E+02  2.092079E+02
  5.024876E+02  2.143069E+02
  5.024876E+02  2.194059E+02
  5.024876E+02  2.245050E+02
  5.024876E+02  2.296040E+02
  5.024876E+02  2.347030E+02
  5.024876E+02  2.398020E+02
  5.024876E+02  2.449010E+02
  5.024876E+02  2.500000E+02
  5.024876E+02  2.550990E+02
  5.024876E+02  2.601980E+02
  5.024876E+02  2.652970E+02
  5.024876E+02  2.703960E+02
  5.024876E+02  2.754950E+02
  5.024876E+02  2.805941E+02
  5.024876E+02  2.856931E+02
  5.024876E+02  2.907921E+02
  5.024876E+02  2.958911E+02
  5.024876E+02  3.009901E+02
  5.024876E+02  3.060891E+02
  5.024876E+02  3.111881E+02
  5.024876E+02  3.162871E+02
  5.024876E+02  3.213861E+02
  5.024876E+02  3.264851E+02
  5.024876E+02  3.315842E+02
  5.024876E+02  3.366832E+02
  5.024876E+02  3.417822E+02
  5.024876E+02  3.468812E+02
  5.024876E+02  3.519802E+02
  5.024876E+02  3.570792E+02
  5.024876E+02  3.621782E+02
  5.024876E+02  3.672772E+02
  5.024876E+02  3.723762E+02
  5.024876E+02  3.774752E+02
  5.024876E+02  3.825743E+02
  5.024876E+02  3.876733E+02
  5.024876E+02  3.927723E+02
  5.024876E+02  3.978713E+02
  5.024876E+02  4.029703E+02
  5.024876E+02  4.080693E+02
  5.024876E+02  4.131683E+02
  5.024876E+02  4.182673E+02
  5.024876E+02  4.233663E+02
  5.024876E+02  4.284653E+02
  5.024876E+02  4.335644E+02
  5.024876E+02  4.386634E+02
  5.024876E+02  4.437624E+02
  5.024876E+02  4.488614E+02
  5.024876E+02  4.539604E+02
  5.024876E+02  4.590594E+02
  5.024876E+02  4.641584E+02
  5.024876E+02  4.692574E+02
  5.024876E+02  4.743564E+02
  5.024876E+02  4.794554E+02
  5.024876E+02  4.845545E+02
  5.024876E+02  4.896535E+02
  5.024876E+02  4.947525E+02
  5.024876E+02  4.998515E+02
  5.024876E+02  5.049505E+02
  4.999627E+02  5.049505E+02
  4.974378E+02  5.049505E+02
  4.949129E+02  5.049505E+02
  4.923881E+02  5.049505E+02
  4.898632E+02  5.049505E+02
  4.873383E+02  5.049505E+02
  4.848134E+02  5.049505E+02
  4.822886E+02  5.049505E+02
  4.797637E+02  5.049505E+02
  4.772388E+02  5.049505E+02
  4.747139E+02  5.049505E+02
  4.721891E+02  5.049505E+02
  4.696642E+02  5.049505E+02
  4.671393E+02  5.049505E+02
  4.646144E+02  5.049505E+02
  4.620896E+02  5.049505E+02
  4.595647E+02  5.049505E+02
  4.570398E+02  5.049505E+02
  4.545149E+02  5.049505E+02
  4.519900E+02  5.049505E+02
  4.494652E+02  5.049505E+02
  4.469403E+02  5.049505E+02
  4.444154E+02  5.049505E+02
  4.418905E+02  5.049505E+02
  4.393657E+02  5.049505E+02
  4.368408E+02  5.049505E+02
  4.343159E+02  5.049505E+02
  4.317910E+02  5.049505E+02
  4.292662E+02  5.049505E+02
  4.267413E+02  5.049505E+02
  4.242164E+02  5.049505E+02
  4.216915E+02  5.049505E+02
  4.191667E+02  5.049505E+02
  4.166418E+02  5.049505E+02
  4.141169E+02  5.049505E+02
  4.115920E+02  5.049505E+02
  4.090672E+02  5.049505E+02
  4.065423E+02  5.049505E+02
  4.040174E+02  5.049505E+02
  4.014925E+02  5.049505E+02
  3.989677E+02  5.049505E+02
  3.964428E+02  5.049505E+02
  3.939179E+02  5.049505E+02
  3.913930E+02  5.049505E+02
  3.888682E+02  5.049505E+02
  3.863433E+02  5.049505E+02
  3.838184E+02  5.049505E+02
  3.812935E+02  5.049505E+02
  3.787687E+02  5.049505E+02
  3.762438E+02  5.049505E+02
  3.737189E+02  5.049505E+02
  3.711940E+02  5.049505E+02
  3.686692E+02  5.049505E+02
  3.661443E+02  5.049505E+02
  3.636194E+02  5.049505E+02
  3.610945E+02  5.049505E+02
  3.585697E+02  5.049505E+02
  3.560448E+02  5.049505E+02
  3.535199E+02  5.049505E+02
  3.509950E+02  5.049505E+02
  3.484701E+02  5.049505E+02
  3.459453E+02  5.049505E+02
  3.434204E+02  5.049505E+02
  3.408955E+02  5.049505E+02
  3.383706E+02  5.049505E+02
  3.358458E+02  5.049505E+02
  3.333209E+02  5.049505E+02
  3.307960E+02  5.049505E+02
  3.282711E+02  5.049505E+02
  3.257463E+02  5.049505E+02
  3.232214E+02  5.049505E+02
  3.206965E+02  5.049505E+02
  3.181716E+02  5.049505E+02
  3.156468E+02  5.049505E+02
  3.131219E+02  5.049505E+02
  3.105970E+02  5.049505E+02
  3.080721E+02  5.049505E+02
  3.055473E+02  5.049505E+02
  3.030224E+02  5.049505E+02
  3.004975E+02  5.049505E+02
  2.979726E+02  5.049505E+02
  2.954478E+02  5.049505E+02
  2.929229E+02  5.049505E+02
  2.903980E+02  5.049505E+02
  2.878731E+02  5.049505E+02
  2.853483E+02  5.049505E+02
  2.828234E+02  5.049505E+02
  2.802985E+02  5.049505E+02
  2.777736E+02  5.049505E+02
  2.752488E+02  5.049505E+02
  2.727239E+02  5.049505E+02
  2.701990E+02  5.049505E+02
  2.676741E+02  5.049505E+02
  2.651493E+02  5.049505E+02
  2.626244E+02  5.049505E+02
  2.600995E+02  5.049505E+02
  2.575746E+02  5.049505E+02
  2.550498E+02  5.049505E+02
  2.525249E+02  5.049505E+02
  2.500000E+02  5.049505E+02
  2.474751E+02  5.049505E+02
  2.449502E+02  5.049505E+02
  2.424254E+02  5.049505E+02
  2.399005E+02  5.049505E+02
  2.373756E+02  5.049505E+02
  2.348507E+02  5.049505E+02
  2.323259E+02  5.049505E+02
  2.298010E+02  5.049505E+02
  2.272761E+02  5.049505E+02
  2.247512E+02  5.049505E+02
  2.222264E+02  5.049505E+02
  2.197015E+02  5.049505E+02
  2.171766E+02  5.049505E+02
  2.146517E+02  5.049505E+02
  2.121269E+02  5.049505E+02
  2.096020E+02  5.049505E+02
  2.070771E+02  5.049505E+02
  2.045522E+02  5.049505E+02
  2.020274E+02  5.049505E+02
  1.995025E+02  5.049505E+02
  1.969776E+02  5.049505E+02
  1.944527E+02  5.049505E+02
  1.919279E+02  5.049505E+02
  1.894030E+02  5.049505E+02
  1.868781E+02  5.049505E+02
  1.843532E+02  5.049505E+02
  1.818284E+02  5.049505E+02
  1.793035E+02  5.049505E+02
  1.767786E+02  5.049505E+02
  1.742537E+02  5.049505E+02
  1.717289E+02  5.049505E+02
  1.692040E+02  5.049505E+02
  1.666791E+02  5.049505E+02
  1.641542E+02  5.049505E+02
  1.616294E+02  5.049505E+02
  1.591045E+02  5.049505E+02
  1.565796E+02  5.049505E+02
  1.540547E+02  5.049505E+02
  1.515299E+02  5.049505E+02
  1.490050E+02  5.049505E+02
  1.464801E+02  5.049505E+02
  1.439552E+02  5.049505E+02
  1.414303E+02  5.049505E+02
  1.389055E+02  5.049505E+02
  1.363806E+02  5.049505E+02
  1.338557E+02  5.049505E+02
  1.313308E+02  5.049505E+02
  1.288060E+02  5.049505E+02
  1.262811E+02  5.049505E+02
  1.237562E+02  5.049505E+02
  1.212313E+02  5.049505E+02
  1.187065E+02  5.049505E+02
  1.161816E+02  5.049505E+02
  1.136567E+02  5.049505E+02
  1.111318E+02  5.049505E+02
  1.086070E+02  5.049505E+02
  1.060821E+02  5.049505E+02
  1.035572E+02  5.049505E+02
  1.010323E+02  5.049505E+02
  9.850746E+01  5.049505E+02
  9.598259E+01  5.049505E+02
  9.345771E+01  5.049505E+02
  9.093284E+01  5.049505E+02
  8.840796E+01  5.049505E+02
  8.588308E+01  5.049505E+02
  8.335821E+01  5.049505E+02
  8.083333E+01  5.049505E+02
  7.830846E+01  5.049505E+02
  7.578358E+01  5.049505E+02
  7.325871E+01  5.049505E+02
  7.073383E+01  5.049505E+02
  6.820896E+01  5.049505E+02
  6.568408E+01  5.049505E+02
  6.315920E+01  5.049505E+02
  6.063433E+01  5.049505E+02
  5.810945E+01  5.049505E+02
  5.558458E+01  5.049505E+02
  5.305970E+01  5.049505E+02
  5.053483E+01  5.049505E+02
  4.800995E+01  5.049505E+02
  4.548507E+01  5.049505E+02
  4.296020E+01  5.049505E+02
  4.043532E+01  5.049505E+02
  3.791045E+01  5.049505E+02
  3.538557E+01  5.049505E+02
  3.286070E+01  5.049505E+02
  3.033582E+01  5.049505E+02
  2.781095E+01  5.049505E+02
  2.528607E+01  5.049505E+02
  2.276119E+01  5.049505E+02
  2.023632E+01  5.049505E+02
  1.771144E+01  5.049505E+02
  1.518657E+01  5.049505E+02
  1.266169E+01  5.049505E+02
  1.013682E+01  5.049505E+02
  7.611940E+00  5.049505E+02
  5.087065E+00  5.049505E+02
  2.562189E+00  5.049505E+02
  3.731345E-02  5.049505E+02
 -2.487562E+00  5.049505E+02
 -2.487562E+00  4.998515E+02
 -2.487562E+00  4.947525E+02
 -2.487562E+00  4.896535E+02
 -2.487562E+00  4.845545E+02
 -2.487562E+00  4.794554E+02
 -2.487562E+00  4.743564E+02
 -2.487562E+00  4.692574E+02
 -2.487562E+00  4.641584E+02
 -2.487562E+00  4.590594E+02
 -2.487562E+00  4.539604E+02
 -2.487562E+00  4.488614E+02
 -2.487562E+00  4.437624E+02
 -2.487562E+00  4.386634E+02
 -2.487562E+00  4.335644E+02
 -2.487562E+00  4.284653E+02
 -2.487562E+00  4.233663E+02
 -2.487562E+00  4.182673E+02
 -2.487562E+00  4.131683E+02
 -2.487562E+00  4.080693E+02
 -2.487562E+00  4.029703E+02
 -2.487562E+00  3.978713E+02
 -2.487562E+00  3.927723E+02
 -2.487562E+00  3.876733E+02
 -2.487562E+00  3.825743E+02
 -2.487562E+00  3.774752E+02
 -2.487562E+00  3.723762E+02
 -2.487562E+00  3.672772E+02
 -2.487562E+00  3.621782E+02
 -2.487562E+00  3.570792E+02
 -2.487562E+00  3.519802E+02
 -2.487562E+00  3.468812E+02
 -2.487562E+00  3.417822E+02
 -2.487562E+00  3.366832E+02
 -2.487562E+00  3.315842E+02
 -2.487562E+00  3.264851E+02
 -2.487562E+00  3.213861E+02
 -2.487562E+00  3.162871E+02
 -2.487562E+00  3.111881E+02
 -2.487562E+00  3.060891E+02
 -2.487562E+00  3.009901E+02
 -2.487562E+00  2.958911E+02
 -2.487562E+00  2.907921E+02
 -2.487562E+00  2.856931E+02
 -2.487562E+00  2.805941E+02
 -2.487562E+00  2.754950E+02
 -2.487562E+00  2.703960E+02
 -2.487562E+00  2.652970E+02
 -2.487562E+00  2.601980E+02
 -2.487562E+00  2.550990E+02
 -2.487562E+00  2.500000E+02
 -2.487562E+00  2.449010E+02
 -2.487562E+00  2.398020E+02
 -2.487562E+00  2.347030E+02
 -2.487562E+00  2.296040E+02
 -2.487562E+00  2.245050E+02
 -2.487562E+00  2.194059E+02
 -2.487562E+00  2.143069E+02
 -2.487562E+00  2.092079E+02
 -2.487562E+00  2.041089E+02
 -2.487562E+00  1.990099E+02
 -2.487562E+00  1.939109E+02
 -2.487562E+00  1.888119E+02
 -2.487562E+00  1.837129E+02
 -2.487562E+00  1.786139E+02
 -2.487562E+00  1.735149E+02
 -2.487562E+00  1.684158E+02
 -2.487562E+00  1.633168E+02
 -2.487562E+00  1.582178E+02
 -2.487562E+00  1.531188E+02
 -2.487562E+00  1.480198E+02
 -2.487562E+00  1.429208E+02
 -2.487562E+00  1.378218E+02
 -2.487562E+00  1.327228E+02
 -2.487562E+00  1.276238E+02
 -2.487562E+00  1.225248E+02
 -2.487562E+00  1.174257E+02
 -2.487562E+00  1.123267E+02
 -2.487562E+00  1.072277E+02
 -2.487562E+00  1.021287E+02
 -2.487562E+00  9.702970E+01
 -2.487562E+00  9.193069E+01
 -2.487562E+00  8.683168E+01
 -2.487562E+00  8.173267E+01
 -2.487562E+00  7.663366E+01
 -2.487562E+00  7.153465E+01
 -2.487562E+00  6.643564E+01
 -2.487562E+00  6.133663E+01
 -2.487562E+00  5.623762E+01
 -2.487562E+00  5.113861E+01
 -2.487562E+00  4.603960E+01
 -2.487562E+00  4.094059E+01
 -2.487562E+00  3.584158E+01
 -2.487562E+00  3.074257E+01
 -2.487562E+00  2.564356E+01
 -2.487562E+00  2.054455E+01
 -2.487562E+00  1.544554E+01
 -2.487562E+00  1.034653E+01
 -2.487562E+00  5.247525E+00
 -2.487562E+00  1.485149E-01
 -2.487562E+00 -4.950495E+00

h: x ny1,0  y2=[y1](18),ic[brown]
 -1.000000E+00 -1.000000E+00

hb:   line clip z   cb(brown)
clip:
  1.350000E+02  2.078273E+02
  1.363806E+02  2.070000E+02
  1.385885E+02  2.070000E+02
  3.156468E+02  2.070000E+02
  3.160000E+02  2.088547E+02
  3.160000E+02  2.092079E+02
  3.160000E+02  2.095612E+02
  3.160000E+02  2.143069E+02
  3.160000E+02  2.146602E+02
  3.160000E+02  2.194059E+02
  3.160000E+02  2.197592E+02
  3.156468E+02  2.220000E+02
  3.105278E+02  2.220000E+02
  3.080030E+02  2.220000E+02
  3.054781E+02  2.220000E+02
  3.029532E+02  2.220000E+02
  3.004283E+02  2.220000E+02
  2.979035E+02  2.220000E+02
  2.953786E+02  2.220000E+02
  2.928537E+02  2.220000E+02
  2.903288E+02  2.220000E+02
  2.878040E+02  2.220000E+02
  2.852791E+02  2.220000E+02
  2.827542E+02  2.220000E+02
  2.802293E+02  2.220000E+02
  2.777044E+02  2.220000E+02
  2.751796E+02  2.220000E+02
  2.726547E+02  2.220000E+02
  2.701298E+02  2.220000E+02
  2.676049E+02  2.220000E+02
  2.650801E+02  2.220000E+02
  2.625552E+02  2.220000E+02
  2.600303E+02  2.220000E+02
  2.575054E+02  2.220000E+02
  2.549806E+02  2.220000E+02
  2.524557E+02  2.220000E+02
  2.499308E+02  2.220000E+02
  2.474059E+02  2.220000E+02
  2.448811E+02  2.220000E+02
  2.423562E+02  2.220000E+02
  2.398313E+02  2.220000E+02
  2.373064E+02  2.220000E+02
  2.347816E+02  2.220000E+02
  2.322567E+02  2.220000E+02
  2.297318E+02  2.220000E+02
  2.272069E+02  2.220000E+02
  2.246821E+02  2.220000E+02
  2.221572E+02  2.220000E+02
  2.196323E+02  2.220000E+02
  2.171074E+02  2.220000E+02
  2.145826E+02  2.220000E+02
  2.120577E+02  2.220000E+02
  2.095328E+02  2.220000E+02
  2.070079E+02  2.220000E+02
  2.044831E+02  2.220000E+02
  2.019582E+02  2.220000E+02
  1.994333E+02  2.220000E+02
  1.969084E+02  2.220000E+02
  1.943836E+02  2.220000E+02
  1.918587E+02  2.220000E+02
  1.893338E+02  2.220000E+02
  1.868089E+02  2.220000E+02
  1.842841E+02  2.220000E+02
  1.817592E+02  2.220000E+02
  1.792343E+02  2.220000E+02
  1.767094E+02  2.220000E+02
  1.741845E+02  2.220000E+02
  1.716597E+02  2.220000E+02
  1.691348E+02  2.220000E+02
  1.666099E+02  2.220000E+02
  1.640850E+02  2.220000E+02
  1.615602E+02  2.220000E+02
  1.590353E+02  2.220000E+02
  1.565104E+02  2.220000E+02
  1.539855E+02  2.220000E+02
  1.514607E+02  2.220000E+02
  1.489358E+02  2.220000E+02
  1.464109E+02  2.220000E+02
  1.438860E+02  2.220000E+02
  1.413612E+02  2.220000E+02
  1.388363E+02  2.220000E+02
  1.363114E+02  2.220000E+02
  1.350000E+02  2.207865E+02
  1.350000E+02  2.194059E+02
  1.350000E+02  2.180253E+02
  1.350000E+02  2.143069E+02
  1.350000E+02  2.129263E+02
  1.350000E+02  2.092079E+02

hb:   line clip z   cb(brown)
clip:
  1.384005E+02  2.240000E+02
  1.495099E+02  2.240000E+02
  1.510000E+02  2.245050E+02
  1.510000E+02  2.265000E+02
  1.510000E+02  2.296040E+02
  1.510000E+02  2.315990E+02
  1.510000E+02  2.347030E+02
  1.510000E+02  2.366980E+02
  1.510000E+02  2.398020E+02
  1.510000E+02  2.417970E+02
  1.510000E+02  2.449010E+02
  1.510000E+02  2.468960E+02
  1.510000E+02  2.500000E+02
  1.510000E+02  2.519950E+02
  1.510000E+02  2.550990E+02
  1.510000E+02  2.570940E+02
  1.510000E+02  2.601980E+02
  1.510000E+02  2.621930E+02
  1.510000E+02  2.652970E+02
  1.510000E+02  2.672921E+02
  1.510000E+02  2.703960E+02
  1.510000E+02  2.723911E+02
  1.510000E+02  2.754950E+02
  1.510000E+02  2.774901E+02
  1.510000E+02  2.805941E+02
  1.510000E+02  2.825891E+02
  1.510000E+02  2.856931E+02
  1.510000E+02  2.876881E+02
  1.510000E+02  2.907921E+02
  1.510000E+02  2.927871E+02
  1.510000E+02  2.958911E+02
  1.510000E+02  2.978861E+02
  1.510000E+02  3.009901E+02
  1.510000E+02  3.029851E+02
  1.510000E+02  3.060891E+02
  1.510000E+02  3.080841E+02
  1.510000E+02  3.111881E+02
  1.510000E+02  3.131831E+02
  1.510000E+02  3.162871E+02
  1.510000E+02  3.182822E+02
  1.510000E+02  3.213861E+02
  1.510000E+02  3.233812E+02
  1.510000E+02  3.264851E+02
  1.510000E+02  3.284802E+02
  1.510000E+02  3.315842E+02
  1.510000E+02  3.335792E+02
  1.510000E+02  3.366832E+02
  1.510000E+02  3.386782E+02
  1.510000E+02  3.417822E+02
  1.510000E+02  3.437772E+02
  1.510000E+02  3.468812E+02
  1.510000E+02  3.488762E+02
  1.510000E+02  3.519802E+02
  1.510000E+02  3.539752E+02
  1.510000E+02  3.570792E+02
  1.510000E+02  3.590742E+02
  1.510000E+02  3.621782E+02
  1.510000E+02  3.641732E+02
  1.510000E+02  3.672772E+02
  1.510000E+02  3.692723E+02
  1.510000E+02  3.723762E+02
  1.510000E+02  3.743713E+02
  1.510000E+02  3.774752E+02
  1.510000E+02  3.794703E+02
  1.510000E+02  3.825743E+02
  1.510000E+02  3.845693E+02
  1.510000E+02  3.876733E+02
  1.510000E+02  3.896683E+02
  1.510000E+02  3.927723E+02
  1.510000E+02  3.947673E+02
  1.510000E+02  3.978713E+02
  1.510000E+02  3.998663E+02
  1.510000E+02  4.029703E+02
  1.510000E+02  4.049653E+02
  1.490050E+02  4.070000E+02
  1.464801E+02  4.070000E+02
  1.439552E+02  4.070000E+02
  1.414303E+02  4.070000E+02
  1.389055E+02  4.070000E+02
  1.380000E+02  4.038758E+02
  1.380000E+02  4.029703E+02
  1.380000E+02  4.020648E+02
  1.380000E+02  3.978713E+02
  1.380000E+02  3.969658E+02
  1.380000E+02  3.927723E+02
  1.380000E+02  3.918668E+02
  1.380000E+02  3.876733E+02
  1.380000E+02  3.867678E+02
  1.380000E+02  3.825743E+02
  1.380000E+02  3.816688E+02
  1.380000E+02  3.774752E+02
  1.380000E+02  3.765698E+02
  1.380000E+02  3.723762E+02
  1.380000E+02  3.714708E+02
  1.380000E+02  3.672772E+02
  1.380000E+02  3.663718E+02
  1.380000E+02  3.621782E+02
  1.380000E+02  3.612727E+02
  1.380000E+02  3.570792E+02
  1.380000E+02  3.561737E+02
  1.380000E+02  3.519802E+02
  1.380000E+02  3.510747E+02
  1.380000E+02  3.468812E+02
  1.380000E+02  3.459757E+02
  1.380000E+02  3.417822E+02
  1.380000E+02  3.408767E+02
  1.380000E+02  3.366832E+02
  1.380000E+02  3.357777E+02
  1.380000E+02  3.315842E+02
  1.380000E+02  3.306787E+02
  1.380000E+02  3.264851E+02
  1.380000E+02  3.255797E+02
  1.380000E+02  3.213861E+02
  1.380000E+02  3.204807E+02
  1.380000E+02  3.162871E+02
  1.380000E+02  3.153817E+02
  1.380000E+02  3.111881E+02
  1.380000E+02  3.102826E+02
  1.380000E+02  3.060891E+02
  1.380000E+02  3.051836E+02
  1.380000E+02  3.009901E+02
  1.380000E+02  3.000846E+02
  1.380000E+02  2.958911E+02
  1.380000E+02  2.949856E+02
  1.380000E+02  2.907921E+02
  1.380000E+02  2.898866E+02
  1.380000E+02  2.856931E+02
  1.380000E+02  2.847876E+02
  1.380000E+02  2.805941E+02
  1.380000E+02  2.796886E+02
  1.380000E+02  2.754950E+02
  1.380000E+02  2.745896E+02
  1.380000E+02  2.703960E+02
  1.380000E+02  2.694906E+02
  1.380000E+02  2.652970E+02
  1.380000E+02  2.643916E+02
  1.380000E+02  2.601980E+02
  1.380000E+02  2.592925E+02
  1.380000E+02  2.550990E+02
  1.380000E+02  2.541935E+02
  1.380000E+02  2.500000E+02
  1.380000E+02  2.490945E+02
  1.380000E+02  2.449010E+02
  1.380000E+02  2.439955E+02
  1.380000E+02  2.398020E+02
  1.380000E+02  2.388965E+02
  1.380000E+02  2.347030E+02
  1.380000E+02  2.337975E+02
  1.380000E+02  2.296040E+02
  1.380000E+02  2.286985E+02
  1.380000E+02  2.245050E+02

hb:   line clip z   cb(brown)
clip:
  3.340000E+02  2.532532E+02
  3.358458E+02  2.510000E+02
  3.383706E+02  2.510000E+02
  3.408955E+02  2.510000E+02
  3.434204E+02  2.510000E+02
  3.459453E+02  2.510000E+02
  3.480000E+02  2.530443E+02
  3.480000E+02  2.550990E+02
  3.480000E+02  2.571537E+02
  3.480000E+02  2.601980E+02
  3.480000E+02  2.622527E+02
  3.480000E+02  2.652970E+02
  3.480000E+02  2.673518E+02
  3.480000E+02  2.703960E+02
  3.480000E+02  2.724508E+02
  3.480000E+02  2.754950E+02
  3.480000E+02  2.775498E+02
  3.480000E+02  2.805941E+02
  3.480000E+02  2.826488E+02
  3.480000E+02  2.856931E+02
  3.480000E+02  2.877478E+02
  3.480000E+02  2.907921E+02
  3.480000E+02  2.928468E+02
  3.480000E+02  2.958911E+02
  3.480000E+02  2.979458E+02
  3.480000E+02  3.009901E+02
  3.480000E+02  3.030448E+02
  3.480000E+02  3.060891E+02
  3.480000E+02  3.081438E+02
  3.480000E+02  3.111881E+02
  3.480000E+02  3.132428E+02
  3.480000E+02  3.162871E+02
  3.480000E+02  3.183419E+02
  3.480000E+02  3.213861E+02
  3.480000E+02  3.234409E+02
  3.480000E+02  3.264851E+02
  3.480000E+02  3.285399E+02
  3.480000E+02  3.315842E+02
  3.480000E+02  3.336389E+02
  3.480000E+02  3.366832E+02
  3.480000E+02  3.387379E+02
  3.480000E+02  3.417822E+02
  3.480000E+02  3.438369E+02
  3.480000E+02  3.468812E+02
  3.480000E+02  3.489359E+02
  3.480000E+02  3.519802E+02
  3.480000E+02  3.540349E+02
  3.480000E+02  3.570792E+02
  3.480000E+02  3.591339E+02
  3.480000E+02  3.621782E+02
  3.480000E+02  3.642329E+02
  3.480000E+02  3.672772E+02
  3.480000E+02  3.693320E+02
  3.480000E+02  3.723762E+02
  3.480000E+02  3.744310E+02
  3.480000E+02  3.774752E+02
  3.480000E+02  3.795300E+02
  3.480000E+02  3.825743E+02
  3.480000E+02  3.846290E+02
  3.480000E+02  3.876733E+02
  3.480000E+02  3.897280E+02
  3.480000E+02  3.927723E+02
  3.480000E+02  3.948270E+02
  3.480000E+02  3.978713E+02
  3.480000E+02  3.999260E+02
  3.480000E+02  4.029703E+02
  3.480000E+02  4.050250E+02
  3.480000E+02  4.080693E+02
  3.480000E+02  4.101240E+02
  3.480000E+02  4.131683E+02
  3.480000E+02  4.152230E+02
  3.480000E+02  4.182673E+02
  3.480000E+02  4.203221E+02
  3.480000E+02  4.233663E+02
  3.480000E+02  4.254211E+02
  3.480000E+02  4.284653E+02
  3.480000E+02  4.305201E+02
  3.480000E+02  4.335644E+02
  3.480000E+02  4.356191E+02
  3.459453E+02  4.370000E+02
  3.425096E+02  4.370000E+02
  3.434204E+02  4.370000E+02
  3.399848E+02  4.370000E+02
  3.408955E+02  4.370000E+02
  3.374599E+02  4.370000E+02
  3.383706E+02  4.370000E+02
  3.349350E+02  4.370000E+02
  3.358458E+02  4.370000E+02
  3.340000E+02  4.354101E+02
  3.340000E+02  2.550990E+02

h: x ny1,0  y2=[y1](1),ic[yellowgreen]
 -1.000000E+00 -1.000000E+00

hb:   line clip z   cb(yellowgreen)
clip:
  2.524786E+02  2.805478E+02
  2.526167E+02  2.805023E+02
  2.550498E+02  2.798277E+02
  2.560243E+02  2.796195E+02
  2.575746E+02  2.793542E+02
  2.589902E+02  2.791785E+02
  2.600995E+02  2.790831E+02
  2.616840E+02  2.790096E+02
  2.626244E+02  2.790002E+02
  2.641779E+02  2.790405E+02
  2.651493E+02  2.791013E+02
  2.665098E+02  2.792335E+02
  2.676741E+02  2.793915E+02
  2.687014E+02  2.795668E+02
  2.701990E+02  2.798862E+02
  2.707651E+02  2.800279E+02
  2.726590E+02  2.805941E+02
  2.762617E+02  2.821553E+02
  2.778286E+02  2.831132E+02
  2.792504E+02  2.842163E+02
  2.805020E+02  2.854896E+02
  2.814803E+02  2.868749E+02
  2.824935E+02  2.907921E+02
  2.821496E+02  2.926432E+02
  2.802985E+02  2.957452E+02
  2.789354E+02  2.970529E+02
  2.752488E+02  2.993608E+02
  2.706957E+02  3.009901E+02
  2.700369E+02  3.011522E+02
  2.676741E+02  3.016085E+02
  2.669529E+02  3.017113E+02
  2.651493E+02  3.018987E+02
  2.641800E+02  3.019594E+02
  2.626244E+02  3.019998E+02
  2.616255E+02  3.019890E+02
  2.600995E+02  3.019169E+02
  2.592431E+02  3.018465E+02
  2.575746E+02  3.016458E+02
  2.550498E+02  3.011723E+02
  2.543043E+02  3.009901E+02
  2.525249E+02  3.004675E+02
  2.492843E+02  2.991316E+02
  2.500000E+02  2.994772E+02
  2.476731E+02  2.982180E+02
  2.462013E+02  2.971649E+02
  2.448899E+02  2.959514E+02
  2.442037E+02  2.951445E+02
  2.425065E+02  2.907921E+02
  2.427711E+02  2.886129E+02
  2.443310E+02  2.856931E+02
  2.446127E+02  2.853556E+02
  2.449502E+02  2.849846E+02
  2.481592E+02  2.824842E+02
  2.474751E+02  2.829097E+02
  2.500000E+02  2.815228E+02
  2.523410E+02  2.805941E+02

h: x ny1,0  y2=[y1](6),ic[darkred]
 -1.000000E+00 -1.000000E+00

hb:   line clip z   cb(darkred)
clip:
  2.724396E+02  2.803098E+02
  2.728649E+02  2.804530E+02
  2.732619E+02  2.805941E+02
  2.727575E+02  2.806277E+02
  2.727239E+02  2.806162E+02
  2.727074E+02  2.806105E+02
  2.726590E+02  2.805941E+02

h: x ny1,0  y2=[y1](9),ic[cyan]
 -1.000000E+00 -1.000000E+00

hb:   line clip z   cb(cyan)
clip:
  2.341933E+02  2.901347E+02
  2.348507E+02  2.885983E+02
  2.380201E+02  2.876227E+02
  2.373756E+02  2.875070E+02
  2.395261E+02  2.886416E+02
  2.399005E+02  2.892551E+02
  2.401709E+02  2.905217E+02
  2.401567E+02  2.907921E+02
  2.401260E+02  2.910176E+02
  2.399005E+02  2.917449E+02
  2.371927E+02  2.934999E+02
  2.373756E+02  2.934930E+02
  2.353126E+02  2.928551E+02
  2.342937E+02  2.913491E+02
  2.341853E+02  2.907921E+02

hb:   line clip z   cb(darkred)
clip:
  2.422975E+02  2.906642E+02
  2.424254E+02  2.891750E+02
  2.425035E+02  2.907140E+02
  2.425065E+02  2.907921E+02
  2.425108E+02  2.908775E+02
  2.423079E+02  2.909096E+02
  2.423018E+02  2.907921E+02

hb:   line clip z   cb(cyan)
clip:
  2.848370E+02  2.902808E+02
  2.853483E+02  2.888130E+02
  2.885519E+02  2.875884E+02
  2.878731E+02  2.875003E+02
  2.901118E+02  2.885535E+02
  2.903980E+02  2.889507E+02
  2.908259E+02  2.903642E+02
  2.908147E+02  2.907921E+02
  2.907574E+02  2.911515E+02
  2.903980E+02  2.920493E+02
  2.876932E+02  2.934969E+02
  2.878731E+02  2.934997E+02
  2.858825E+02  2.927828E+02
  2.849174E+02  2.912229E+02
  2.848433E+02  2.907921E+02

hb:   line clip z   cb(darkred)
clip:
  2.802294E+02  2.958220E+02
  2.802985E+02  2.957452E+02
  2.810475E+02  2.951421E+02
  2.804337E+02  2.958911E+02
  2.803695E+02  2.959621E+02
  2.802985E+02  2.960394E+02
  2.786782E+02  2.975114E+02
  2.801662E+02  2.958911E+02

hb:   line clip z   cb(brown)
clip:
  1.540000E+02  3.621235E+02
  1.540547E+02  3.610000E+02
  1.552329E+02  3.610000E+02
  1.565796E+02  3.610000E+02
  1.577578E+02  3.610000E+02
  1.591045E+02  3.610000E+02
  1.602827E+02  3.610000E+02
  1.616294E+02  3.610000E+02
  1.628076E+02  3.610000E+02
  1.641542E+02  3.610000E+02
  1.653324E+02  3.610000E+02
  1.666791E+02  3.610000E+02
  1.678573E+02  3.610000E+02
  1.692040E+02  3.610000E+02
  1.703822E+02  3.610000E+02
  1.717289E+02  3.610000E+02
  1.729071E+02  3.610000E+02
  1.742537E+02  3.610000E+02
  1.754319E+02  3.610000E+02
  1.767786E+02  3.610000E+02
  1.779568E+02  3.610000E+02
  1.793035E+02  3.610000E+02
  1.804817E+02  3.610000E+02
  1.818284E+02  3.610000E+02
  1.830066E+02  3.610000E+02
  1.843532E+02  3.610000E+02
  1.855315E+02  3.610000E+02
  1.868781E+02  3.610000E+02
  1.880563E+02  3.610000E+02
  1.894030E+02  3.610000E+02
  1.905812E+02  3.610000E+02
  1.919279E+02  3.610000E+02
  1.931061E+02  3.610000E+02
  1.944527E+02  3.610000E+02
  1.956310E+02  3.610000E+02
  1.969776E+02  3.610000E+02
  1.981558E+02  3.610000E+02
  1.995025E+02  3.610000E+02
  2.006807E+02  3.610000E+02
  2.020274E+02  3.610000E+02
  2.032056E+02  3.610000E+02
  2.045522E+02  3.610000E+02
  2.057305E+02  3.610000E+02
  2.070771E+02  3.610000E+02
  2.082553E+02  3.610000E+02
  2.096020E+02  3.610000E+02
  2.107802E+02  3.610000E+02
  2.121269E+02  3.610000E+02
  2.133051E+02  3.610000E+02
  2.146517E+02  3.610000E+02
  2.158300E+02  3.610000E+02
  2.171766E+02  3.610000E+02
  2.183548E+02  3.610000E+02
  2.197015E+02  3.610000E+02
  2.208797E+02  3.610000E+02
  2.222264E+02  3.610000E+02
  2.234046E+02  3.610000E+02
  2.247512E+02  3.610000E+02
  2.259295E+02  3.610000E+02
  2.272761E+02  3.610000E+02
  2.284543E+02  3.610000E+02
  2.298010E+02  3.610000E+02
  2.309792E+02  3.610000E+02
  2.323259E+02  3.610000E+02
  2.335041E+02  3.610000E+02
  2.348507E+02  3.610000E+02
  2.360290E+02  3.610000E+02
  2.373756E+02  3.610000E+02
  2.385538E+02  3.610000E+02
  2.399005E+02  3.610000E+02
  2.410787E+02  3.610000E+02
  2.424254E+02  3.610000E+02
  2.436036E+02  3.610000E+02
  2.449502E+02  3.610000E+02
  2.461285E+02  3.610000E+02
  2.474751E+02  3.610000E+02
  2.486533E+02  3.610000E+02
  2.500000E+02  3.610000E+02
  2.511782E+02  3.610000E+02
  2.525249E+02  3.610000E+02
  2.537031E+02  3.610000E+02
  2.550498E+02  3.610000E+02
  2.562280E+02  3.610000E+02
  2.575746E+02  3.610000E+02
  2.587528E+02  3.610000E+02
  2.600995E+02  3.610000E+02
  2.612777E+02  3.610000E+02
  2.626244E+02  3.610000E+02
  2.638026E+02  3.610000E+02
  2.651493E+02  3.610000E+02
  2.663275E+02  3.610000E+02
  2.676741E+02  3.610000E+02
  2.688523E+02  3.610000E+02
  2.701990E+02  3.610000E+02
  2.713772E+02  3.610000E+02
  2.727239E+02  3.610000E+02
  2.739021E+02  3.610000E+02
  2.752488E+02  3.610000E+02
  2.764270E+02  3.610000E+02
  2.777736E+02  3.610000E+02
  2.789518E+02  3.610000E+02
  2.802985E+02  3.610000E+02
  2.814767E+02  3.610000E+02
  2.828234E+02  3.610000E+02
  2.840016E+02  3.610000E+02
  2.853483E+02  3.610000E+02
  2.865265E+02  3.610000E+02
  2.878731E+02  3.610000E+02
  2.890514E+02  3.610000E+02
  2.903980E+02  3.610000E+02
  2.915762E+02  3.610000E+02
  2.929229E+02  3.610000E+02
  2.941011E+02  3.610000E+02
  2.954478E+02  3.610000E+02
  2.966260E+02  3.610000E+02
  2.979726E+02  3.610000E+02
  2.991509E+02  3.610000E+02
  3.004975E+02  3.610000E+02
  3.016757E+02  3.610000E+02
  3.030224E+02  3.610000E+02
  3.042006E+02  3.610000E+02
  3.055473E+02  3.610000E+02
  3.067255E+02  3.610000E+02
  3.080721E+02  3.610000E+02
  3.092504E+02  3.610000E+02
  3.105970E+02  3.610000E+02
  3.117752E+02  3.610000E+02
  3.131219E+02  3.610000E+02
  3.143001E+02  3.610000E+02
  3.156468E+02  3.610000E+02
  3.168250E+02  3.610000E+02
  3.181716E+02  3.610000E+02
  3.193499E+02  3.610000E+02
  3.206965E+02  3.610000E+02
  3.218747E+02  3.610000E+02
  3.232214E+02  3.610000E+02
  3.243996E+02  3.610000E+02
  3.257463E+02  3.610000E+02
  3.269245E+02  3.610000E+02
  3.282711E+02  3.610000E+02
  3.294494E+02  3.610000E+02
  3.307960E+02  3.610000E+02
  3.319742E+02  3.610000E+02
  3.320000E+02  3.621782E+02
  3.320000E+02  3.633822E+02
  3.320000E+02  3.672772E+02
  3.320000E+02  3.684812E+02
  3.320000E+02  3.723762E+02
  3.320000E+02  3.735802E+02
  3.307960E+02  3.750000E+02
  3.281723E+02  3.750000E+02
  3.282711E+02  3.750000E+02
  3.256474E+02  3.750000E+02
  3.257463E+02  3.750000E+02
  3.231225E+02  3.750000E+02
  3.232214E+02  3.750000E+02
  3.205976E+02  3.750000E+02
  3.206965E+02  3.750000E+02
  3.180728E+02  3.750000E+02
  3.181716E+02  3.750000E+02
  3.155479E+02  3.750000E+02
  3.156468E+02  3.750000E+02
  3.130230E+02  3.750000E+02
  3.131219E+02  3.750000E+02
  3.104981E+02  3.750000E+02
  3.105970E+02  3.750000E+02
  3.079733E+02  3.750000E+02
  3.080721E+02  3.750000E+02
  3.054484E+02  3.750000E+02
  3.055473E+02  3.750000E+02
  3.029235E+02  3.750000E+02
  3.030224E+02  3.750000E+02
  3.003986E+02  3.750000E+02
  3.004975E+02  3.750000E+02
  2.978738E+02  3.750000E+02
  2.979726E+02  3.750000E+02
  2.953489E+02  3.750000E+02
  2.954478E+02  3.750000E+02
  2.928240E+02  3.750000E+02
  2.929229E+02  3.750000E+02
  2.902991E+02  3.750000E+02
  2.903980E+02  3.750000E+02
  2.877742E+02  3.750000E+02
  2.878731E+02  3.750000E+02
  2.852494E+02  3.750000E+02
  2.853483E+02  3.750000E+02
  2.827245E+02  3.750000E+02
  2.828234E+02  3.750000E+02
  2.801996E+02  3.750000E+02
  2.802985E+02  3.750000E+02
  2.776747E+02  3.750000E+02
  2.777736E+02  3.750000E+02
  2.751499E+02  3.750000E+02
  2.752488E+02  3.750000E+02
  2.726250E+02  3.750000E+02
  2.727239E+02  3.750000E+02
  2.701001E+02  3.750000E+02
  2.701990E+02  3.750000E+02
  2.675752E+02  3.750000E+02
  2.676741E+02  3.750000E+02
  2.650504E+02  3.750000E+02
  2.651493E+02  3.750000E+02
  2.625255E+02  3.750000E+02
  2.626244E+02  3.750000E+02
  2.600006E+02  3.750000E+02
  2.600995E+02  3.750000E+02
  2.574757E+02  3.750000E+02
  2.575746E+02  3.750000E+02
  2.549509E+02  3.750000E+02
  2.550498E+02  3.750000E+02
  2.524260E+02  3.750000E+02
  2.525249E+02  3.750000E+02
  2.499011E+02  3.750000E+02
  2.500000E+02  3.750000E+02
  2.473762E+02  3.750000E+02
  2.474751E+02  3.750000E+02
  2.448514E+02  3.750000E+02
  2.449502E+02  3.750000E+02
  2.423265E+02  3.750000E+02
  2.424254E+02  3.750000E+02
  2.398016E+02  3.750000E+02
  2.399005E+02  3.750000E+02
  2.372767E+02  3.750000E+02
  2.373756E+02  3.750000E+02
  2.347519E+02  3.750000E+02
  2.348507E+02  3.750000E+02
  2.322270E+02  3.750000E+02
  2.323259E+02  3.750000E+02
  2.297021E+02  3.750000E+02
  2.298010E+02  3.750000E+02
  2.271772E+02  3.750000E+02
  2.272761E+02  3.750000E+02
  2.246524E+02  3.750000E+02
  2.247512E+02  3.750000E+02
  2.221275E+02  3.750000E+02
  2.222264E+02  3.750000E+02
  2.196026E+02  3.750000E+02
  2.197015E+02  3.750000E+02
  2.170777E+02  3.750000E+02
  2.171766E+02  3.750000E+02
  2.145529E+02  3.750000E+02
  2.146517E+02  3.750000E+02
  2.120280E+02  3.750000E+02
  2.121269E+02  3.750000E+02
  2.095031E+02  3.750000E+02
  2.096020E+02  3.750000E+02
  2.069782E+02  3.750000E+02
  2.070771E+02  3.750000E+02
  2.044534E+02  3.750000E+02
  2.045522E+02  3.750000E+02
  2.019285E+02  3.750000E+02
  2.020274E+02  3.750000E+02
  1.994036E+02  3.750000E+02
  1.995025E+02  3.750000E+02
  1.968787E+02  3.750000E+02
  1.969776E+02  3.750000E+02
  1.943538E+02  3.750000E+02
  1.944527E+02  3.750000E+02
  1.918290E+02  3.750000E+02
  1.919279E+02  3.750000E+02
  1.893041E+02  3.750000E+02
  1.894030E+02  3.750000E+02
  1.867792E+02  3.750000E+02
  1.868781E+02  3.750000E+02
  1.842543E+02  3.750000E+02
  1.843532E+02  3.750000E+02
  1.817295E+02  3.750000E+02
  1.818284E+02  3.750000E+02
  1.792046E+02  3.750000E+02
  1.793035E+02  3.750000E+02
  1.766797E+02  3.750000E+02
  1.767786E+02  3.750000E+02
  1.741548E+02  3.750000E+02
  1.742537E+02  3.750000E+02
  1.716300E+02  3.750000E+02
  1.717289E+02  3.750000E+02
  1.691051E+02  3.750000E+02
  1.692040E+02  3.750000E+02
  1.665802E+02  3.750000E+02
  1.666791E+02  3.750000E+02
  1.640553E+02  3.750000E+02
  1.641542E+02  3.750000E+02
  1.615305E+02  3.750000E+02
  1.616294E+02  3.750000E+02
  1.590056E+02  3.750000E+02
  1.591045E+02  3.750000E+02
  1.564807E+02  3.750000E+02
  1.565796E+02  3.750000E+02
  1.540000E+02  3.749558E+02
  1.540000E+02  3.621782E+02
