[ T-Deposit ]
    title = selected organ doses in Gy/source
     mesh =  reg            # mesh type is region-wise
      reg = 100 101 ( 200 201 ) ( { 300 - 347 } ) 601 ( { 604 - 606 } )
   volume                   # combined, lattice or level structure 
   non     reg      vol     # reg definition
    1      100   2.1595E+03 # 100
    2      101   2.4672E+03 # 101
    3  1000001   8.1061E+02 # ( 200 201 )
    4  1000002   7.1064E+02 # ( { 300 - 347 } )
    5      601   1.3751E+03 # 601
    6  1000003   2.2932E+02 # ( { 604 - 606 } )
     unit =    0            # unit is [Gy/source]
   letmat =    0            # (D=0) mat ID for LET, 0:real mat, <0: electron for H2O
  dedxfnc =    0            # (D=0) user defined multiplier, 0(no), 1, 2
 material =  all            # (D=all) number of specific material
   output =  dose           # total deposit energy
  deposit =    0            # (D=0) 0-> total deposit dist, 1-> each process
     axis =   reg           # axis of output
     file = organ_deposit_photon.out  # file name of output for the above axis
     part =  photon   
# kf/name :  22       
   epsout =    1            # (D=0) generate eps file by ANGEL
#    used :        main (  %)        temp (  %)       total (  %)
#  memory :          75 (  0)           0 (  0)          75 (  0)

#------------------------------------------------------------------------------
#newpage:
#   no. =  1

x: Serial Num. of Region
y: Dose [Gy/source]      
p: xlin ylog afac(0.8) form(0.9)
h:   x      n     n          y(photon  ),l3   n   
#  num    reg     volume     photon      r.err 
    1     100   2.1595E+03   3.8295E-15  0.0876
    2     101   2.4672E+03   6.6504E-15  0.0669
    3 1000001   8.1061E+02   4.7818E-15  0.1176
    4 1000002   7.1064E+02   3.5826E-15  0.0921
    5     601   1.3751E+03   4.5861E-15  0.1055
    6 1000003   2.2932E+02   6.0008E-15  0.0764

'no. =  1'
msuc: {\huge selected organ doses in Gy/source}
msdr: {\it plotted by \ANGEL \version}
msdl: {\it calculated by \PHITS  3.28}
 
# Information for Restart Calculation
# This calculation was newly started
# istdev =  2 # 1:Batch variance, 2:History variance
# resc2  = 4.50391271126162565E+02 # Total source weight or Total source weight / maxcas
# resc3  = 1.00000000000000000E+06 # Total history number or Total batch number
# maxcas =      100000 # History / Batch, only used for istdev=1
# bitrseed = 0101101000001110011101111011110101001001010001111010111000101101 # bit data of rseed
