           _________________________________________________________
          |                                                         |
          |       _/_/_/_/                                          |
          |      _/      _/                  _/_/_/_/_/_/           |
          |     _/      _/  _/      _/   _/      _/      _/_/_/_/_/ |
          |    _/_/_/_/    _/      _/   _/      _/      _/          |
          |   _/          _/_/_/_/_/   _/      _/       _/_/_/_/    |
          |  _/          _/      _/   _/      _/              _/    |
          | _/          _/      _/   _/      _/      _/_/_/_/_/     |
          |                                                         |
          |                                                         |
          |       Particle and Heavy Ion Transport code System      |
          |                      Version =  3.280                   |
          |                       developed by                      |
          |                                                         |
          |  Tatsuhiko SATO, Yosuke IWAMOTO, Shintaro HASHIMOTO,    |
          |    Tatsuhiko OGAWA, Takuya FURUTA, Shinichiro ABE,      |
          |    Takeshi KAI, Norihiro MATSUDA, Yusuke MATSUYA,       |
          | Yuho HIRATA, Lan YAO, Pi-En TSAI, Hunter RATLIFF (JAEA),|
          |                                                         |
          |            Hiroshi IWASE, Yasuhito SAKAKI (KEK),        |
          |                                                         |
          |           Nobuhiro SHIGYO (Kyushu University),          |
          |                                                         |
          |      Lembit SIHVER (Technische Universitat Wien), and   |
          |                                                         |
          |                     Koji NIITA (RIST)                   |
          |                                                         |
          |                 Last Revised  2022-05-09                |
          |_________________________________________________________|

                     _________ [ Job Title ] ________ 
                    |                                |
                    |  generated by PHITS RAPTOR-AI  |
                    |________________________________|

                        Starting Date = 2024-07-25
                        Starting Time = 07h 15m 38

>>> Input Echo >>>=============================================================

[ Title ]
generated by PHITS RAPTOR-AI

[ Parameters ]
 icntl    =           0     # (D=0) 3:ECH 5:NOR 6:SRC 7,8:GSH 11:DSH 12:DUMP
 maxcas   =      100000     # (D=10) number of particles per one batch
 maxbch   =          10     # (D=10) number of batches
 ireschk  =           1     # (D=0) Restart, 0:Check consistency, 1:No check
 ih2o     =  69.0000000     # (D=-1) Ion.Pot.for H2O, <0:75, >0 IP eV
 file(6)  = phits.out       # (D=phits.out) general output file name

[ Source ]
  totfact =   1.0000        # (D=1.0) global factor
$ totfact =   2220.3        # revised global factor by e-type = 25,26,28 or 29
   s-type =   9             # spherical source
     proj =  photon         # kind of incident particle         
       x0 =   400.00        # (D=0.0) center position of x-axis [cm]
       y0 =   499.00        # (D=0.0) center position of y-axis [cm]
       z0 =   10.000        # (D=0.0) center position of z-axis [cm]
       r1 =  1.00000E-10    # inner radius [cm]
       r2 =  1.00000E-10    # outer radius [cm]
      dir =   all           # direction of beam [isotropic]
     norm =   0             # (D=0) normalization factor =0:(/sec) =1:(/source)
    dtime =  -1.00000E+01   # (D=-10.0) cooling time: sec(+) or half_life(-)
$   dtime =   0.0000        # if you want to use like e-type = 22 dtime must be 0.0
   actlow =   1.00000E-10   # lower limit of activity (Bq)
 icharctx =   0             # (D=0) =0 with, 1 w/o, or 2 only character X-rays
   iannih =   0             # (D=0) =0 with, or 1 w/o annihilation photons
   e-type =  28             # RI source
       ni =   1             # number of registered nuclide
                            #  data = ( nuclide(i), activity(i), i = 1, ni )
    Cs-137   1.00000E+03    # (Bq)
                            # ->  1.00000E+03 (Bq), half life:  30.16710002 (year)
$   X-rays (X)
$   Energy (MeV/n)             Activity (Bq) X Yield (abs.)
$      Lower        Upper
$   1.58399E-05  1.58399E-05   1.00000E+03*2.77693E-16
$   1.85999E-05  1.85999E-05   1.00000E+03*4.45808E-06
$   1.08844E-04  1.08844E-04   1.00000E+03*5.21835E-11
$   3.30500E-04  3.30500E-04   1.00000E+03*9.46744E-13
$   3.86901E-04  3.86901E-04   1.00000E+03*1.05582E-14
$   6.86655E-04  6.86655E-04   1.00000E+03*2.02527E-09
$   7.17401E-04  7.17401E-04   1.00000E+03*2.12460E-11
$   3.97001E-03  3.97001E-03   1.00000E+03*1.46861E-09
$   4.11121E-03  4.11121E-03   1.00000E+03*8.42158E-12
$   4.18639E-03  4.18639E-03   1.00000E+03*7.81789E-12
$   4.35689E-03  4.35689E-03   1.00000E+03*4.15997E-10
$   4.43676E-03  4.43676E-03   1.00000E+03*1.59528E-09
$   4.45292E-03  4.45292E-03   1.00000E+03*1.41310E-08
$   4.57329E-03  4.57329E-03   1.00000E+03*6.38578E-12
$   4.82366E-03  4.82366E-03   1.00000E+03*8.36030E-09
$   4.82860E-03  4.82860E-03   1.00000E+03*7.46957E-10
$   4.90381E-03  4.90381E-03   1.00000E+03*1.15598E-09
$   4.98704E-03  4.98704E-03   1.00000E+03*1.41458E-10
$   5.03920E-03  5.03920E-03   1.00000E+03*8.56183E-13
$   5.05505E-03  5.05505E-03   1.00000E+03*8.24626E-13
$   5.14124E-03  5.14124E-03   1.00000E+03*2.50053E-10
$   5.14394E-03  5.14394E-03   1.00000E+03*2.23448E-09
$   5.15417E-03  5.15417E-03   1.00000E+03*1.20155E-11
$   5.17031E-03  5.17031E-03   1.00000E+03*1.79501E-11
$   5.20501E-03  5.20501E-03   1.00000E+03*2.21183E-11
$   5.21911E-03  5.21911E-03   1.00000E+03*1.26052E-13
$   5.22140E-03  5.22140E-03   1.00000E+03*1.19896E-13
$   5.37394E-03  5.37394E-03   1.00000E+03*6.35774E-11
$   5.44193E-03  5.44193E-03   1.00000E+03*9.13574E-13
$   5.52814E-03  5.52814E-03   1.00000E+03*1.35016E-09
$   5.59191E-03  5.59191E-03   1.00000E+03*8.58630E-12
$   5.60829E-03  5.60829E-03   1.00000E+03*1.33545E-13
$   5.75658E-03  5.75658E-03   1.00000E+03*1.67854E-10
$   5.77244E-03  5.77244E-03   1.00000E+03*2.67992E-10
$   5.85863E-03  5.85863E-03   1.00000E+03*1.56212E-12
$   5.86135E-03  5.86135E-03   1.00000E+03*2.38434E-12
$   5.93650E-03  5.93650E-03   1.00000E+03*2.48613E-11
$   5.93880E-03  5.93880E-03   1.00000E+03*3.91548E-11
$   3.18187E-02  3.18187E-02   1.00000E+03*7.41634E-08
$   3.22056E-02  3.22056E-02   1.00000E+03*1.36563E-07
$   3.63167E-02  3.63167E-02   1.00000E+03*1.30518E-08
$   3.63920E-02  3.63920E-02   1.00000E+03*2.52893E-08
$   3.66424E-02  3.66424E-02   1.00000E+03*1.41549E-10
$   3.66586E-02  3.66586E-02   1.00000E+03*1.92128E-10
$   3.72447E-02  3.72447E-02   1.00000E+03*2.75740E-09
$   3.72607E-02  3.72607E-02   1.00000E+03*5.37158E-09
$   3.73469E-02  3.73469E-02   1.00000E+03*2.87570E-11
$   3.73496E-02  3.73496E-02   1.00000E+03*3.90010E-11
$   3.74247E-02  3.74247E-02   1.00000E+03*3.86890E-10
$   3.74270E-02  3.74270E-02   1.00000E+03*7.42063E-10
$   Gamma-rays (G)
$   Energy (MeV/n)             Activity (Bq) X Yield (abs.)
$      Lower        Upper
$   2.83500E-01  2.83500E-01   1.00000E+03*5.80000E-06
$   Ba-137m  0.00000E+00    # daughter
                            # ->  9.43990E+02 (Bq), half life:   2.55200000 (min.)
$   X-rays (X)
$   Energy (MeV/n)             Activity (Bq) X Yield (abs.)
$      Lower        Upper
$   1.58399E-05  1.58399E-05   9.43990E+02*8.52443E-11
$   1.86004E-05  1.86004E-05   9.43990E+02*1.36870E+00
$   1.08864E-04  1.08864E-04   9.43990E+02*1.60637E-05
$   3.30500E-04  3.30500E-04   9.43990E+02*3.12305E-07
$   3.86901E-04  3.86901E-04   9.43990E+02*3.23478E-09
$   6.86954E-04  6.86954E-04   9.43990E+02*6.20310E-04
$   7.17401E-04  7.17401E-04   9.43990E+02*7.00847E-06
$   3.97001E-03  3.97001E-03   9.43990E+02*4.44400E-04
$   4.11121E-03  4.11121E-03   9.43990E+02*2.54836E-06
$   4.18639E-03  4.18639E-03   9.43990E+02*2.36569E-06
$   4.35689E-03  4.35689E-03   9.43990E+02*1.27451E-04
$   4.43676E-03  4.43676E-03   9.43990E+02*4.82732E-04
$   4.45292E-03  4.45292E-03   9.43990E+02*4.27601E-03
$   4.57329E-03  4.57329E-03   9.43990E+02*1.95645E-06
$   4.82366E-03  4.82366E-03   9.43990E+02*2.56139E-03
$   4.82860E-03  4.82860E-03   9.43990E+02*2.46401E-04
$   4.90381E-03  4.90381E-03   9.43990E+02*3.81327E-04
$   4.98704E-03  4.98704E-03   9.43990E+02*4.28051E-05
$   5.03920E-03  5.03920E-03   9.43990E+02*2.59080E-07
$   5.05505E-03  5.05505E-03   9.43990E+02*2.49531E-07
$   5.14124E-03  5.14124E-03   9.43990E+02*7.56659E-05
$   5.14394E-03  5.14394E-03   9.43990E+02*6.76151E-04
$   5.15417E-03  5.15417E-03   9.43990E+02*3.96359E-06
$   5.17030E-03  5.17030E-03   9.43990E+02*5.92125E-06
$   5.20501E-03  5.20501E-03   9.43990E+02*6.69298E-06
$   5.21911E-03  5.21911E-03   9.43990E+02*3.81433E-08
$   5.22140E-03  5.22140E-03   9.43990E+02*3.62803E-08
$   5.37394E-03  5.37394E-03   9.43990E+02*1.94785E-05
$   5.44193E-03  5.44193E-03   9.43990E+02*2.79897E-07
$   5.52814E-03  5.52814E-03   9.43990E+02*4.13657E-04
$   5.59191E-03  5.59191E-03   9.43990E+02*2.63063E-06
$   5.60829E-03  5.60829E-03   9.43990E+02*4.09150E-08
$   5.75658E-03  5.75658E-03   9.43990E+02*5.53706E-05
$   5.77244E-03  5.77244E-03   9.43990E+02*8.84033E-05
$   5.85863E-03  5.85863E-03   9.43990E+02*5.15303E-07
$   5.86135E-03  5.86135E-03   9.43990E+02*7.86529E-07
$   5.93650E-03  5.93650E-03   9.43990E+02*8.20106E-06
$   5.93880E-03  5.93880E-03   9.43990E+02*1.29161E-05
$   3.18187E-02  3.18187E-02   9.43990E+02*2.15960E-02
$   3.22056E-02  3.22056E-02   9.43990E+02*3.97665E-02
$   3.63167E-02  3.63167E-02   9.43990E+02*3.80062E-03
$   3.63920E-02  3.63920E-02   9.43990E+02*7.36411E-03
$   3.66424E-02  3.66424E-02   9.43990E+02*4.12184E-05
$   3.66586E-02  3.66586E-02   9.43990E+02*5.59465E-05
$   3.72447E-02  3.72447E-02   9.43990E+02*8.02939E-04
$   3.72607E-02  3.72607E-02   9.43990E+02*1.56417E-03
$   3.73469E-02  3.73469E-02   9.43990E+02*8.37388E-06
$   3.73496E-02  3.73496E-02   9.43990E+02*1.13569E-05
$   3.74247E-02  3.74247E-02   9.43990E+02*1.12660E-04
$   3.74270E-02  3.74270E-02   9.43990E+02*2.16085E-04
$   Gamma-rays (G)
$   Energy (MeV/n)             Activity (Bq) X Yield (abs.)
$      Lower        Upper
$   6.61657E-01  6.61657E-01   9.43990E+02*8.97393E-01
$   Ba-137                  # Stable nuclide
$      ne =   56            # number of energy and weight
                            #  data = ( emin(i), emax(i), w(i), i = 1, ne )
$  1.58399E-05  1.58399E-05  8.04701E-08  1.85999E-05  1.85999E-05  4.45808E-03
$  1.86004E-05  1.86004E-05  1.29204E+03  1.08844E-04  1.08844E-04  5.21835E-08
$  1.08864E-04  1.08864E-04  1.51640E-02  3.30500E-04  3.30500E-04  2.94814E-04
$  3.86901E-04  3.86901E-04  3.05361E-06  6.86655E-04  6.86655E-04  2.02527E-06
$  6.86954E-04  6.86954E-04  5.85567E-01  7.17401E-04  7.17401E-04  6.61595E-03
$  3.97001E-03  3.97001E-03  4.19511E-01  4.11121E-03  4.11121E-03  2.40564E-03
$  4.18639E-03  4.18639E-03  2.23320E-03  4.35689E-03  4.35689E-03  1.20313E-01
$  4.43676E-03  4.43676E-03  4.55696E-01  4.45292E-03  4.45292E-03  4.03653E+00
$  4.57329E-03  4.57329E-03  1.84688E-03  4.82366E-03  4.82366E-03  2.41794E+00
$  4.82860E-03  4.82860E-03  2.32601E-01  4.90381E-03  4.90381E-03  3.59970E-01
$  4.98704E-03  4.98704E-03  4.04077E-02  5.03920E-03  5.03920E-03  2.44570E-04
$  5.05505E-03  5.05505E-03  2.35556E-04  5.14124E-03  5.14124E-03  7.14281E-02
$  5.14394E-03  5.14394E-03  6.38282E-01  5.15417E-03  5.15417E-03  3.74160E-03
$  5.17030E-03  5.17030E-03  5.58960E-03  5.17031E-03  5.17031E-03  1.79501E-08
$  5.20501E-03  5.20501E-03  6.31813E-03  5.21911E-03  5.21911E-03  3.60070E-05
$  5.22140E-03  5.22140E-03  3.42484E-05  5.37394E-03  5.37394E-03  1.83876E-02
$  5.44193E-03  5.44193E-03  2.64221E-04  5.52814E-03  5.52814E-03  3.90489E-01
$  5.59191E-03  5.59191E-03  2.48330E-03  5.60829E-03  5.60829E-03  3.86235E-05
$  5.75658E-03  5.75658E-03  5.22695E-02  5.77244E-03  5.77244E-03  8.34521E-02
$  5.85863E-03  5.85863E-03  4.86443E-04  5.86135E-03  5.86135E-03  7.42478E-04
$  5.93650E-03  5.93650E-03  7.74174E-03  5.93880E-03  5.93880E-03  1.21927E-02
$  3.18187E-02  3.18187E-02  2.03865E+01  3.22056E-02  3.22056E-02  3.75393E+01
$  3.63167E-02  3.63167E-02  3.58776E+00  3.63920E-02  3.63920E-02  6.95167E+00
$  3.66424E-02  3.66424E-02  3.89099E-02  3.66586E-02  3.66586E-02  5.28131E-02
$  3.72447E-02  3.72447E-02  7.57969E-01  3.72607E-02  3.72607E-02  1.47657E+00
$  3.73469E-02  3.73469E-02  7.90489E-03  3.73496E-02  3.73496E-02  1.07208E-02
$  3.74247E-02  3.74247E-02  1.06350E-01  3.74270E-02  3.74270E-02  2.03983E-01
$  2.83500E-01  2.83500E-01  5.80000E-03  6.61657E-01  6.61657E-01  8.47130E+02

[ Material ]
MAT[ 1 ] 
            H        -1.0500000E+01
            C        -2.5600000E+01
            N        -2.7000000E+00
            O        -6.0200000E+01
           Na        -1.0000000E-01
            P        -2.0000000E-01
            S        -3.0000000E-01
           Cl        -2.0000000E-01
            K        -2.0000000E-01
MAT[ 2 ] 
            H        -1.0400000E+01
            C        -1.3900000E+01
            N        -2.9000000E+00
            O        -7.1800000E+01
           Na        -1.0000000E-01
            P        -2.0000000E-01
            S        -2.0000000E-01
           Cl        -2.0000000E-01
            K        -3.0000000E-01
MAT[ 3 ] 
            H        -1.0200000E+01
            C        -1.1000000E+01
            N        -3.3000000E+00
            O        -7.4500000E+01
           Na        -1.0000000E-01
            P        -1.0000000E-01
            S        -2.0000000E-01
           Cl        -3.0000000E-01
            K        -2.0000000E-01
           Fe        -1.0000000E-01
MAT[ 4 ] 
            H        -1.0300000E+01
            C        -1.0500000E+01
            N        -3.1000000E+00
            O        -7.4900000E+01
           Na        -2.0000000E-01
            P        -2.0000000E-01
            S        -3.0000000E-01
           Cl        -3.0000000E-01
            K        -2.0000000E-01
MAT[ 5 ] 
            H        -1.0700000E+01
            C        -1.4500000E+01
            N        -2.2000000E+00
            O        -7.1200000E+01
           Na        -2.0000000E-01
            P        -4.0000000E-01
            S        -2.0000000E-01
           Cl        -3.0000000E-01
            K        -3.0000000E-01
MAT[ 6 ] 
            H        -1.0000000E+01
            C        -2.0400000E+01
            O        -6.4500000E+01
           Na        -2.0000000E-01
            P        -1.0000000E-01
            S        -2.0000000E-01
           Cl        -3.0000000E-01
            K        -1.0000000E-01
MAT[ 7 ] 
            H        -5.0000000E+00
            C        -2.1200000E+01
            N        -4.0000000E+00
            O        -4.3500000E+01
           Na        -1.0000000E-01
           Mg        -2.0000000E-01
            P        -8.1000000E+00
            S        -3.0000000E-01
           Ca        -1.7600000E+01
MAT[ 8 ] 
            H        -7.0000000E+00
            C        -3.4500000E+01
            N        -2.8000000E+00
            O        -3.6800000E+01
           Na        -1.0000000E-01
           Mg        -1.0000000E-01
            P        -5.5000000E+00
            S        -2.0000000E-01
           Cl        -1.0000000E-01
           Ca        -1.2900000E+01
MAT[ 9 ] 
            H        -6.0000000E+00
            C        -3.1400000E+01
            N        -3.1000000E+00
            O        -3.6900000E+01
           Na        -1.0000000E-01
           Mg        -1.0000000E-01
            P        -7.0000000E+00
            S        -2.0000000E-01
           Ca        -1.5200000E+01
MAT[ 10 ] 
            H        -4.6000000E+00
            C        -1.9900000E+01
            N        -4.1000000E+00
            O        -4.3500000E+01
           Na        -1.0000000E-01
           Mg        -2.0000000E-01
            P        -8.6000000E+00
            S        -3.0000000E-01
           Ca        -1.8700000E+01
MAT[ 11 ] 
            H        -6.4000000E+00
            C        -2.6300000E+01
            N        -3.9000000E+00
            O        -4.3600000E+01
           Na        -1.0000000E-01
           Mg        -1.0000000E-01
            P        -6.0000000E+00
            S        -3.0000000E-01
           Cl        -1.0000000E-01
            K        -1.0000000E-01
           Ca        -1.3100000E+01
MAT[ 12 ] 
            H        -5.6000000E+00
            C        -2.3500000E+01
            N        -4.0000000E+00
            O        -4.3400000E+01
           Na        -1.0000000E-01
           Mg        -1.0000000E-01
            P        -7.2000000E+00
            S        -3.0000000E-01
           Cl        -1.0000000E-01
            K        -1.0000000E-01
           Ca        -1.5600000E+01
MAT[ 13 ] 
            H        -6.3000000E+00
            C        -2.6100000E+01
            N        -3.9000000E+00
            O        -4.3600000E+01
           Na        -1.0000000E-01
           Mg        -1.0000000E-01
            P        -6.1000000E+00
            S        -3.0000000E-01
           Cl        -1.0000000E-01
            K        -1.0000000E-01
           Ca        -1.3300000E+01
MAT[ 14 ] 
            H        -7.0000000E+00
            C        -2.8700000E+01
            N        -3.8000000E+00
            O        -4.3700000E+01
           Mg        -1.0000000E-01
            P        -5.1000000E+00
            S        -2.0000000E-01
           Cl        -1.0000000E-01
            K        -1.0000000E-01
           Ca        -1.1100000E+01
MAT[ 15 ] 
            H        -9.6000000E+00
            C        -9.9000000E+00
            N        -2.2000000E+00
            O        -7.4400000E+01
           Na        -5.0000000E-01
            P        -2.2000000E+00
            S        -9.0000000E-01
           Cl        -3.0000000E-01
MAT[ 16 ] 
            C        -1.2400000E-04
            N        -7.5526700E-01
            O        -2.3178100E-01
           Ar        -1.2827000E-02
MAT[ 18 ] 
           1H        -2.2095000E-02
           2H        -5.0000000E-06
            C        -2.4840000E-03
          16O        -5.7337300E-01
         23Na        -1.5208000E-02
           Mg        -1.2660000E-03
         27Al        -1.9953000E-02
         28Si        -2.7987200E-01
         29Si        -1.4719000E-02
         30Si        -1.0036000E-02
            K        -1.0045000E-02
           Ca        -4.2951000E-02
         54Fe        -3.6300000E-04
         56Fe        -5.9140000E-03
         57Fe        -1.3900000E-04
         58Fe        -1.9000000E-05

[ Cell ]
 1990       -1                 1990 
 100         4 -2.6000000E-01  -100 -101 102 200 
 101         4 -2.6000000E-01  -110 111 112 200 
 200         2 -1.0500000E+00  -210 211 
 201         3 -1.0600000E+00  -211 
 300        15 -1.1000000E+00  -300 301 -302 
 301        14 -1.3300000E+00  -300 302 -303 
 302        15 -1.1000000E+00  -300 303 -304 
 303        14 -1.3300000E+00  -300 304 -305 
 304        15 -1.1000000E+00  -300 305 -306 
 305        14 -1.3300000E+00  -300 306 -307 
 306        15 -1.1000000E+00  -300 307 -308 
 307        14 -1.3300000E+00  -300 308 -309 
 308        15 -1.1000000E+00  -300 309 -310 
 309        14 -1.3300000E+00  -300 310 -311 
 310        15 -1.1000000E+00  -300 311 -312 
 311        14 -1.3300000E+00  -300 312 -313 
 312        15 -1.1000000E+00  -300 313 -314 
 313        14 -1.3300000E+00  -300 314 -315 
 314        15 -1.1000000E+00  -300 315 -316 
 315        14 -1.3300000E+00  -300 316 -317 
 316        15 -1.1000000E+00  -300 317 -318 
 317        14 -1.3300000E+00  -300 318 -319 
 318        15 -1.1000000E+00  -300 319 -320 
 319        14 -1.3300000E+00  -300 320 -321 
 320        15 -1.1000000E+00  -300 321 -322 
 321        14 -1.3300000E+00  -300 322 -323 
 322        15 -1.1000000E+00  -300 323 -324 
 323        14 -1.3300000E+00  -300 324 -325 
 324        15 -1.1000000E+00  -300 325 -326 
 325        14 -1.3300000E+00  -300 326 -327 
 326        15 -1.1000000E+00  -300 327 -328 
 327        14 -1.3300000E+00  -300 328 -329 
 328        15 -1.1000000E+00  -300 329 -330 
 329        14 -1.3300000E+00  -300 330 -331 
 330        15 -1.1000000E+00  -300 331 -332 
 331        14 -1.3300000E+00  -300 332 -333 
 332        15 -1.1000000E+00  -300 333 -334 
 333        14 -1.3300000E+00  -300 334 -335 
 334        15 -1.1000000E+00  -300 335 -336 
 335        13 -1.4200000E+00  -300 336 -337 
 336        15 -1.1000000E+00  -300 337 -338 
 337        13 -1.4200000E+00  -300 338 -339 
 338        15 -1.1000000E+00  -300 339 -340 
 339        13 -1.4200000E+00  -300 340 -341 
 340        15 -1.1000000E+00  -300 341 -342 
 341        13 -1.4200000E+00  -300 342 -343 
 342        15 -1.1000000E+00  -300 343 -344 
 343        13 -1.4200000E+00  -300 344 -345 
 344        15 -1.1000000E+00  -300 345 -346 
 345        13 -1.4200000E+00  -300 346 -347 
 346        15 -1.1000000E+00  -300 347 -348 
 347        13 -1.4200000E+00  -300 348 -349 
 400        12 -1.5200000E+00  300 400 -401 402 -313 -480 
 401        12 -1.5200000E+00  300 403 -404 405 -315 -490 
 402        12 -1.5200000E+00  300 406 -407 408 -317 
 403        11 -1.4100000E+00  300 409 -410 411 -319 
 404        11 -1.4100000E+00  300 412 -413 414 -321 
 405        11 -1.4100000E+00  300 415 -416 417 -323 
 406        11 -1.4100000E+00  300 418 -419 420 -325 
 407        11 -1.4100000E+00  300 421 -422 423 -327 
 408        11 -1.4100000E+00  300 424 -425 426 -329 
 409        11 -1.4100000E+00  300 427 -428 429 -331 
 410        11 -1.4100000E+00  300 430 -431 432 -333 
 411        11 -1.4100000E+00  300 433 -434 435 -335 
 450        11 -1.4100000E+00  -450 451 452 -453 454 -455 456 #404 #405
                              #406 #407 #408 #409 #410 #411 
 500         1 -1.0300000E+00  -500 #335 #336 #337 #338 #339 #340 #341
                              #342 #343 #344 #345 #346 #347 
 501         6 -1.0900000E+00  500 -501 
 600         7 -1.6100000E+00  600 -601 
 601         5 -1.0400000E+00  -600 
 602        10 -1.6800000E+00  602 -603 -605 604 606 #600 
 603         1 -1.0300000E+00  -603 -605 604 #600 #601 #602 #344 #345
                              #346 #347 
 604         6 -1.0900000E+00  -608 601 605 
 605         6 -1.0900000E+00  -609 603 604 -605 
 606         6 -1.0900000E+00  -609 -604 610 #344 #345 #346 #347 #500
                              #501 
 700         1 -1.0300000E+00  -700 702 
 701         1 -1.0300000E+00  -701 703 
 702         9 -1.4600000E+00  -702 
 703         9 -1.4600000E+00  -703 
 704         1 -1.0300000E+00  -704 706 
 705         1 -1.0300000E+00  -705 707 
 706         9 -1.4600000E+00  -706 
 707         9 -1.4600000E+00  -707 
 708         6 -1.0900000E+00  700 -708 
 709         6 -1.0900000E+00  704 -709 
 710         6 -1.0900000E+00  701 -710 
 711         6 -1.0900000E+00  705 -711 
 800         1 -1.0300000E+00  -800 802 
 801         1 -1.0300000E+00  -801 803 
 802         8 -1.3300000E+00  -802 
 803         8 -1.3300000E+00  -803 
 804         1 -1.0300000E+00  -804 806 
 805         1 -1.0300000E+00  -805 807 
 806         8 -1.3300000E+00  -806 
 807         8 -1.3300000E+00  -807 
 808         6 -1.0900000E+00  800 -808 
 809         6 -1.0900000E+00  804 -809 
 810         6 -1.0900000E+00  801 -810 
 811         6 -1.0900000E+00  805 -811 
 900         1 -1.0300000E+00  -900 901 -902 #100 #101 #200 #201 #300
                              #301 #302 #303 #304 #305 #306 #307 #308
                              #309 #310 #311 #312 #313 #314 #315 #316
                              #317 #318 #319 #320 #321 #322 #323 #324
                              #325 #326 #327 #328 #329 #330 #331 #332
                              #333 #334 #335 #336 #337 #338 #339 #340
                              #341 #342 #343 #344 #345 #346 #347 #400
                              #401 #402 #403 #404 #405 #406 #407 #408
                              #409 #410 #411 #450 
 901         6 -1.0900000E+00  900 -903 901 -902 
 902         6 -1.0900000E+00  -903 904 -901 #801 #803 #805 #807 #810
                              #811 
 903         6 -1.0900000E+00  -903 902 -905 #344 #345 #346 #347 #500
                              #501 
 910        18 -2.4000000E+00  -910 
 1991       16 -1.2900000E-03  -1990 #100 #101 #200 #201 #300 #301 #302
                              #303 #304 #305 #306 #307 #308 #309 #310
                              #311 #312 #313 #314 #315 #316 #317 #318
                              #319 #320 #321 #322 #323 #324 #325 #326
                              #327 #328 #329 #330 #331 #332 #333 #334
                              #335 #336 #337 #338 #339 #340 #341 #342
                              #343 #344 #345 #346 #347 #400 #401 #402
                              #403 #404 #405 #406 #407 #408 #409 #410
                              #411 #450 #500 #501 #600 #601 #602 #603
                              #604 #605 #606 #700 #701 #702 #703 #704
                              #705 #706 #707 #708 #709 #710 #711 #800
                              #801 #802 #803 #804 #805 #806 #807 #808
                              #809 #810 #811 #900 #901 #902 #903 #910 

[ Surface ]
 100           sq    4.4444400E-03  2.0408160E-02  1.7204260E-03
                     0.0000000E+00  0.0000000E+00  0.0000000E+00
                    -1.0000000E+00  2.4350000E+02  3.9450000E+02
                     2.1790845E+01
 101           px    2.4350000E+02
 102           pz    2.1790845E+01
 110           sq    4.4444400E-03  2.0408160E-02  1.7844770E-03
                     0.0000000E+00  0.0000000E+00  0.0000000E+00
                    -1.0000000E+00  2.4750000E+02  3.9450000E+02
                     2.2227476E+01
 111           px    2.4750000E+02
 112           pz    2.2227476E+01
 200           s     2.4350000E+02  3.9450000E+02  3.1500000E+01
                     5.8000000E+00
 210           s     2.4350000E+02  3.9450000E+02  3.1500000E+01
                     5.7480000E+00
 211           s     2.4350000E+02  3.9450000E+02  3.1500000E+01
                     4.8610000E+00
 300           c/z   2.4550000E+02  3.8570000E+02  2.0000000E+00
 301           pz    0.0000000E+00
 302           pz    4.0000000E-01
 303           pz    2.7000000E+00
 304           pz    3.1000000E+00
 305           pz    5.4000000E+00
 306           pz    5.8000000E+00
 307           pz    8.1000000E+00
 308           pz    8.5000000E+00
 309           pz    1.0800000E+01
 310           pz    1.1200000E+01
 311           pz    1.3500000E+01
 312           pz    1.3900000E+01
 313           pz    1.6200000E+01
 314           pz    1.6600000E+01
 315           pz    1.8900000E+01
 316           pz    1.9300000E+01
 317           pz    2.1600000E+01
 318           pz    2.2000000E+01
 319           pz    2.4300000E+01
 320           pz    2.4700000E+01
 321           pz    2.7000000E+01
 322           pz    2.7400000E+01
 323           pz    2.9700000E+01
 324           pz    3.0100000E+01
 325           pz    3.2400000E+01
 326           pz    3.2800000E+01
 327           pz    3.5100000E+01
 328           pz    3.5500000E+01
 329           pz    3.7800000E+01
 330           pz    3.8200000E+01
 331           pz    4.0500000E+01
 332           pz    4.0900000E+01
 333           pz    4.3200000E+01
 334           pz    4.3600000E+01
 335           pz    4.5900000E+01
 336           pz    4.6100000E+01
 337           pz    4.7900000E+01
 338           pz    4.8100000E+01
 339           pz    4.9900000E+01
 340           pz    5.0100000E+01
 341           pz    5.1900000E+01
 342           pz    5.2100000E+01
 343           pz    5.3900000E+01
 344           pz    5.4100000E+01
 345           pz    5.5900000E+01
 346           pz    5.6100000E+01
 347           pz    5.7900000E+01
 348           pz    5.8100000E+01
 349           pz    5.9900000E+01
 400           sq    3.0864200E-03  1.0519395E-02  0.0000000E+00
                     0.0000000E+00  0.0000000E+00  0.0000000E+00
                    -1.0000000E+00  2.4550000E+02  3.9409000E+02
                     0.0000000E+00
 401           sq    2.8781150E-03  9.2633680E-03  0.0000000E+00
                     0.0000000E+00  0.0000000E+00  0.0000000E+00
                    -1.0000000E+00  2.4550000E+02  3.9409000E+02
                     0.0000000E+00
 402           pz    1.5000000E+01
 480           py    3.9150000E+02
 403           sq    3.0864200E-03  1.0519395E-02  0.0000000E+00
                     0.0000000E+00  0.0000000E+00  0.0000000E+00
                    -1.0000000E+00  2.4550000E+02  3.9409000E+02
                     0.0000000E+00
 404           sq    2.8781150E-03  9.2633680E-03  0.0000000E+00
                     0.0000000E+00  0.0000000E+00  0.0000000E+00
                    -1.0000000E+00  2.4550000E+02  3.9409000E+02
                     0.0000000E+00
 405           pz    1.7700000E+01
 490           py    3.9405000E+02
 406           sq    3.0864200E-03  1.0519395E-02  0.0000000E+00
                     0.0000000E+00  0.0000000E+00  0.0000000E+00
                    -1.0000000E+00  2.4550000E+02  3.9409000E+02
                     0.0000000E+00
 407           sq    2.8781150E-03  9.2633680E-03  0.0000000E+00
                     0.0000000E+00  0.0000000E+00  0.0000000E+00
                    -1.0000000E+00  2.4550000E+02  3.9409000E+02
                     0.0000000E+00
 408           pz    2.0400000E+01
 409           sq    3.1219450E-03  1.0562685E-02  0.0000000E+00
                     0.0000000E+00  0.0000000E+00  0.0000000E+00
                    -1.0000000E+00  2.4550000E+02  3.9407000E+02
                     0.0000000E+00
 410           sq    2.9100960E-03  9.2991340E-03  0.0000000E+00
                     0.0000000E+00  0.0000000E+00  0.0000000E+00
                    -1.0000000E+00  2.4550000E+02  3.9407000E+02
                     0.0000000E+00
 411           pz    2.3100000E+01
 412           sq    3.2336810E-03  1.0794400E-02  0.0000000E+00
                     0.0000000E+00  0.0000000E+00  0.0000000E+00
                    -1.0000000E+00  2.4550000E+02  3.9397500E+02
                     0.0000000E+00
 413           sq    3.0072600E-03  9.4718830E-03  0.0000000E+00
                     0.0000000E+00  0.0000000E+00  0.0000000E+00
                    -1.0000000E+00  2.4550000E+02  3.9397500E+02
                     0.0000000E+00
 414           pz    2.5690000E+01
 415           sq    3.4391280E-03  1.1162430E-02  0.0000000E+00
                     0.0000000E+00  0.0000000E+00  0.0000000E+00
                    -1.0000000E+00  2.4550000E+02  3.9390500E+02
                     0.0000000E+00
 416           sq    3.1589990E-03  9.6022720E-03  0.0000000E+00
                     0.0000000E+00  0.0000000E+00  0.0000000E+00
                    -1.0000000E+00  2.4550000E+02  3.9390500E+02
                     0.0000000E+00
 417           pz    2.8420000E+01
 418           sq    3.7298070E-03  1.1574473E-02  0.0000000E+00
                     0.0000000E+00  0.0000000E+00  0.0000000E+00
                    -1.0000000E+00  2.4550000E+02  3.9375500E+02
                     0.0000000E+00
 419           sq    3.4062660E-03  9.8909010E-03  0.0000000E+00
                     0.0000000E+00  0.0000000E+00  0.0000000E+00
                    -1.0000000E+00  2.4550000E+02  3.9375500E+02
                     0.0000000E+00
 420           pz    3.1220000E+01
 421           sq    4.2103100E-03  1.1996607E-02  0.0000000E+00
                     0.0000000E+00  0.0000000E+00  0.0000000E+00
                    -1.0000000E+00  2.4550000E+02  3.9355000E+02
                     0.0000000E+00
 422           sq    3.8428570E-03  1.0306888E-02  0.0000000E+00
                     0.0000000E+00  0.0000000E+00  0.0000000E+00
                    -1.0000000E+00  2.4550000E+02  3.9355000E+02
                     0.0000000E+00
 423           pz    3.3960000E+01
 424           sq    4.8270030E-03  1.2667331E-02  0.0000000E+00
                     0.0000000E+00  0.0000000E+00  0.0000000E+00
                    -1.0000000E+00  2.4550000E+02  3.9326500E+02
                     0.0000000E+00
 425           sq    4.4013070E-03  1.0930249E-02  0.0000000E+00
                     0.0000000E+00  0.0000000E+00  0.0000000E+00
                    -1.0000000E+00  2.4550000E+02  3.9326500E+02
                     0.0000000E+00
 426           pz    3.6640000E+01
 427           sq    6.0263610E-03  1.3679423E-02  0.0000000E+00
                     0.0000000E+00  0.0000000E+00  0.0000000E+00
                    -1.0000000E+00  2.4550000E+02  3.9285000E+02
                     0.0000000E+00
 428           sq    5.5018920E-03  1.1944220E-02  0.0000000E+00
                     0.0000000E+00  0.0000000E+00  0.0000000E+00
                    -1.0000000E+00  2.4550000E+02  3.9285000E+02
                     0.0000000E+00
 429           pz    3.9370000E+01
 430           sq    8.3619210E-03  1.5431503E-02  0.0000000E+00
                     0.0000000E+00  0.0000000E+00  0.0000000E+00
                    -1.0000000E+00  2.4550000E+02  3.9235000E+02
                     0.0000000E+00
 431           sq    7.5146950E-03  1.3364964E-02  0.0000000E+00
                     0.0000000E+00  0.0000000E+00  0.0000000E+00
                    -1.0000000E+00  2.4550000E+02  3.9235000E+02
                     0.0000000E+00
 432           pz    4.2070000E+01
 433           sq    1.8032466E-02  1.9837334E-02  0.0000000E+00
                     0.0000000E+00  0.0000000E+00  0.0000000E+00
                    -1.0000000E+00  2.4550000E+02  3.9140000E+02
                     0.0000000E+00
 434           sq    1.5443598E-02  1.6866251E-02  0.0000000E+00
                     0.0000000E+00  0.0000000E+00  0.0000000E+00
                    -1.0000000E+00  2.4550000E+02  3.9140000E+02
                     0.0000000E+00
 435           pz    4.4770000E+01
 450           sq    4.4444400E-03  2.0408160E-02  1.6096430E-03
                     0.0000000E+00  0.0000000E+00  0.0000000E+00
                    -1.0000000E+00  2.4550000E+02  3.9750000E+02
                     2.1800000E+01
 451           sq    4.4444400E-03  2.0408160E-02  1.6096430E-03
                     0.0000000E+00  0.0000000E+00  0.0000000E+00
                    -1.0000000E+00  2.4550000E+02  3.9650000E+02
                     2.1800000E+01
 452           px    2.4350000E+02
 453           px    2.4750000E+02
 454           pz    2.5600000E+01
 455           pz    4.6200000E+01
 456           py    3.9350000E+02
 500           rcc   2.4550000E+02  3.8700000E+02  4.8000000E+01
                     0.0000000E+00  0.0000000E+00  8.0000000E+00
                     5.0000000E+00
 501           rcc   2.4550000E+02  3.8700000E+02  4.8000000E+01
                     0.0000000E+00  0.0000000E+00  8.0000000E+00
                     5.2045000E+00
 600           sq    2.0408163E-02  1.3840830E-02  3.1956196E-02
                     0.0000000E+00  0.0000000E+00  0.0000000E+00
                    -1.0000000E+00  2.4550000E+02  3.9150000E+02
                     6.6266000E+01
 601           sq    1.5625000E-02  1.1080332E-02  2.2998638E-02
                     0.0000000E+00  0.0000000E+00  0.0000000E+00
                    -1.0000000E+00  2.4550000E+02  3.9150000E+02
                     6.6266000E+01
 602           sq    2.0408163E-02  1.3840830E-02  0.0000000E+00
                     0.0000000E+00  0.0000000E+00  0.0000000E+00
                    -1.0000000E+00  2.4550000E+02  3.9150000E+02
                     0.0000000E+00
 603           sq    1.5625000E-02  1.1080332E-02  0.0000000E+00
                     0.0000000E+00  0.0000000E+00  0.0000000E+00
                    -1.0000000E+00  2.4550000E+02  3.9150000E+02
                     0.0000000E+00
 604           pz    5.6000000E+01
 605           pz    6.6266000E+01
 606           py    3.9289500E+02
 608           sq    1.4855790E-02  1.0618268E-02  2.1635842E-02
                     0.0000000E+00  0.0000000E+00  0.0000000E+00
                    -1.0000000E+00  2.4550000E+02  3.9150000E+02
                     6.6266000E+01
 609           sq    1.4855790E-02  1.0618268E-02  0.0000000E+00
                     0.0000000E+00  0.0000000E+00  0.0000000E+00
                    -1.0000000E+00  2.4550000E+02  3.9150000E+02
                     0.0000000E+00
 610           pz    5.5795500E+01
 700           rcc   2.2017100E+02  3.9350000E+02 -1.2000000E+01
                     0.0000000E+00  0.0000000E+00  3.0000000E+01
                     4.0000000E+00
 701           rcc   2.2017100E+02  3.9350000E+02  1.8000000E+01
                     0.0000000E+00  0.0000000E+00  3.0000000E+01
                     5.0000000E+00
 702           rcc   2.2017100E+02  3.9350000E+02 -1.2000000E+01
                     0.0000000E+00  0.0000000E+00  3.0000000E+01
                     3.0000000E+00
 703           rcc   2.2017100E+02  3.9350000E+02  1.8000000E+01
                     0.0000000E+00  0.0000000E+00  3.0000000E+01
                     3.0000000E+00
 704           rcc   2.7082900E+02  3.9350000E+02 -1.2000000E+01
                     0.0000000E+00  0.0000000E+00  3.0000000E+01
                     4.0000000E+00
 705           rcc   2.7082900E+02  3.9350000E+02  1.8000000E+01
                     0.0000000E+00  0.0000000E+00  3.0000000E+01
                     5.0000000E+00
 706           rcc   2.7082900E+02  3.9350000E+02 -1.2000000E+01
                     0.0000000E+00  0.0000000E+00  3.0000000E+01
                     3.0000000E+00
 707           rcc   2.7082900E+02  3.9350000E+02  1.8000000E+01
                     0.0000000E+00  0.0000000E+00  3.0000000E+01
                     3.0000000E+00
 708           rcc   2.2017100E+02  3.9350000E+02 -1.2129000E+01
                     0.0000000E+00  0.0000000E+00  3.0129000E+01
                     4.1290000E+00
 709           rcc   2.7082900E+02  3.9350000E+02 -1.2129000E+01
                     0.0000000E+00  0.0000000E+00  3.0129000E+01
                     4.1290000E+00
 710           rcc   2.2017100E+02  3.9350000E+02  1.8000000E+01
                     0.0000000E+00  0.0000000E+00  3.0124500E+01
                     5.1245000E+00
 711           rcc   2.7082900E+02  3.9350000E+02  1.8000000E+01
                     0.0000000E+00  0.0000000E+00  3.0124500E+01
                     5.1245000E+00
 800           rcc   2.3450000E+02  3.9350000E+02 -1.0314000E+02
                     0.0000000E+00  0.0000000E+00  5.0035000E+01
                     8.0000000E+00
 801           rcc   2.3450000E+02  3.9350000E+02 -5.3105000E+01
                     0.0000000E+00  0.0000000E+00  5.0035000E+01
                     9.0000000E+00
 802           rcc   2.3450000E+02  3.9350000E+02 -1.0314000E+02
                     0.0000000E+00  0.0000000E+00  5.0035000E+01
                     5.0000000E+00
 803           rcc   2.3450000E+02  3.9350000E+02 -5.3105000E+01
                     0.0000000E+00  0.0000000E+00  5.0035000E+01
                     5.0000000E+00
 804           rcc   2.5650000E+02  3.9350000E+02 -1.0314000E+02
                     0.0000000E+00  0.0000000E+00  5.0035000E+01
                     8.0000000E+00
 805           rcc   2.5650000E+02  3.9350000E+02 -5.3105000E+01
                     0.0000000E+00  0.0000000E+00  5.0035000E+01
                     9.0000000E+00
 806           rcc   2.5650000E+02  3.9350000E+02 -1.0314000E+02
                     0.0000000E+00  0.0000000E+00  5.0035000E+01
                     5.0000000E+00
 807           rcc   2.5650000E+02  3.9350000E+02 -5.3105000E+01
                     0.0000000E+00  0.0000000E+00  5.0035000E+01
                     5.0000000E+00
 808           rcc   2.3450000E+02  3.9350000E+02 -1.0326900E+02
                     0.0000000E+00  0.0000000E+00  5.0164000E+01
                     8.1290000E+00
 809           rcc   2.5650000E+02  3.9350000E+02 -1.0326900E+02
                     0.0000000E+00  0.0000000E+00  5.0164000E+01
                     8.1290000E+00
 810           rcc   2.3450000E+02  3.9350000E+02 -5.3105000E+01
                     0.0000000E+00  0.0000000E+00  5.0035000E+01
                     9.1245000E+00
 811           rcc   2.5650000E+02  3.9350000E+02 -5.3105000E+01
                     0.0000000E+00  0.0000000E+00  5.0035000E+01
                     9.1245000E+00
 900           sq    2.5000000E-03  7.5614400E-03  0.0000000E+00
                     0.0000000E+00  0.0000000E+00  0.0000000E+00
                    -1.0000000E+00  2.4550000E+02  3.9350000E+02
                     0.0000000E+00
 901           pz   -3.0700000E+00
 902           pz    4.8000000E+01
 903           sq    2.4496490E-03  7.2995230E-03  0.0000000E+00
                     0.0000000E+00  0.0000000E+00  0.0000000E+00
                    -1.0000000E+00  2.4550000E+02  3.9350000E+02
                     0.0000000E+00
 904           pz   -3.2745000E+00
 905           pz    4.8204500E+01
 910           rpp   6.1000000E+01  4.3100000E+02  2.7300000E+02
                     2.9700000E+02 -1.1000000E+02  1.1000000E+02
 1990          so    1.4140000E+03

[ T-Gshow ]
    title = generated human phantom xy
     mesh =  xyz            # mesh type is xyz scoring mesh
   x-type =    2            # x-mesh is linear given by xmin, xmax and nx
     xmin =   0.000000      # minimum value of x-mesh points
     xmax =   500.0000      # maximum value of x-mesh points
#    xdel =   2.500000      # mesh width of x-mesh points
       nx =    200          # number of x-mesh points
   y-type =    2            # y-mesh is linear given by ymin, ymax and ny
     ymin =   0.000000      # minimum value of y-mesh points
     ymax =   500.0000      # maximum value of y-mesh points
#    ydel =   5.000000      # mesh width of y-mesh points
       ny =    100          # number of y-mesh points
   z-type =    1            # z-mesh is given by the below data
       nz =      1          # number of z-mesh points
#    data = ( z(i), i = 1, nz + 1 )
           -1.20000E+02  1.20000E+02
     axis =   xy            # axis of output
     file = top_view.out    # file name of output for the above axis
   output =    2            # (D=2) 1:bnd, 2:bnd+mat, 3:bnd+num 4:bnd+mat+num
    ginfo =    2            # (D=0) 0:no, 1:show in graph, 2:add file
    resol =    1            # (D=1) resolution of gshow or rshow
    width = 0.5000000       # (D=0.5) width of lines for gshow or rshow
   epsout =    1            # (D=0) generate eps file by ANGEL
#    used :        main (  %)        temp (  %)       total (  %)
#  memory :         304 (  0)       10151 (  0)       10455 (  0)

[ T-Deposit ]
    title = selected organ doses in Gy/source
     mesh =  reg            # mesh type is region-wise
      reg = 100 101 ( 200 201 ) ( { 300 - 347 } ) 601 ( { 604 - 606 } )
   volume                   # combined, lattice or level structure 
   non     reg      vol     # reg definition
    1      100   2.1595E+03 # 100
    2      101   2.4672E+03 # 101
    3  1000001   8.1061E+02 # ( 200 201 )
    4  1000002   7.1064E+02 # ( { 300 - 347 } )
    5      601   1.3751E+03 # 601
    6  1000003   2.2932E+02 # ( { 604 - 606 } )
     unit =    0            # unit is [Gy/source]
   letmat =    0            # (D=0) mat ID for LET, 0:real mat, <0: electron for H2O
  dedxfnc =    0            # (D=0) user defined multiplier, 0(no), 1, 2
 material =  all            # (D=all) number of specific material
   output =  dose           # total deposit energy
  deposit =    0            # (D=0) 0-> total deposit dist, 1-> each process
     axis =   reg           # axis of output
     file = organ_deposit_photon.out  # file name of output for the above axis
     part =  photon   
# kf/name :  22       
   epsout =    1            # (D=0) generate eps file by ANGEL
#    used :        main (  %)        temp (  %)       total (  %)
#  memory :          75 (  0)           0 (  0)          75 (  0)

[ T-Deposit ]
    title = dose human phantom xy
     mesh =  xyz            # mesh type is xyz scoring mesh
   x-type =    2            # x-mesh is linear given by xmin, xmax and nx
     xmin =   0.000000      # minimum value of x-mesh points
     xmax =   500.0000      # maximum value of x-mesh points
#    xdel =   2.500000      # mesh width of x-mesh points
       nx =    200          # number of x-mesh points
#    data = ( x(i), i = 1, nx + 1 )
#           0.00000E+00  2.50000E+00  5.00000E+00  7.50000E+00  1.00000E+01
#           1.25000E+01  1.50000E+01  1.75000E+01  2.00000E+01  2.25000E+01
#           2.50000E+01  2.75000E+01  3.00000E+01  3.25000E+01  3.50000E+01
#           3.75000E+01  4.00000E+01  4.25000E+01  4.50000E+01  4.75000E+01
#           5.00000E+01  5.25000E+01  5.50000E+01  5.75000E+01  6.00000E+01
#           6.25000E+01  6.50000E+01  6.75000E+01  7.00000E+01  7.25000E+01
#           7.50000E+01  7.75000E+01  8.00000E+01  8.25000E+01  8.50000E+01
#           8.75000E+01  9.00000E+01  9.25000E+01  9.50000E+01  9.75000E+01
#           1.00000E+02  1.02500E+02  1.05000E+02  1.07500E+02  1.10000E+02
#           1.12500E+02  1.15000E+02  1.17500E+02  1.20000E+02  1.22500E+02
#           1.25000E+02  1.27500E+02  1.30000E+02  1.32500E+02  1.35000E+02
#           1.37500E+02  1.40000E+02  1.42500E+02  1.45000E+02  1.47500E+02
#           1.50000E+02  1.52500E+02  1.55000E+02  1.57500E+02  1.60000E+02
#           1.62500E+02  1.65000E+02  1.67500E+02  1.70000E+02  1.72500E+02
#           1.75000E+02  1.77500E+02  1.80000E+02  1.82500E+02  1.85000E+02
#           1.87500E+02  1.90000E+02  1.92500E+02  1.95000E+02  1.97500E+02
#           2.00000E+02  2.02500E+02  2.05000E+02  2.07500E+02  2.10000E+02
#           2.12500E+02  2.15000E+02  2.17500E+02  2.20000E+02  2.22500E+02
#           2.25000E+02  2.27500E+02  2.30000E+02  2.32500E+02  2.35000E+02
#           2.37500E+02  2.40000E+02  2.42500E+02  2.45000E+02  2.47500E+02
#           2.50000E+02  2.52500E+02  2.55000E+02  2.57500E+02  2.60000E+02
#           2.62500E+02  2.65000E+02  2.67500E+02  2.70000E+02  2.72500E+02
#           2.75000E+02  2.77500E+02  2.80000E+02  2.82500E+02  2.85000E+02
#           2.87500E+02  2.90000E+02  2.92500E+02  2.95000E+02  2.97500E+02
#           3.00000E+02  3.02500E+02  3.05000E+02  3.07500E+02  3.10000E+02
#           3.12500E+02  3.15000E+02  3.17500E+02  3.20000E+02  3.22500E+02
#           3.25000E+02  3.27500E+02  3.30000E+02  3.32500E+02  3.35000E+02
#           3.37500E+02  3.40000E+02  3.42500E+02  3.45000E+02  3.47500E+02
#           3.50000E+02  3.52500E+02  3.55000E+02  3.57500E+02  3.60000E+02
#           3.62500E+02  3.65000E+02  3.67500E+02  3.70000E+02  3.72500E+02
#           3.75000E+02  3.77500E+02  3.80000E+02  3.82500E+02  3.85000E+02
#           3.87500E+02  3.90000E+02  3.92500E+02  3.95000E+02  3.97500E+02
#           4.00000E+02  4.02500E+02  4.05000E+02  4.07500E+02  4.10000E+02
#           4.12500E+02  4.15000E+02  4.17500E+02  4.20000E+02  4.22500E+02
#           4.25000E+02  4.27500E+02  4.30000E+02  4.32500E+02  4.35000E+02
#           4.37500E+02  4.40000E+02  4.42500E+02  4.45000E+02  4.47500E+02
#           4.50000E+02  4.52500E+02  4.55000E+02  4.57500E+02  4.60000E+02
#           4.62500E+02  4.65000E+02  4.67500E+02  4.70000E+02  4.72500E+02
#           4.75000E+02  4.77500E+02  4.80000E+02  4.82500E+02  4.85000E+02
#           4.87500E+02  4.90000E+02  4.92500E+02  4.95000E+02  4.97500E+02
#           5.00000E+02
   y-type =    2            # y-mesh is linear given by ymin, ymax and ny
     ymin =   0.000000      # minimum value of y-mesh points
     ymax =   500.0000      # maximum value of y-mesh points
#    ydel =   5.000000      # mesh width of y-mesh points
       ny =    100          # number of y-mesh points
#    data = ( y(i), i = 1, ny + 1 )
#           0.00000E+00  5.00000E+00  1.00000E+01  1.50000E+01  2.00000E+01
#           2.50000E+01  3.00000E+01  3.50000E+01  4.00000E+01  4.50000E+01
#           5.00000E+01  5.50000E+01  6.00000E+01  6.50000E+01  7.00000E+01
#           7.50000E+01  8.00000E+01  8.50000E+01  9.00000E+01  9.50000E+01
#           1.00000E+02  1.05000E+02  1.10000E+02  1.15000E+02  1.20000E+02
#           1.25000E+02  1.30000E+02  1.35000E+02  1.40000E+02  1.45000E+02
#           1.50000E+02  1.55000E+02  1.60000E+02  1.65000E+02  1.70000E+02
#           1.75000E+02  1.80000E+02  1.85000E+02  1.90000E+02  1.95000E+02
#           2.00000E+02  2.05000E+02  2.10000E+02  2.15000E+02  2.20000E+02
#           2.25000E+02  2.30000E+02  2.35000E+02  2.40000E+02  2.45000E+02
#           2.50000E+02  2.55000E+02  2.60000E+02  2.65000E+02  2.70000E+02
#           2.75000E+02  2.80000E+02  2.85000E+02  2.90000E+02  2.95000E+02
#           3.00000E+02  3.05000E+02  3.10000E+02  3.15000E+02  3.20000E+02
#           3.25000E+02  3.30000E+02  3.35000E+02  3.40000E+02  3.45000E+02
#           3.50000E+02  3.55000E+02  3.60000E+02  3.65000E+02  3.70000E+02
#           3.75000E+02  3.80000E+02  3.85000E+02  3.90000E+02  3.95000E+02
#           4.00000E+02  4.05000E+02  4.10000E+02  4.15000E+02  4.20000E+02
#           4.25000E+02  4.30000E+02  4.35000E+02  4.40000E+02  4.45000E+02
#           4.50000E+02  4.55000E+02  4.60000E+02  4.65000E+02  4.70000E+02
#           4.75000E+02  4.80000E+02  4.85000E+02  4.90000E+02  4.95000E+02
#           5.00000E+02
   z-type =    1            # z-mesh is given by the below data
       nz =      1          # number of z-mesh points
#    data = ( z(i), i = 1, nz + 1 )
           -1.20000E+02  1.20000E+02
     unit =    2            # unit is [MeV/source)]
   letmat =    0            # (D=0) mat ID for LET, 0:real mat, <0: electron for H2O
  dedxfnc =    0            # (D=0) user defined multiplier, 0(no), 1, 2
 material =  all            # (D=all) number of specific material
   output =  dose           # total deposit energy
  deposit =    0            # (D=0) 0-> total deposit dist, 1-> each process
  2D-type =    3            # 1:Cont, 2:Clust, 3:Color, 4:xyz, 5:mat, 6:Clust+Cont, 7:Col+Cont
     axis =    xy           # axis of output
     file = top_view_deposit.out  # file name of output for the above axis
     part =  photon   
# kf/name :  22       
   epsout =    1            # (D=0) generate eps file by ANGEL
#    used :        main (  %)        temp (  %)       total (  %)
#  memory :         307 (  0)           0 (  0)         307 (  0)

[END] of Input Echo <<<========================================================

<<< Report of real Geometry memory >>>
*           GG/CG memory =     6986
*     total memory: mdas = 80000000
*                percent =     0.01 %

<<< Report of material memory for high energy>>>
*   high energy material =    15070
*     total memory: mdas = 80000000
*                percent =     0.02 %

<<< Report of material memory for low energy>>>
*    low energy material =    19605
*     total memory: mdas = 80000000
*                percent =     0.02 %

<<< Report of real tally memory >>>
*      real tally memory =      686
*     total memory: mdas = 80000000
*                percent =     0.00 %

<<< Report of temporary tally memory >>>
* temporary tally memory =    80548
*     total memory: mdas = 80000000
*                percent =     0.10 %

<<< Report of other memory >>>
*           other memory =    33051
*     total memory: mdas = 80000000
*                percent =     0.04 %

<<< Report of total memory >>>
*      used total memory =    85549
*     total memory: mdas = 80000000
*                percent =     0.11 %
*                ---------------------

-------------------------------------------------------------------------------
bat[       1] ncas =         100000.
 bitrseed = 0100001010011000001011101100011110011000110110100110010000000000
          cpu time =   1 m.  2.80 s.

-------------------------------------------------------------------------------
bat[       2] ncas =         200000.
 bitrseed = 0001110011011001101111011000110011100000010010101010010011101100
          cpu time =   1 m.  2.99 s.

-------------------------------------------------------------------------------
bat[       3] ncas =         300000.
 bitrseed = 0111110100010110001100001010110110100011111100000101000000001001
          cpu time =   1 m.  2.70 s.

-------------------------------------------------------------------------------
bat[       4] ncas =         400000.
 bitrseed = 1000000101101111000011011110011001000101111100111101100001010101
          cpu time =   1 m.  2.79 s.

-------------------------------------------------------------------------------
bat[       5] ncas =         500000.
 bitrseed = 0101001111100011001000010000110000110111000010100111010111101100
          cpu time =   1 m.  2.76 s.

-------------------------------------------------------------------------------
bat[       6] ncas =         600000.
 bitrseed = 1111000010101100000101101011010101111000000001010110000101000000
          cpu time =   1 m.  2.75 s.

-------------------------------------------------------------------------------
bat[       7] ncas =         700000.
 bitrseed = 1000111101010000010001011010011111111110001101010011010010010110
          cpu time =   1 m.  2.79 s.

-------------------------------------------------------------------------------
bat[       8] ncas =         800000.
 bitrseed = 1011100110001010010111101101110100011001010001110111110001101101
          cpu time =   1 m.  3.03 s.

-------------------------------------------------------------------------------
bat[       9] ncas =         900000.
 bitrseed = 1010111100110100010100110010101101001010000010000110011011000010
          cpu time =   1 m.  2.82 s.

-------------------------------------------------------------------------------
bat[      10] ncas =        1000000.
 bitrseed = 0110110101111101001100100100001011010110001100100011001111111111
          cpu time =   1 m.  2.86 s.

===============================================================================

 Summary for the end of job

-------------------------------------------------------------------------------
 number of analyz call vs ncol
-------------------------------------------------------------------------------
     ncol          number
        1              1.   : start of calculation            
        2              1.   : end of calculation              
        3             10.   : end of a batch                  
        4        1000000.   : source                          
        5              0.   : detection of geometry error/warn
        6              0.   : recovery from geometry warning  
        7              0.   : termination by geometry error   
        8              0.   : termination by weight cut-off   
        9              0.   : termination by time cut-off     
       10          77685.   : geometry boundary crossing      
       11         582660.   : termination by energy cut-off   
       12         387274.   : termination by escape or leakage
       13          30066.   : reaction : (n,x) type           
       14         260879.   : reaction : (n,n'x) type         
       15              0.   : sequential transport for tally  

-------------------------------------------------------------------------------
 List of transport particles
-------------------------------------------------------------------------------
     Name      kf-code        mass       charge   baryon
     photon         22          0.0         0       0

-------------------------------------------------------------------------------
 prod. particles       number        weight        weight per source
-------------------------------------------------------------------------------
     photon             1944.     1.9440000E+03     4.3162471E+00

-------------------------------------------------------------------------------
 stop. particles.    number        weight        weight per source
-------------------------------------------------------------------------------
     photon           582660.     5.8266000E+05     1.2936752E+03
     electron           1944.     1.9440000E+03     4.3162471E+00

-------------------------------------------------------------------------------
 leak. particles       number        weight        weight per source
-------------------------------------------------------------------------------
     photon           387274.     3.8727400E+05     8.5986125E+02

-------------------------------------------------------------------------------
 source: maxcas    maxbch      irskip   average weight          total source
-------------------------------------------------------------------------------
      100000          10           0    4.5039127E-04    4.5039127112616E+02

-------------------------------------------------------------------------------
 Geometry error summary
-------------------------------------------------------------------------------
 Number of lost particles     =     0 / nlost =       10
 Number of geometry recovering =     0
 Number of unrecovered errors =     0

-------------------------------------------------------------------------------
 initial random seed:
   bitrseed = 0100001010011000001011101100011110011000110110100110010000000000
 next initial random seed:
   bitrseed = 0101101000001110011101111011110101001001010001111010111000101101

-------------------------------------------------------------------------------
 job termination date : 2024/07/25
                 time :   07:16:43

-------------------------------------------------------------------------------
    CPU time and number of event called in PHITS
-------------------------------------------------------------------------------

                             sec
total cpu time =          632.71


                           count
      analysis =        2338574.  : data processing
         nevap =              0.  : evaporation
        dexgam =              0.  : de-excitation
         nreac =         290945.  : atomic and nuclear reactions
         dklos =              0.  : particle decay
         hydro =              0.  : nucleon-nucleon scattering
        n-data =              0.  : neutron data library
        h-data =              0.  : p, d, a data library
        p-data =         290945.  : photon data library
        e-data =              0.  : electron data library
        p-egs5 =              0.  : photon interaction with EGS5
        e-egs5 =              0.  : electron interaction with EGS5
      e-tsmode =              0.  : electron track structure mode
    ion-tsmode =              0.  : ion track structure mode
     photonucl =              0.  : photo-nuclear reaction
 photonucl lib =              0.  : photo-nuclear reaction with library
       mu-reac =              0.  : muon-induced nuclear reaction
       mu-brem =              0.  : muon-induced bremsstrahlung
       mu-pprd =              0.  : muon-induced pair production
        mu-cap =              0.  : muon capture in nucleus
         elast =              0.  : elastic scattering
         ncasc =              0.  : nuclear reaction model

       bertini =              0.  : Bertini model
        isobar =              0.  : isobar model
           JAM =              0.  : JAM model
           QMD =              0.  : JQMD model
        JAMQMD =              0.  : JAMQMD model
          INCL =              0.  : INCL model
        INCELF =              0.  : INCELF model
     frag data =              0.  : user defined cross section
       SCINFUL =              0.  : SCINFUL mode

>>> Citation Request >>>=======================================================

 This execution uses model(s) that must be explicitly cited in addition to
 the PHITS original document: T.Sato et al., J.Nucl.Sci.Technol.55, 684-690 (2018).
 Please refer the following document(s) in your publication using this result

 The KUROTAMA model:
    K. Iida, A. Kohama, and K. Oyamatsu, J. Phys. Soc. Japan 76, 044201 (2007).

 END 
