[ T-Gshow ]
    title = generated human phantom xy
     mesh =  xyz            # mesh type is xyz scoring mesh
   x-type =    2            # x-mesh is linear given by xmin, xmax and nx
     xmin =   0.000000      # minimum value of x-mesh points
     xmax =   500.0000      # maximum value of x-mesh points
#    xdel =   2.500000      # mesh width of x-mesh points
       nx =    200          # number of x-mesh points
   y-type =    2            # y-mesh is linear given by ymin, ymax and ny
     ymin =   0.000000      # minimum value of y-mesh points
     ymax =   500.0000      # maximum value of y-mesh points
#    ydel =   5.000000      # mesh width of y-mesh points
       ny =    100          # number of y-mesh points
   z-type =    1            # z-mesh is given by the below data
       nz =      1          # number of z-mesh points
#    data = ( z(i), i = 1, nz + 1 )
           -1.20000E+02  1.20000E+02
     axis =   xy            # axis of output
     file = top_view.out    # file name of output for the above axis
   output =    2            # (D=2) 1:bnd, 2:bnd+mat, 3:bnd+num 4:bnd+mat+num
    ginfo =    2            # (D=0) 0:no, 1:show in graph, 2:add file
    resol =    1            # (D=1) resolution of gshow or rshow
    width = 0.5000000       # (D=0.5) width of lines for gshow or rshow
   epsout =    1            # (D=0) generate eps file by ANGEL
#    used :        main (  %)        temp (  %)       total (  %)
#  memory :         304 (  0)       10151 (  0)       10455 (  0)

#------------------------------------------------------------------------------
#newpage:
#   no. =  1   z =    0.0000E+00

'no. =  1,    z =    0.0000E+00'
msuc: {\huge generated human phantom xy}
msdr: {\it plotted by \ANGEL \version}
msdl: {\it calculated by \PHITS  3.28}

x: x [cm]
y: y [cm]
set: c1[ 1.000] c2[ 0.900] c5[ 0.800] c6[ 1.000] c7[ 0.000] c8[ 0.000]
p: h2fs form[c1] xfac[c2] afac[c5] scal[c6] xorg[c7] yorg[c8] nosp
p: xmin(  0.000000    ) xmax(  500.0000    )
p: ymin(  0.000000    ) ymax(  500.0000    )

p: legs[c5*0.875]

h: x ny1,0  y2=[y1](16),ic[pastelpurple]
 -1.000000E+00 -1.000000E+00

hb:   line clip z   cb(pastelpurple)
frame:
  0.0000000E+00  0.0000000E+00
  5.0000000E+02  0.0000000E+00
  5.0000000E+02  5.0000000E+02
  0.0000000E+00  5.0000000E+02
clip:
 -2.487562E+00 -4.950495E+00
  5.024876E+02 -4.950495E+00
  5.024876E+02  1.485149E-01
  5.024876E+02  5.247525E+00
  5.024876E+02  1.034653E+01
  5.024876E+02  1.544554E+01
  5.024876E+02  2.054455E+01
  5.024876E+02  2.564356E+01
  5.024876E+02  3.074257E+01
  5.024876E+02  3.584158E+01
  5.024876E+02  4.094059E+01
  5.024876E+02  4.603960E+01
  5.024876E+02  5.113861E+01
  5.024876E+02  5.623762E+01
  5.024876E+02  6.133663E+01
  5.024876E+02  6.643564E+01
  5.024876E+02  7.153465E+01
  5.024876E+02  7.663366E+01
  5.024876E+02  8.173267E+01
  5.024876E+02  8.683168E+01
  5.024876E+02  9.193069E+01
  5.024876E+02  9.702970E+01
  5.024876E+02  1.021287E+02
  5.024876E+02  1.072277E+02
  5.024876E+02  1.123267E+02
  5.024876E+02  1.174257E+02
  5.024876E+02  1.225248E+02
  5.024876E+02  1.276238E+02
  5.024876E+02  1.327228E+02
  5.024876E+02  1.378218E+02
  5.024876E+02  1.429208E+02
  5.024876E+02  1.480198E+02
  5.024876E+02  1.531188E+02
  5.024876E+02  1.582178E+02
  5.024876E+02  1.633168E+02
  5.024876E+02  1.684158E+02
  5.024876E+02  1.735149E+02
  5.024876E+02  1.786139E+02
  5.024876E+02  1.837129E+02
  5.024876E+02  1.888119E+02
  5.024876E+02  1.939109E+02
  5.024876E+02  1.990099E+02
  5.024876E+02  2.041089E+02
  5.024876E+02  2.092079E+02
  5.024876E+02  2.143069E+02
  5.024876E+02  2.194059E+02
  5.024876E+02  2.245050E+02
  5.024876E+02  2.296040E+02
  5.024876E+02  2.347030E+02
  5.024876E+02  2.398020E+02
  5.024876E+02  2.449010E+02
  5.024876E+02  2.500000E+02
  5.024876E+02  2.550990E+02
  5.024876E+02  2.601980E+02
  5.024876E+02  2.652970E+02
  5.024876E+02  2.703960E+02
  5.024876E+02  2.754950E+02
  5.024876E+02  2.805941E+02
  5.024876E+02  2.856931E+02
  5.024876E+02  2.907921E+02
  5.024876E+02  2.958911E+02
  5.024876E+02  3.009901E+02
  5.024876E+02  3.060891E+02
  5.024876E+02  3.111881E+02
  5.024876E+02  3.162871E+02
  5.024876E+02  3.213861E+02
  5.024876E+02  3.264851E+02
  5.024876E+02  3.315842E+02
  5.024876E+02  3.366832E+02
  5.024876E+02  3.417822E+02
  5.024876E+02  3.468812E+02
  5.024876E+02  3.519802E+02
  5.024876E+02  3.570792E+02
  5.024876E+02  3.621782E+02
  5.024876E+02  3.672772E+02
  5.024876E+02  3.723762E+02
  5.024876E+02  3.774752E+02
  5.024876E+02  3.825743E+02
  5.024876E+02  3.876733E+02
  5.024876E+02  3.927723E+02
  5.024876E+02  3.978713E+02
  5.024876E+02  4.029703E+02
  5.024876E+02  4.080693E+02
  5.024876E+02  4.131683E+02
  5.024876E+02  4.182673E+02
  5.024876E+02  4.233663E+02
  5.024876E+02  4.284653E+02
  5.024876E+02  4.335644E+02
  5.024876E+02  4.386634E+02
  5.024876E+02  4.437624E+02
  5.024876E+02  4.488614E+02
  5.024876E+02  4.539604E+02
  5.024876E+02  4.590594E+02
  5.024876E+02  4.641584E+02
  5.024876E+02  4.692574E+02
  5.024876E+02  4.743564E+02
  5.024876E+02  4.794554E+02
  5.024876E+02  4.845545E+02
  5.024876E+02  4.896535E+02
  5.024876E+02  4.947525E+02
  5.024876E+02  4.998515E+02
  5.024876E+02  5.049505E+02
  4.999627E+02  5.049505E+02
  4.974378E+02  5.049505E+02
  4.949129E+02  5.049505E+02
  4.923881E+02  5.049505E+02
  4.898632E+02  5.049505E+02
  4.873383E+02  5.049505E+02
  4.848134E+02  5.049505E+02
  4.822886E+02  5.049505E+02
  4.797637E+02  5.049505E+02
  4.772388E+02  5.049505E+02
  4.747139E+02  5.049505E+02
  4.721891E+02  5.049505E+02
  4.696642E+02  5.049505E+02
  4.671393E+02  5.049505E+02
  4.646144E+02  5.049505E+02
  4.620896E+02  5.049505E+02
  4.595647E+02  5.049505E+02
  4.570398E+02  5.049505E+02
  4.545149E+02  5.049505E+02
  4.519900E+02  5.049505E+02
  4.494652E+02  5.049505E+02
  4.469403E+02  5.049505E+02
  4.444154E+02  5.049505E+02
  4.418905E+02  5.049505E+02
  4.393657E+02  5.049505E+02
  4.368408E+02  5.049505E+02
  4.343159E+02  5.049505E+02
  4.317910E+02  5.049505E+02
  4.292662E+02  5.049505E+02
  4.267413E+02  5.049505E+02
  4.242164E+02  5.049505E+02
  4.216915E+02  5.049505E+02
  4.191667E+02  5.049505E+02
  4.166418E+02  5.049505E+02
  4.141169E+02  5.049505E+02
  4.115920E+02  5.049505E+02
  4.090672E+02  5.049505E+02
  4.065423E+02  5.049505E+02
  4.040174E+02  5.049505E+02
  4.014925E+02  5.049505E+02
  3.989677E+02  5.049505E+02
  3.964428E+02  5.049505E+02
  3.939179E+02  5.049505E+02
  3.913930E+02  5.049505E+02
  3.888682E+02  5.049505E+02
  3.863433E+02  5.049505E+02
  3.838184E+02  5.049505E+02
  3.812935E+02  5.049505E+02
  3.787687E+02  5.049505E+02
  3.762438E+02  5.049505E+02
  3.737189E+02  5.049505E+02
  3.711940E+02  5.049505E+02
  3.686692E+02  5.049505E+02
  3.661443E+02  5.049505E+02
  3.636194E+02  5.049505E+02
  3.610945E+02  5.049505E+02
  3.585697E+02  5.049505E+02
  3.560448E+02  5.049505E+02
  3.535199E+02  5.049505E+02
  3.509950E+02  5.049505E+02
  3.484701E+02  5.049505E+02
  3.459453E+02  5.049505E+02
  3.434204E+02  5.049505E+02
  3.408955E+02  5.049505E+02
  3.383706E+02  5.049505E+02
  3.358458E+02  5.049505E+02
  3.333209E+02  5.049505E+02
  3.307960E+02  5.049505E+02
  3.282711E+02  5.049505E+02
  3.257463E+02  5.049505E+02
  3.232214E+02  5.049505E+02
  3.206965E+02  5.049505E+02
  3.181716E+02  5.049505E+02
  3.156468E+02  5.049505E+02
  3.131219E+02  5.049505E+02
  3.105970E+02  5.049505E+02
  3.080721E+02  5.049505E+02
  3.055473E+02  5.049505E+02
  3.030224E+02  5.049505E+02
  3.004975E+02  5.049505E+02
  2.979726E+02  5.049505E+02
  2.954478E+02  5.049505E+02
  2.929229E+02  5.049505E+02
  2.903980E+02  5.049505E+02
  2.878731E+02  5.049505E+02
  2.853483E+02  5.049505E+02
  2.828234E+02  5.049505E+02
  2.802985E+02  5.049505E+02
  2.777736E+02  5.049505E+02
  2.752488E+02  5.049505E+02
  2.727239E+02  5.049505E+02
  2.701990E+02  5.049505E+02
  2.676741E+02  5.049505E+02
  2.651493E+02  5.049505E+02
  2.626244E+02  5.049505E+02
  2.600995E+02  5.049505E+02
  2.575746E+02  5.049505E+02
  2.550498E+02  5.049505E+02
  2.525249E+02  5.049505E+02
  2.500000E+02  5.049505E+02
  2.474751E+02  5.049505E+02
  2.449502E+02  5.049505E+02
  2.424254E+02  5.049505E+02
  2.399005E+02  5.049505E+02
  2.373756E+02  5.049505E+02
  2.348507E+02  5.049505E+02
  2.323259E+02  5.049505E+02
  2.298010E+02  5.049505E+02
  2.272761E+02  5.049505E+02
  2.247512E+02  5.049505E+02
  2.222264E+02  5.049505E+02
  2.197015E+02  5.049505E+02
  2.171766E+02  5.049505E+02
  2.146517E+02  5.049505E+02
  2.121269E+02  5.049505E+02
  2.096020E+02  5.049505E+02
  2.070771E+02  5.049505E+02
  2.045522E+02  5.049505E+02
  2.020274E+02  5.049505E+02
  1.995025E+02  5.049505E+02
  1.969776E+02  5.049505E+02
  1.944527E+02  5.049505E+02
  1.919279E+02  5.049505E+02
  1.894030E+02  5.049505E+02
  1.868781E+02  5.049505E+02
  1.843532E+02  5.049505E+02
  1.818284E+02  5.049505E+02
  1.793035E+02  5.049505E+02
  1.767786E+02  5.049505E+02
  1.742537E+02  5.049505E+02
  1.717289E+02  5.049505E+02
  1.692040E+02  5.049505E+02
  1.666791E+02  5.049505E+02
  1.641542E+02  5.049505E+02
  1.616294E+02  5.049505E+02
  1.591045E+02  5.049505E+02
  1.565796E+02  5.049505E+02
  1.540547E+02  5.049505E+02
  1.515299E+02  5.049505E+02
  1.490050E+02  5.049505E+02
  1.464801E+02  5.049505E+02
  1.439552E+02  5.049505E+02
  1.414303E+02  5.049505E+02
  1.389055E+02  5.049505E+02
  1.363806E+02  5.049505E+02
  1.338557E+02  5.049505E+02
  1.313308E+02  5.049505E+02
  1.288060E+02  5.049505E+02
  1.262811E+02  5.049505E+02
  1.237562E+02  5.049505E+02
  1.212313E+02  5.049505E+02
  1.187065E+02  5.049505E+02
  1.161816E+02  5.049505E+02
  1.136567E+02  5.049505E+02
  1.111318E+02  5.049505E+02
  1.086070E+02  5.049505E+02
  1.060821E+02  5.049505E+02
  1.035572E+02  5.049505E+02
  1.010323E+02  5.049505E+02
  9.850746E+01  5.049505E+02
  9.598259E+01  5.049505E+02
  9.345771E+01  5.049505E+02
  9.093284E+01  5.049505E+02
  8.840796E+01  5.049505E+02
  8.588308E+01  5.049505E+02
  8.335821E+01  5.049505E+02
  8.083333E+01  5.049505E+02
  7.830846E+01  5.049505E+02
  7.578358E+01  5.049505E+02
  7.325871E+01  5.049505E+02
  7.073383E+01  5.049505E+02
  6.820896E+01  5.049505E+02
  6.568408E+01  5.049505E+02
  6.315920E+01  5.049505E+02
  6.063433E+01  5.049505E+02
  5.810945E+01  5.049505E+02
  5.558458E+01  5.049505E+02
  5.305970E+01  5.049505E+02
  5.053483E+01  5.049505E+02
  4.800995E+01  5.049505E+02
  4.548507E+01  5.049505E+02
  4.296020E+01  5.049505E+02
  4.043532E+01  5.049505E+02
  3.791045E+01  5.049505E+02
  3.538557E+01  5.049505E+02
  3.286070E+01  5.049505E+02
  3.033582E+01  5.049505E+02
  2.781095E+01  5.049505E+02
  2.528607E+01  5.049505E+02
  2.276119E+01  5.049505E+02
  2.023632E+01  5.049505E+02
  1.771144E+01  5.049505E+02
  1.518657E+01  5.049505E+02
  1.266169E+01  5.049505E+02
  1.013682E+01  5.049505E+02
  7.611940E+00  5.049505E+02
  5.087065E+00  5.049505E+02
  2.562189E+00  5.049505E+02
  3.731345E-02  5.049505E+02
 -2.487562E+00  5.049505E+02
 -2.487562E+00  4.998515E+02
 -2.487562E+00  4.947525E+02
 -2.487562E+00  4.896535E+02
 -2.487562E+00  4.845545E+02
 -2.487562E+00  4.794554E+02
 -2.487562E+00  4.743564E+02
 -2.487562E+00  4.692574E+02
 -2.487562E+00  4.641584E+02
 -2.487562E+00  4.590594E+02
 -2.487562E+00  4.539604E+02
 -2.487562E+00  4.488614E+02
 -2.487562E+00  4.437624E+02
 -2.487562E+00  4.386634E+02
 -2.487562E+00  4.335644E+02
 -2.487562E+00  4.284653E+02
 -2.487562E+00  4.233663E+02
 -2.487562E+00  4.182673E+02
 -2.487562E+00  4.131683E+02
 -2.487562E+00  4.080693E+02
 -2.487562E+00  4.029703E+02
 -2.487562E+00  3.978713E+02
 -2.487562E+00  3.927723E+02
 -2.487562E+00  3.876733E+02
 -2.487562E+00  3.825743E+02
 -2.487562E+00  3.774752E+02
 -2.487562E+00  3.723762E+02
 -2.487562E+00  3.672772E+02
 -2.487562E+00  3.621782E+02
 -2.487562E+00  3.570792E+02
 -2.487562E+00  3.519802E+02
 -2.487562E+00  3.468812E+02
 -2.487562E+00  3.417822E+02
 -2.487562E+00  3.366832E+02
 -2.487562E+00  3.315842E+02
 -2.487562E+00  3.264851E+02
 -2.487562E+00  3.213861E+02
 -2.487562E+00  3.162871E+02
 -2.487562E+00  3.111881E+02
 -2.487562E+00  3.060891E+02
 -2.487562E+00  3.009901E+02
 -2.487562E+00  2.958911E+02
 -2.487562E+00  2.907921E+02
 -2.487562E+00  2.856931E+02
 -2.487562E+00  2.805941E+02
 -2.487562E+00  2.754950E+02
 -2.487562E+00  2.703960E+02
 -2.487562E+00  2.652970E+02
 -2.487562E+00  2.601980E+02
 -2.487562E+00  2.550990E+02
 -2.487562E+00  2.500000E+02
 -2.487562E+00  2.449010E+02
 -2.487562E+00  2.398020E+02
 -2.487562E+00  2.347030E+02
 -2.487562E+00  2.296040E+02
 -2.487562E+00  2.245050E+02
 -2.487562E+00  2.194059E+02
 -2.487562E+00  2.143069E+02
 -2.487562E+00  2.092079E+02
 -2.487562E+00  2.041089E+02
 -2.487562E+00  1.990099E+02
 -2.487562E+00  1.939109E+02
 -2.487562E+00  1.888119E+02
 -2.487562E+00  1.837129E+02
 -2.487562E+00  1.786139E+02
 -2.487562E+00  1.735149E+02
 -2.487562E+00  1.684158E+02
 -2.487562E+00  1.633168E+02
 -2.487562E+00  1.582178E+02
 -2.487562E+00  1.531188E+02
 -2.487562E+00  1.480198E+02
 -2.487562E+00  1.429208E+02
 -2.487562E+00  1.378218E+02
 -2.487562E+00  1.327228E+02
 -2.487562E+00  1.276238E+02
 -2.487562E+00  1.225248E+02
 -2.487562E+00  1.174257E+02
 -2.487562E+00  1.123267E+02
 -2.487562E+00  1.072277E+02
 -2.487562E+00  1.021287E+02
 -2.487562E+00  9.702970E+01
 -2.487562E+00  9.193069E+01
 -2.487562E+00  8.683168E+01
 -2.487562E+00  8.173267E+01
 -2.487562E+00  7.663366E+01
 -2.487562E+00  7.153465E+01
 -2.487562E+00  6.643564E+01
 -2.487562E+00  6.133663E+01
 -2.487562E+00  5.623762E+01
 -2.487562E+00  5.113861E+01
 -2.487562E+00  4.603960E+01
 -2.487562E+00  4.094059E+01
 -2.487562E+00  3.584158E+01
 -2.487562E+00  3.074257E+01
 -2.487562E+00  2.564356E+01
 -2.487562E+00  2.054455E+01
 -2.487562E+00  1.544554E+01
 -2.487562E+00  1.034653E+01
 -2.487562E+00  5.247525E+00
 -2.487562E+00  1.485149E-01
 -2.487562E+00 -4.950495E+00

h: x ny1,0  y2=[y1](6),ic[darkred]
 -1.000000E+00 -1.000000E+00

hb:   line clip z   cb(darkred)
clip:
  2.397502E+02  1.478695E+02
  2.401178E+02  1.478025E+02
  2.400550E+02  1.480198E+02
  2.399242E+02  1.480435E+02
  2.399005E+02  1.480479E+02
  2.398661E+02  1.480542E+02
  2.390029E+02  1.480198E+02

h: x ny1,0  y2=[y1](1),ic[yellowgreen]
 -1.000000E+00 -1.000000E+00

hb:   line clip z   cb(yellowgreen)
clip:
  2.421236E+02  1.477181E+02
  2.427967E+02  1.476485E+02
  2.449502E+02  1.475159E+02
  2.474751E+02  1.475313E+02
  2.500000E+02  1.477323E+02
  2.519450E+02  1.480198E+02
  2.564493E+02  1.491944E+02
  2.582562E+02  1.499124E+02
  2.599398E+02  1.507536E+02
  2.614917E+02  1.517266E+02
  2.628963E+02  1.528469E+02
  2.651063E+02  1.556008E+02
  2.658361E+02  1.575309E+02
  2.659996E+02  1.590682E+02
  2.651493E+02  1.623184E+02
  2.645374E+02  1.633168E+02
  2.636817E+02  1.643742E+02
  2.626244E+02  1.653934E+02
  2.600995E+02  1.671562E+02
  2.575746E+02  1.683785E+02
  2.556930E+02  1.690591E+02
  2.539010E+02  1.695646E+02
  2.507730E+02  1.701677E+02
  2.479719E+02  1.704440E+02
  2.453962E+02  1.704948E+02
  2.429965E+02  1.703696E+02
  2.407452E+02  1.700960E+02
  2.386264E+02  1.696899E+02
  2.366313E+02  1.691602E+02
  2.347561E+02  1.685105E+02
  2.323259E+02  1.673922E+02
  2.298552E+02  1.657875E+02
  2.285248E+02  1.645931E+02
  2.274626E+02  1.633168E+02
  2.260219E+02  1.595377E+02
  2.272761E+02  1.630421E+02
  2.260172E+02  1.594767E+02
  2.260463E+02  1.582178E+02
  2.262491E+02  1.571908E+02
  2.272761E+02  1.549579E+02
  2.288132E+02  1.531188E+02
  2.293290E+02  1.526469E+02
  2.298010E+02  1.522553E+02
  2.322958E+02  1.506241E+02
  2.323259E+02  1.506078E+02
  2.348507E+02  1.494527E+02
  2.373756E+02  1.486242E+02
  2.399005E+02  1.480479E+02
  2.400550E+02  1.480198E+02

hb:   line clip z   cb(darkred)
clip:
  2.524041E+02  1.478990E+02
  2.529971E+02  1.480198E+02
  2.526618E+02  1.481567E+02
  2.525249E+02  1.481292E+02
  2.524335E+02  1.481112E+02
  2.519450E+02  1.480198E+02

hb:   line clip z   cb(yellowgreen)
clip:
  2.168328E+02  1.578740E+02
  2.171766E+02  1.570534E+02
  2.203841E+02  1.550103E+02
  2.177748E+02  1.582178E+02
  2.176836E+02  1.587248E+02
  2.171766E+02  1.609466E+02
  2.166813E+02  1.587131E+02
  2.167482E+02  1.582178E+02

h: x ny1,0  y2=[y1](9),ic[cyan]
 -1.000000E+00 -1.000000E+00

hb:   line clip z   cb(cyan)
clip:
  2.184581E+02  1.569744E+02
  2.197015E+02  1.561610E+02
  2.217272E+02  1.561921E+02
  2.222264E+02  1.564347E+02
  2.231434E+02  1.573008E+02
  2.235672E+02  1.582178E+02
  2.236101E+02  1.596015E+02
  2.222264E+02  1.615653E+02
  2.189718E+02  1.614724E+02
  2.197015E+02  1.618390E+02
  2.178631E+02  1.600562E+02
  2.177748E+02  1.582178E+02

hb:   line clip z   cb(yellowgreen)
clip:
  2.674561E+02  1.579998E+02
  2.676741E+02  1.573746E+02
  2.708649E+02  1.550270E+02
  2.684328E+02  1.582178E+02
  2.683316E+02  1.588753E+02
  2.676741E+02  1.606254E+02
  2.673560E+02  1.585359E+02
  2.674062E+02  1.582178E+02

hb:   line clip z   cb(cyan)
clip:
  2.690409E+02  1.570597E+02
  2.701990E+02  1.562210E+02
  2.722666E+02  1.561503E+02
  2.727239E+02  1.563440E+02
  2.737344E+02  1.572073E+02
  2.742252E+02  1.582178E+02
  2.742383E+02  1.597322E+02
  2.727239E+02  1.616560E+02
  2.695363E+02  1.614054E+02
  2.701990E+02  1.617790E+02
  2.684793E+02  1.599376E+02
  2.684328E+02  1.582178E+02

hb:   line clip z   cb(yellowgreen)
clip:
  2.721074E+02  1.550765E+02
  2.752488E+02  1.582028E+02
  2.752488E+02  1.597972E+02
  2.743257E+02  1.591409E+02
  2.742252E+02  1.582178E+02

hb:   line clip z   cb(darkred)
clip:
  2.271060E+02  1.631467E+02
  2.272761E+02  1.630421E+02
  2.273862E+02  1.632068E+02
  2.274626E+02  1.633168E+02
  2.281775E+02  1.642182E+02
  2.272761E+02  1.633980E+02
  2.272428E+02  1.633501E+02
  2.272199E+02  1.633168E+02

hb:   line clip z   cb(darkred)
clip:
  2.575481E+02  1.683893E+02
  2.576380E+02  1.683525E+02
  2.580015E+02  1.684158E+02
  2.577008E+02  1.685420E+02
  2.575746E+02  1.685935E+02
  2.572798E+02  1.687106E+02
  2.574825E+02  1.684158E+02

h: x ny1,0  y2=[y1](18),ic[brown]
 -1.000000E+00 -1.000000E+00

hb:   line clip z   cb(brown)
clip:
  6.100000E+01  2.733358E+02
  6.315920E+01  2.730000E+02
  6.565425E+01  2.730000E+02
  4.292662E+02  2.730000E+02
  4.310000E+02  2.737612E+02
  4.310000E+02  2.754950E+02
  4.310000E+02  2.772289E+02
  4.310000E+02  2.805941E+02
  4.310000E+02  2.823279E+02
  4.310000E+02  2.856931E+02
  4.310000E+02  2.874269E+02
  4.310000E+02  2.907921E+02
  4.310000E+02  2.925259E+02
  4.310000E+02  2.958911E+02
  4.303751E+02  2.970000E+02
  4.292662E+02  2.970000E+02
  4.281573E+02  2.970000E+02
  4.267413E+02  2.970000E+02
  4.256324E+02  2.970000E+02
  4.242164E+02  2.970000E+02
  4.231075E+02  2.970000E+02
  4.216915E+02  2.970000E+02
  4.205826E+02  2.970000E+02
  4.191667E+02  2.970000E+02
  4.180578E+02  2.970000E+02
  4.166418E+02  2.970000E+02
  4.155329E+02  2.970000E+02
  4.141169E+02  2.970000E+02
  4.130080E+02  2.970000E+02
  4.115920E+02  2.970000E+02
  4.104831E+02  2.970000E+02
  4.090672E+02  2.970000E+02
  4.079583E+02  2.970000E+02
  4.065423E+02  2.970000E+02
  4.054334E+02  2.970000E+02
  4.040174E+02  2.970000E+02
  4.029085E+02  2.970000E+02
  4.014925E+02  2.970000E+02
  4.003836E+02  2.970000E+02
  3.989677E+02  2.970000E+02
  3.978588E+02  2.970000E+02
  3.964428E+02  2.970000E+02
  3.953339E+02  2.970000E+02
  3.939179E+02  2.970000E+02
  3.928090E+02  2.970000E+02
  3.913930E+02  2.970000E+02
  3.902841E+02  2.970000E+02
  3.888682E+02  2.970000E+02
  3.877592E+02  2.970000E+02
  3.863433E+02  2.970000E+02
  3.852344E+02  2.970000E+02
  3.838184E+02  2.970000E+02
  3.827095E+02  2.970000E+02
  3.812935E+02  2.970000E+02
  3.801846E+02  2.970000E+02
  3.787687E+02  2.970000E+02
  3.776597E+02  2.970000E+02
  3.762438E+02  2.970000E+02
  3.751349E+02  2.970000E+02
  3.737189E+02  2.970000E+02
  3.726100E+02  2.970000E+02
  3.711940E+02  2.970000E+02
  3.700851E+02  2.970000E+02
  3.686692E+02  2.970000E+02
  3.675602E+02  2.970000E+02
  3.661443E+02  2.970000E+02
  3.650354E+02  2.970000E+02
  3.636194E+02  2.970000E+02
  3.625105E+02  2.970000E+02
  3.610945E+02  2.970000E+02
  3.599856E+02  2.970000E+02
  3.585697E+02  2.970000E+02
  3.574607E+02  2.970000E+02
  3.560448E+02  2.970000E+02
  3.549359E+02  2.970000E+02
  3.535199E+02  2.970000E+02
  3.524110E+02  2.970000E+02
  3.509950E+02  2.970000E+02
  3.498861E+02  2.970000E+02
  3.484701E+02  2.970000E+02
  3.473612E+02  2.970000E+02
  3.459453E+02  2.970000E+02
  3.448364E+02  2.970000E+02
  3.434204E+02  2.970000E+02
  3.423115E+02  2.970000E+02
  3.408955E+02  2.970000E+02
  3.397866E+02  2.970000E+02
  3.383706E+02  2.970000E+02
  3.372617E+02  2.970000E+02
  3.358458E+02  2.970000E+02
  3.347369E+02  2.970000E+02
  3.333209E+02  2.970000E+02
  3.322120E+02  2.970000E+02
  3.307960E+02  2.970000E+02
  3.296871E+02  2.970000E+02
  3.282711E+02  2.970000E+02
  3.271622E+02  2.970000E+02
  3.257463E+02  2.970000E+02
  3.246374E+02  2.970000E+02
  3.232214E+02  2.970000E+02
  3.221125E+02  2.970000E+02
  3.206965E+02  2.970000E+02
  3.195876E+02  2.970000E+02
  3.181716E+02  2.970000E+02
  3.170627E+02  2.970000E+02
  3.156468E+02  2.970000E+02
  3.145379E+02  2.970000E+02
  3.131219E+02  2.970000E+02
  3.120130E+02  2.970000E+02
  3.105970E+02  2.970000E+02
  3.094881E+02  2.970000E+02
  3.080721E+02  2.970000E+02
  3.069632E+02  2.970000E+02
  3.055473E+02  2.970000E+02
  3.044384E+02  2.970000E+02
  3.030224E+02  2.970000E+02
  3.019135E+02  2.970000E+02
  3.004975E+02  2.970000E+02
  2.993886E+02  2.970000E+02
  2.979726E+02  2.970000E+02
  2.968637E+02  2.970000E+02
  2.954478E+02  2.970000E+02
  2.943389E+02  2.970000E+02
  2.929229E+02  2.970000E+02
  2.918140E+02  2.970000E+02
  2.903980E+02  2.970000E+02
  2.892891E+02  2.970000E+02
  2.878731E+02  2.970000E+02
  2.867642E+02  2.970000E+02
  2.853483E+02  2.970000E+02
  2.842393E+02  2.970000E+02
  2.828234E+02  2.970000E+02
  2.817145E+02  2.970000E+02
  2.802985E+02  2.970000E+02
  2.791896E+02  2.970000E+02
  2.777736E+02  2.970000E+02
  2.766647E+02  2.970000E+02
  2.752488E+02  2.970000E+02
  2.741398E+02  2.970000E+02
  2.727239E+02  2.970000E+02
  2.716150E+02  2.970000E+02
  2.701990E+02  2.970000E+02
  2.690901E+02  2.970000E+02
  2.676741E+02  2.970000E+02
  2.665652E+02  2.970000E+02
  2.651493E+02  2.970000E+02
  2.640403E+02  2.970000E+02
  2.626244E+02  2.970000E+02
  2.615155E+02  2.970000E+02
  2.600995E+02  2.970000E+02
  2.589906E+02  2.970000E+02
  2.575746E+02  2.970000E+02
  2.564657E+02  2.970000E+02
  2.550498E+02  2.970000E+02
  2.539408E+02  2.970000E+02
  2.525249E+02  2.970000E+02
  2.514160E+02  2.970000E+02
  2.500000E+02  2.970000E+02
  2.488911E+02  2.970000E+02
  2.474751E+02  2.970000E+02
  2.463662E+02  2.970000E+02
  2.449502E+02  2.970000E+02
  2.438413E+02  2.970000E+02
  2.424254E+02  2.970000E+02
  2.413165E+02  2.970000E+02
  2.399005E+02  2.970000E+02
  2.387916E+02  2.970000E+02
  2.373756E+02  2.970000E+02
  2.362667E+02  2.970000E+02
  2.348507E+02  2.970000E+02
  2.337418E+02  2.970000E+02
  2.323259E+02  2.970000E+02
  2.312170E+02  2.970000E+02
  2.298010E+02  2.970000E+02
  2.286921E+02  2.970000E+02
  2.272761E+02  2.970000E+02
  2.261672E+02  2.970000E+02
  2.247512E+02  2.970000E+02
  2.236423E+02  2.970000E+02
  2.222264E+02  2.970000E+02
  2.211175E+02  2.970000E+02
  2.197015E+02  2.970000E+02
  2.185926E+02  2.970000E+02
  2.171766E+02  2.970000E+02
  2.160677E+02  2.970000E+02
  2.146517E+02  2.970000E+02
  2.135428E+02  2.970000E+02
  2.121269E+02  2.970000E+02
  2.110180E+02  2.970000E+02
  2.096020E+02  2.970000E+02
  2.084931E+02  2.970000E+02
  2.070771E+02  2.970000E+02
  2.059682E+02  2.970000E+02
  2.045522E+02  2.970000E+02
  2.034433E+02  2.970000E+02
  2.020274E+02  2.970000E+02
  2.009185E+02  2.970000E+02
  1.995025E+02  2.970000E+02
  1.983936E+02  2.970000E+02
  1.969776E+02  2.970000E+02
  1.958687E+02  2.970000E+02
  1.944527E+02  2.970000E+02
  1.933438E+02  2.970000E+02
  1.919279E+02  2.970000E+02
  1.908189E+02  2.970000E+02
  1.894030E+02  2.970000E+02
  1.882941E+02  2.970000E+02
  1.868781E+02  2.970000E+02
  1.857692E+02  2.970000E+02
  1.843532E+02  2.970000E+02
  1.832443E+02  2.970000E+02
  1.818284E+02  2.970000E+02
  1.807194E+02  2.970000E+02
  1.793035E+02  2.970000E+02
  1.781946E+02  2.970000E+02
  1.767786E+02  2.970000E+02
  1.756697E+02  2.970000E+02
  1.742537E+02  2.970000E+02
  1.731448E+02  2.970000E+02
  1.717289E+02  2.970000E+02
  1.706199E+02  2.970000E+02
  1.692040E+02  2.970000E+02
  1.680951E+02  2.970000E+02
  1.666791E+02  2.970000E+02
  1.655702E+02  2.970000E+02
  1.641542E+02  2.970000E+02
  1.630453E+02  2.970000E+02
  1.616294E+02  2.970000E+02
  1.605204E+02  2.970000E+02
  1.591045E+02  2.970000E+02
  1.579956E+02  2.970000E+02
  1.565796E+02  2.970000E+02
  1.554707E+02  2.970000E+02
  1.540547E+02  2.970000E+02
  1.529458E+02  2.970000E+02
  1.515299E+02  2.970000E+02
  1.504209E+02  2.970000E+02
  1.490050E+02  2.970000E+02
  1.478961E+02  2.970000E+02
  1.464801E+02  2.970000E+02
  1.453712E+02  2.970000E+02
  1.439552E+02  2.970000E+02
  1.428463E+02  2.970000E+02
  1.414303E+02  2.970000E+02
  1.403214E+02  2.970000E+02
  1.389055E+02  2.970000E+02
  1.377966E+02  2.970000E+02
  1.363806E+02  2.970000E+02
  1.352717E+02  2.970000E+02
  1.338557E+02  2.970000E+02
  1.327468E+02  2.970000E+02
  1.313308E+02  2.970000E+02
  1.302219E+02  2.970000E+02
  1.288060E+02  2.970000E+02
  1.276971E+02  2.970000E+02
  1.262811E+02  2.970000E+02
  1.251722E+02  2.970000E+02
  1.237562E+02  2.970000E+02
  1.226473E+02  2.970000E+02
  1.212313E+02  2.970000E+02
  1.201224E+02  2.970000E+02
  1.187065E+02  2.970000E+02
  1.175976E+02  2.970000E+02
  1.161816E+02  2.970000E+02
  1.150727E+02  2.970000E+02
  1.136567E+02  2.970000E+02
  1.125478E+02  2.970000E+02
  1.111318E+02  2.970000E+02
  1.100229E+02  2.970000E+02
  1.086070E+02  2.970000E+02
  1.074981E+02  2.970000E+02
  1.060821E+02  2.970000E+02
  1.049732E+02  2.970000E+02
  1.035572E+02  2.970000E+02
  1.024483E+02  2.970000E+02
  1.010323E+02  2.970000E+02
  9.992343E+01  2.970000E+02
  9.850746E+01  2.970000E+02
  9.739855E+01  2.970000E+02
  9.598259E+01  2.970000E+02
  9.487368E+01  2.970000E+02
  9.345771E+01  2.970000E+02
  9.234880E+01  2.970000E+02
  9.093284E+01  2.970000E+02
  8.982392E+01  2.970000E+02
  8.840796E+01  2.970000E+02
  8.729905E+01  2.970000E+02
  8.588308E+01  2.970000E+02
  8.477417E+01  2.970000E+02
  8.335821E+01  2.970000E+02
  8.224930E+01  2.970000E+02
  8.083333E+01  2.970000E+02
  7.972442E+01  2.970000E+02
  7.830846E+01  2.970000E+02
  7.719955E+01  2.970000E+02
  7.578358E+01  2.970000E+02
  7.467467E+01  2.970000E+02
  7.325871E+01  2.970000E+02
  7.214980E+01  2.970000E+02
  7.073383E+01  2.970000E+02
  6.962492E+01  2.970000E+02
  6.820896E+01  2.970000E+02
  6.710004E+01  2.970000E+02
  6.568408E+01  2.970000E+02
  6.457517E+01  2.970000E+02
  6.315920E+01  2.970000E+02
  6.205029E+01  2.970000E+02
  6.100000E+01  2.958911E+02
  6.100000E+01  2.937319E+02
  6.100000E+01  2.907921E+02
  6.100000E+01  2.886329E+02
  6.100000E+01  2.856931E+02
  6.100000E+01  2.835339E+02
  6.100000E+01  2.805941E+02
  6.100000E+01  2.784349E+02
  6.100000E+01  2.754950E+02
