[ T-Gshow ]
    title = generated human phantom xy
     mesh =  xyz            # mesh type is xyz scoring mesh
   x-type =    2            # x-mesh is linear given by xmin, xmax and nx
     xmin =   0.000000      # minimum value of x-mesh points
     xmax =   500.0000      # maximum value of x-mesh points
#    xdel =   2.500000      # mesh width of x-mesh points
       nx =    200          # number of x-mesh points
   y-type =    2            # y-mesh is linear given by ymin, ymax and ny
     ymin =   0.000000      # minimum value of y-mesh points
     ymax =   500.0000      # maximum value of y-mesh points
#    ydel =   5.000000      # mesh width of y-mesh points
       ny =    100          # number of y-mesh points
   z-type =    1            # z-mesh is given by the below data
       nz =      1          # number of z-mesh points
#    data = ( z(i), i = 1, nz + 1 )
           -1.20000E+02  1.20000E+02
     axis =   xy            # axis of output
     file = top_view.out    # file name of output for the above axis
   output =    2            # (D=2) 1:bnd, 2:bnd+mat, 3:bnd+num 4:bnd+mat+num
    ginfo =    2            # (D=0) 0:no, 1:show in graph, 2:add file
    resol =    1            # (D=1) resolution of gshow or rshow
    width = 0.5000000       # (D=0.5) width of lines for gshow or rshow
   epsout =    1            # (D=0) generate eps file by ANGEL
#    used :        main (  %)        temp (  %)       total (  %)
#  memory :         304 (  0)       10151 (  0)       10455 (  0)

#------------------------------------------------------------------------------
#newpage:
#   no. =  1   z =    0.0000E+00

'no. =  1,    z =    0.0000E+00'
msuc: {\huge generated human phantom xy}
msdr: {\it plotted by \ANGEL \version}
msdl: {\it calculated by \PHITS  3.28}

x: x [cm]
y: y [cm]
set: c1[ 1.000] c2[ 0.900] c5[ 0.800] c6[ 1.000] c7[ 0.000] c8[ 0.000]
p: h2fs form[c1] xfac[c2] afac[c5] scal[c6] xorg[c7] yorg[c8] nosp
p: xmin(  0.000000    ) xmax(  500.0000    )
p: ymin(  0.000000    ) ymax(  500.0000    )

p: legs[c5*0.875]

h: x ny1,0  y2=[y1](16),ic[pastelpurple]
 -1.000000E+00 -1.000000E+00

hb:   line clip z   cb(pastelpurple)
frame:
  0.0000000E+00  0.0000000E+00
  5.0000000E+02  0.0000000E+00
  5.0000000E+02  5.0000000E+02
  0.0000000E+00  5.0000000E+02
clip:
 -2.487562E+00 -4.950495E+00
  5.024876E+02 -4.950495E+00
  5.024876E+02  1.485149E-01
  5.024876E+02  5.247525E+00
  5.024876E+02  1.034653E+01
  5.024876E+02  1.544554E+01
  5.024876E+02  2.054455E+01
  5.024876E+02  2.564356E+01
  5.024876E+02  3.074257E+01
  5.024876E+02  3.584158E+01
  5.024876E+02  4.094059E+01
  5.024876E+02  4.603960E+01
  5.024876E+02  5.113861E+01
  5.024876E+02  5.623762E+01
  5.024876E+02  6.133663E+01
  5.024876E+02  6.643564E+01
  5.024876E+02  7.153465E+01
  5.024876E+02  7.663366E+01
  5.024876E+02  8.173267E+01
  5.024876E+02  8.683168E+01
  5.024876E+02  9.193069E+01
  5.024876E+02  9.702970E+01
  5.024876E+02  1.021287E+02
  5.024876E+02  1.072277E+02
  5.024876E+02  1.123267E+02
  5.024876E+02  1.174257E+02
  5.024876E+02  1.225248E+02
  5.024876E+02  1.276238E+02
  5.024876E+02  1.327228E+02
  5.024876E+02  1.378218E+02
  5.024876E+02  1.429208E+02
  5.024876E+02  1.480198E+02
  5.024876E+02  1.531188E+02
  5.024876E+02  1.582178E+02
  5.024876E+02  1.633168E+02
  5.024876E+02  1.684158E+02
  5.024876E+02  1.735149E+02
  5.024876E+02  1.786139E+02
  5.024876E+02  1.837129E+02
  5.024876E+02  1.888119E+02
  5.024876E+02  1.939109E+02
  5.024876E+02  1.990099E+02
  5.024876E+02  2.041089E+02
  5.024876E+02  2.092079E+02
  5.024876E+02  2.143069E+02
  5.024876E+02  2.194059E+02
  5.024876E+02  2.245050E+02
  5.024876E+02  2.296040E+02
  5.024876E+02  2.347030E+02
  5.024876E+02  2.398020E+02
  5.024876E+02  2.449010E+02
  5.024876E+02  2.500000E+02
  5.024876E+02  2.550990E+02
  5.024876E+02  2.601980E+02
  5.024876E+02  2.652970E+02
  5.024876E+02  2.703960E+02
  5.024876E+02  2.754950E+02
  5.024876E+02  2.805941E+02
  5.024876E+02  2.856931E+02
  5.024876E+02  2.907921E+02
  5.024876E+02  2.958911E+02
  5.024876E+02  3.009901E+02
  5.024876E+02  3.060891E+02
  5.024876E+02  3.111881E+02
  5.024876E+02  3.162871E+02
  5.024876E+02  3.213861E+02
  5.024876E+02  3.264851E+02
  5.024876E+02  3.315842E+02
  5.024876E+02  3.366832E+02
  5.024876E+02  3.417822E+02
  5.024876E+02  3.468812E+02
  5.024876E+02  3.519802E+02
  5.024876E+02  3.570792E+02
  5.024876E+02  3.621782E+02
  5.024876E+02  3.672772E+02
  5.024876E+02  3.723762E+02
  5.024876E+02  3.774752E+02
  5.024876E+02  3.825743E+02
  5.024876E+02  3.876733E+02
  5.024876E+02  3.927723E+02
  5.024876E+02  3.978713E+02
  5.024876E+02  4.029703E+02
  5.024876E+02  4.080693E+02
  5.024876E+02  4.131683E+02
  5.024876E+02  4.182673E+02
  5.024876E+02  4.233663E+02
  5.024876E+02  4.284653E+02
  5.024876E+02  4.335644E+02
  5.024876E+02  4.386634E+02
  5.024876E+02  4.437624E+02
  5.024876E+02  4.488614E+02
  5.024876E+02  4.539604E+02
  5.024876E+02  4.590594E+02
  5.024876E+02  4.641584E+02
  5.024876E+02  4.692574E+02
  5.024876E+02  4.743564E+02
  5.024876E+02  4.794554E+02
  5.024876E+02  4.845545E+02
  5.024876E+02  4.896535E+02
  5.024876E+02  4.947525E+02
  5.024876E+02  4.998515E+02
  5.024876E+02  5.049505E+02
  4.999627E+02  5.049505E+02
  4.974378E+02  5.049505E+02
  4.949129E+02  5.049505E+02
  4.923881E+02  5.049505E+02
  4.898632E+02  5.049505E+02
  4.873383E+02  5.049505E+02
  4.848134E+02  5.049505E+02
  4.822886E+02  5.049505E+02
  4.797637E+02  5.049505E+02
  4.772388E+02  5.049505E+02
  4.747139E+02  5.049505E+02
  4.721891E+02  5.049505E+02
  4.696642E+02  5.049505E+02
  4.671393E+02  5.049505E+02
  4.646144E+02  5.049505E+02
  4.620896E+02  5.049505E+02
  4.595647E+02  5.049505E+02
  4.570398E+02  5.049505E+02
  4.545149E+02  5.049505E+02
  4.519900E+02  5.049505E+02
  4.494652E+02  5.049505E+02
  4.469403E+02  5.049505E+02
  4.444154E+02  5.049505E+02
  4.418905E+02  5.049505E+02
  4.393657E+02  5.049505E+02
  4.368408E+02  5.049505E+02
  4.343159E+02  5.049505E+02
  4.317910E+02  5.049505E+02
  4.292662E+02  5.049505E+02
  4.267413E+02  5.049505E+02
  4.242164E+02  5.049505E+02
  4.216915E+02  5.049505E+02
  4.191667E+02  5.049505E+02
  4.166418E+02  5.049505E+02
  4.141169E+02  5.049505E+02
  4.115920E+02  5.049505E+02
  4.090672E+02  5.049505E+02
  4.065423E+02  5.049505E+02
  4.040174E+02  5.049505E+02
  4.014925E+02  5.049505E+02
  3.989677E+02  5.049505E+02
  3.964428E+02  5.049505E+02
  3.939179E+02  5.049505E+02
  3.913930E+02  5.049505E+02
  3.888682E+02  5.049505E+02
  3.863433E+02  5.049505E+02
  3.838184E+02  5.049505E+02
  3.812935E+02  5.049505E+02
  3.787687E+02  5.049505E+02
  3.762438E+02  5.049505E+02
  3.737189E+02  5.049505E+02
  3.711940E+02  5.049505E+02
  3.686692E+02  5.049505E+02
  3.661443E+02  5.049505E+02
  3.636194E+02  5.049505E+02
  3.610945E+02  5.049505E+02
  3.585697E+02  5.049505E+02
  3.560448E+02  5.049505E+02
  3.535199E+02  5.049505E+02
  3.509950E+02  5.049505E+02
  3.484701E+02  5.049505E+02
  3.459453E+02  5.049505E+02
  3.434204E+02  5.049505E+02
  3.408955E+02  5.049505E+02
  3.383706E+02  5.049505E+02
  3.358458E+02  5.049505E+02
  3.333209E+02  5.049505E+02
  3.307960E+02  5.049505E+02
  3.282711E+02  5.049505E+02
  3.257463E+02  5.049505E+02
  3.232214E+02  5.049505E+02
  3.206965E+02  5.049505E+02
  3.181716E+02  5.049505E+02
  3.156468E+02  5.049505E+02
  3.131219E+02  5.049505E+02
  3.105970E+02  5.049505E+02
  3.080721E+02  5.049505E+02
  3.055473E+02  5.049505E+02
  3.030224E+02  5.049505E+02
  3.004975E+02  5.049505E+02
  2.979726E+02  5.049505E+02
  2.954478E+02  5.049505E+02
  2.929229E+02  5.049505E+02
  2.903980E+02  5.049505E+02
  2.878731E+02  5.049505E+02
  2.853483E+02  5.049505E+02
  2.828234E+02  5.049505E+02
  2.802985E+02  5.049505E+02
  2.777736E+02  5.049505E+02
  2.752488E+02  5.049505E+02
  2.727239E+02  5.049505E+02
  2.701990E+02  5.049505E+02
  2.676741E+02  5.049505E+02
  2.651493E+02  5.049505E+02
  2.626244E+02  5.049505E+02
  2.600995E+02  5.049505E+02
  2.575746E+02  5.049505E+02
  2.550498E+02  5.049505E+02
  2.525249E+02  5.049505E+02
  2.500000E+02  5.049505E+02
  2.474751E+02  5.049505E+02
  2.449502E+02  5.049505E+02
  2.424254E+02  5.049505E+02
  2.399005E+02  5.049505E+02
  2.373756E+02  5.049505E+02
  2.348507E+02  5.049505E+02
  2.323259E+02  5.049505E+02
  2.298010E+02  5.049505E+02
  2.272761E+02  5.049505E+02
  2.247512E+02  5.049505E+02
  2.222264E+02  5.049505E+02
  2.197015E+02  5.049505E+02
  2.171766E+02  5.049505E+02
  2.146517E+02  5.049505E+02
  2.121269E+02  5.049505E+02
  2.096020E+02  5.049505E+02
  2.070771E+02  5.049505E+02
  2.045522E+02  5.049505E+02
  2.020274E+02  5.049505E+02
  1.995025E+02  5.049505E+02
  1.969776E+02  5.049505E+02
  1.944527E+02  5.049505E+02
  1.919279E+02  5.049505E+02
  1.894030E+02  5.049505E+02
  1.868781E+02  5.049505E+02
  1.843532E+02  5.049505E+02
  1.818284E+02  5.049505E+02
  1.793035E+02  5.049505E+02
  1.767786E+02  5.049505E+02
  1.742537E+02  5.049505E+02
  1.717289E+02  5.049505E+02
  1.692040E+02  5.049505E+02
  1.666791E+02  5.049505E+02
  1.641542E+02  5.049505E+02
  1.616294E+02  5.049505E+02
  1.591045E+02  5.049505E+02
  1.565796E+02  5.049505E+02
  1.540547E+02  5.049505E+02
  1.515299E+02  5.049505E+02
  1.490050E+02  5.049505E+02
  1.464801E+02  5.049505E+02
  1.439552E+02  5.049505E+02
  1.414303E+02  5.049505E+02
  1.389055E+02  5.049505E+02
  1.363806E+02  5.049505E+02
  1.338557E+02  5.049505E+02
  1.313308E+02  5.049505E+02
  1.288060E+02  5.049505E+02
  1.262811E+02  5.049505E+02
  1.237562E+02  5.049505E+02
  1.212313E+02  5.049505E+02
  1.187065E+02  5.049505E+02
  1.161816E+02  5.049505E+02
  1.136567E+02  5.049505E+02
  1.111318E+02  5.049505E+02
  1.086070E+02  5.049505E+02
  1.060821E+02  5.049505E+02
  1.035572E+02  5.049505E+02
  1.010323E+02  5.049505E+02
  9.850746E+01  5.049505E+02
  9.598259E+01  5.049505E+02
  9.345771E+01  5.049505E+02
  9.093284E+01  5.049505E+02
  8.840796E+01  5.049505E+02
  8.588308E+01  5.049505E+02
  8.335821E+01  5.049505E+02
  8.083333E+01  5.049505E+02
  7.830846E+01  5.049505E+02
  7.578358E+01  5.049505E+02
  7.325871E+01  5.049505E+02
  7.073383E+01  5.049505E+02
  6.820896E+01  5.049505E+02
  6.568408E+01  5.049505E+02
  6.315920E+01  5.049505E+02
  6.063433E+01  5.049505E+02
  5.810945E+01  5.049505E+02
  5.558458E+01  5.049505E+02
  5.305970E+01  5.049505E+02
  5.053483E+01  5.049505E+02
  4.800995E+01  5.049505E+02
  4.548507E+01  5.049505E+02
  4.296020E+01  5.049505E+02
  4.043532E+01  5.049505E+02
  3.791045E+01  5.049505E+02
  3.538557E+01  5.049505E+02
  3.286070E+01  5.049505E+02
  3.033582E+01  5.049505E+02
  2.781095E+01  5.049505E+02
  2.528607E+01  5.049505E+02
  2.276119E+01  5.049505E+02
  2.023632E+01  5.049505E+02
  1.771144E+01  5.049505E+02
  1.518657E+01  5.049505E+02
  1.266169E+01  5.049505E+02
  1.013682E+01  5.049505E+02
  7.611940E+00  5.049505E+02
  5.087065E+00  5.049505E+02
  2.562189E+00  5.049505E+02
  3.731345E-02  5.049505E+02
 -2.487562E+00  5.049505E+02
 -2.487562E+00  4.998515E+02
 -2.487562E+00  4.947525E+02
 -2.487562E+00  4.896535E+02
 -2.487562E+00  4.845545E+02
 -2.487562E+00  4.794554E+02
 -2.487562E+00  4.743564E+02
 -2.487562E+00  4.692574E+02
 -2.487562E+00  4.641584E+02
 -2.487562E+00  4.590594E+02
 -2.487562E+00  4.539604E+02
 -2.487562E+00  4.488614E+02
 -2.487562E+00  4.437624E+02
 -2.487562E+00  4.386634E+02
 -2.487562E+00  4.335644E+02
 -2.487562E+00  4.284653E+02
 -2.487562E+00  4.233663E+02
 -2.487562E+00  4.182673E+02
 -2.487562E+00  4.131683E+02
 -2.487562E+00  4.080693E+02
 -2.487562E+00  4.029703E+02
 -2.487562E+00  3.978713E+02
 -2.487562E+00  3.927723E+02
 -2.487562E+00  3.876733E+02
 -2.487562E+00  3.825743E+02
 -2.487562E+00  3.774752E+02
 -2.487562E+00  3.723762E+02
 -2.487562E+00  3.672772E+02
 -2.487562E+00  3.621782E+02
 -2.487562E+00  3.570792E+02
 -2.487562E+00  3.519802E+02
 -2.487562E+00  3.468812E+02
 -2.487562E+00  3.417822E+02
 -2.487562E+00  3.366832E+02
 -2.487562E+00  3.315842E+02
 -2.487562E+00  3.264851E+02
 -2.487562E+00  3.213861E+02
 -2.487562E+00  3.162871E+02
 -2.487562E+00  3.111881E+02
 -2.487562E+00  3.060891E+02
 -2.487562E+00  3.009901E+02
 -2.487562E+00  2.958911E+02
 -2.487562E+00  2.907921E+02
 -2.487562E+00  2.856931E+02
 -2.487562E+00  2.805941E+02
 -2.487562E+00  2.754950E+02
 -2.487562E+00  2.703960E+02
 -2.487562E+00  2.652970E+02
 -2.487562E+00  2.601980E+02
 -2.487562E+00  2.550990E+02
 -2.487562E+00  2.500000E+02
 -2.487562E+00  2.449010E+02
 -2.487562E+00  2.398020E+02
 -2.487562E+00  2.347030E+02
 -2.487562E+00  2.296040E+02
 -2.487562E+00  2.245050E+02
 -2.487562E+00  2.194059E+02
 -2.487562E+00  2.143069E+02
 -2.487562E+00  2.092079E+02
 -2.487562E+00  2.041089E+02
 -2.487562E+00  1.990099E+02
 -2.487562E+00  1.939109E+02
 -2.487562E+00  1.888119E+02
 -2.487562E+00  1.837129E+02
 -2.487562E+00  1.786139E+02
 -2.487562E+00  1.735149E+02
 -2.487562E+00  1.684158E+02
 -2.487562E+00  1.633168E+02
 -2.487562E+00  1.582178E+02
 -2.487562E+00  1.531188E+02
 -2.487562E+00  1.480198E+02
 -2.487562E+00  1.429208E+02
 -2.487562E+00  1.378218E+02
 -2.487562E+00  1.327228E+02
 -2.487562E+00  1.276238E+02
 -2.487562E+00  1.225248E+02
 -2.487562E+00  1.174257E+02
 -2.487562E+00  1.123267E+02
 -2.487562E+00  1.072277E+02
 -2.487562E+00  1.021287E+02
 -2.487562E+00  9.702970E+01
 -2.487562E+00  9.193069E+01
 -2.487562E+00  8.683168E+01
 -2.487562E+00  8.173267E+01
 -2.487562E+00  7.663366E+01
 -2.487562E+00  7.153465E+01
 -2.487562E+00  6.643564E+01
 -2.487562E+00  6.133663E+01
 -2.487562E+00  5.623762E+01
 -2.487562E+00  5.113861E+01
 -2.487562E+00  4.603960E+01
 -2.487562E+00  4.094059E+01
 -2.487562E+00  3.584158E+01
 -2.487562E+00  3.074257E+01
 -2.487562E+00  2.564356E+01
 -2.487562E+00  2.054455E+01
 -2.487562E+00  1.544554E+01
 -2.487562E+00  1.034653E+01
 -2.487562E+00  5.247525E+00
 -2.487562E+00  1.485149E-01
 -2.487562E+00 -4.950495E+00

h: x ny1,0  y2=[y1](20),ic[brown]
 -1.000000E+00 -1.000000E+00

hb:   line clip z   cb(brown)
clip:
  1.685901E+02  1.780000E+02
  3.566586E+02  1.780000E+02
  3.570000E+02  1.786139E+02
  3.570000E+02  1.795691E+02
  3.570000E+02  1.837129E+02
  3.570000E+02  1.846681E+02
  3.570000E+02  1.888119E+02
  3.562329E+02  1.890000E+02
  3.560448E+02  1.890000E+02
  3.558567E+02  1.890000E+02
  3.535199E+02  1.890000E+02
  3.533318E+02  1.890000E+02
  3.509950E+02  1.890000E+02
  3.508069E+02  1.890000E+02
  3.484701E+02  1.890000E+02
  3.482820E+02  1.890000E+02
  3.459453E+02  1.890000E+02
  3.457572E+02  1.890000E+02
  3.434204E+02  1.890000E+02
  3.432323E+02  1.890000E+02
  3.408955E+02  1.890000E+02
  3.407074E+02  1.890000E+02
  3.383706E+02  1.890000E+02
  3.381825E+02  1.890000E+02
  3.358458E+02  1.890000E+02
  3.356577E+02  1.890000E+02
  3.333209E+02  1.890000E+02
  3.331328E+02  1.890000E+02
  3.307960E+02  1.890000E+02
  3.306079E+02  1.890000E+02
  3.282711E+02  1.890000E+02
  3.280830E+02  1.890000E+02
  3.257463E+02  1.890000E+02
  3.255581E+02  1.890000E+02
  3.232214E+02  1.890000E+02
  3.230333E+02  1.890000E+02
  3.206965E+02  1.890000E+02
  3.205084E+02  1.890000E+02
  3.181716E+02  1.890000E+02
  3.179835E+02  1.890000E+02
  3.156468E+02  1.890000E+02
  3.154586E+02  1.890000E+02
  3.131219E+02  1.890000E+02
  3.129338E+02  1.890000E+02
  3.105970E+02  1.890000E+02
  3.104089E+02  1.890000E+02
  3.080721E+02  1.890000E+02
  3.078840E+02  1.890000E+02
  3.055473E+02  1.890000E+02
  3.053591E+02  1.890000E+02
  3.030224E+02  1.890000E+02
  3.028343E+02  1.890000E+02
  3.004975E+02  1.890000E+02
  3.003094E+02  1.890000E+02
  2.979726E+02  1.890000E+02
  2.977845E+02  1.890000E+02
  2.954478E+02  1.890000E+02
  2.952596E+02  1.890000E+02
  2.929229E+02  1.890000E+02
  2.927348E+02  1.890000E+02
  2.903980E+02  1.890000E+02
  2.902099E+02  1.890000E+02
  2.878731E+02  1.890000E+02
  2.876850E+02  1.890000E+02
  2.853483E+02  1.890000E+02
  2.851601E+02  1.890000E+02
  2.828234E+02  1.890000E+02
  2.826353E+02  1.890000E+02
  2.802985E+02  1.890000E+02
  2.801104E+02  1.890000E+02
  2.777736E+02  1.890000E+02
  2.775855E+02  1.890000E+02
  2.752488E+02  1.890000E+02
  2.750606E+02  1.890000E+02
  2.727239E+02  1.890000E+02
  2.725358E+02  1.890000E+02
  2.701990E+02  1.890000E+02
  2.700109E+02  1.890000E+02
  2.676741E+02  1.890000E+02
  2.674860E+02  1.890000E+02
  2.651493E+02  1.890000E+02
  2.649611E+02  1.890000E+02
  2.626244E+02  1.890000E+02
  2.624363E+02  1.890000E+02
  2.600995E+02  1.890000E+02
  2.599114E+02  1.890000E+02
  2.575746E+02  1.890000E+02
  2.573865E+02  1.890000E+02
  2.550498E+02  1.890000E+02
  2.548616E+02  1.890000E+02
  2.525249E+02  1.890000E+02
  2.523368E+02  1.890000E+02
  2.500000E+02  1.890000E+02
  2.498119E+02  1.890000E+02
  2.474751E+02  1.890000E+02
  2.472870E+02  1.890000E+02
  2.449502E+02  1.890000E+02
  2.447621E+02  1.890000E+02
  2.424254E+02  1.890000E+02
  2.422373E+02  1.890000E+02
  2.399005E+02  1.890000E+02
  2.397124E+02  1.890000E+02
  2.373756E+02  1.890000E+02
  2.371875E+02  1.890000E+02
  2.348507E+02  1.890000E+02
  2.346626E+02  1.890000E+02
  2.323259E+02  1.890000E+02
  2.321378E+02  1.890000E+02
  2.298010E+02  1.890000E+02
  2.296129E+02  1.890000E+02
  2.272761E+02  1.890000E+02
  2.270880E+02  1.890000E+02
  2.247512E+02  1.890000E+02
  2.245631E+02  1.890000E+02
  2.222264E+02  1.890000E+02
  2.220382E+02  1.890000E+02
  2.197015E+02  1.890000E+02
  2.195134E+02  1.890000E+02
  2.171766E+02  1.890000E+02
  2.169885E+02  1.890000E+02
  2.146517E+02  1.890000E+02
  2.144636E+02  1.890000E+02
  2.121269E+02  1.890000E+02
  2.119387E+02  1.890000E+02
  2.096020E+02  1.890000E+02
  2.094139E+02  1.890000E+02
  2.070771E+02  1.890000E+02
  2.068890E+02  1.890000E+02
  2.045522E+02  1.890000E+02
  2.043641E+02  1.890000E+02
  2.020274E+02  1.890000E+02
  2.018392E+02  1.890000E+02
  1.995025E+02  1.890000E+02
  1.993144E+02  1.890000E+02
  1.969776E+02  1.890000E+02
  1.967895E+02  1.890000E+02
  1.944527E+02  1.890000E+02
  1.942646E+02  1.890000E+02
  1.919279E+02  1.890000E+02
  1.917397E+02  1.890000E+02
  1.894030E+02  1.890000E+02
  1.892149E+02  1.890000E+02
  1.868781E+02  1.890000E+02
  1.866900E+02  1.890000E+02
  1.843532E+02  1.890000E+02
  1.841651E+02  1.890000E+02
  1.818284E+02  1.890000E+02
  1.816402E+02  1.890000E+02
  1.793035E+02  1.890000E+02
  1.791154E+02  1.890000E+02
  1.767786E+02  1.890000E+02
  1.765905E+02  1.890000E+02
  1.742537E+02  1.890000E+02
  1.740656E+02  1.890000E+02
  1.717289E+02  1.890000E+02
  1.715407E+02  1.890000E+02
  1.692040E+02  1.890000E+02
  1.690159E+02  1.890000E+02
  1.680000E+02  1.888119E+02
  1.680000E+02  1.876079E+02
  1.680000E+02  1.837129E+02
  1.680000E+02  1.825089E+02
  1.680000E+02  1.786139E+02

hb:   line clip z   cb(brown)
clip:
  4.070573E+02  1.970000E+02
  4.216915E+02  1.970000E+02
  4.220000E+02  1.987014E+02
  4.220000E+02  1.990099E+02
  4.220000E+02  1.993184E+02
  4.220000E+02  2.041089E+02
  4.220000E+02  2.044174E+02
  4.220000E+02  2.092079E+02
  4.220000E+02  2.095164E+02
  4.220000E+02  2.143069E+02
  4.220000E+02  2.146154E+02
  4.220000E+02  2.194059E+02
  4.220000E+02  2.197144E+02
  4.220000E+02  2.245050E+02
  4.220000E+02  2.248134E+02
  4.220000E+02  2.296040E+02
  4.220000E+02  2.299124E+02
  4.220000E+02  2.347030E+02
  4.220000E+02  2.350114E+02
  4.220000E+02  2.398020E+02
  4.220000E+02  2.401104E+02
  4.220000E+02  2.449010E+02
  4.220000E+02  2.452094E+02
  4.220000E+02  2.500000E+02
  4.220000E+02  2.503085E+02
  4.220000E+02  2.550990E+02
  4.220000E+02  2.554075E+02
  4.220000E+02  2.601980E+02
  4.220000E+02  2.605065E+02
  4.220000E+02  2.652970E+02
  4.220000E+02  2.656055E+02
  4.220000E+02  2.703960E+02
  4.220000E+02  2.707045E+02
  4.220000E+02  2.754950E+02
  4.220000E+02  2.758035E+02
  4.220000E+02  2.805941E+02
  4.220000E+02  2.809025E+02
  4.220000E+02  2.856931E+02
  4.220000E+02  2.860015E+02
  4.220000E+02  2.907921E+02
  4.220000E+02  2.911005E+02
  4.220000E+02  2.958911E+02
  4.220000E+02  2.961995E+02
  4.220000E+02  3.009901E+02
  4.220000E+02  3.012986E+02
  4.220000E+02  3.060891E+02
  4.220000E+02  3.063976E+02
  4.220000E+02  3.111881E+02
  4.220000E+02  3.114966E+02
  4.220000E+02  3.162871E+02
  4.220000E+02  3.165956E+02
  4.220000E+02  3.213861E+02
  4.220000E+02  3.216946E+02
  4.220000E+02  3.264851E+02
  4.220000E+02  3.267936E+02
  4.220000E+02  3.315842E+02
  4.220000E+02  3.318926E+02
  4.220000E+02  3.366832E+02
  4.220000E+02  3.369916E+02
  4.220000E+02  3.417822E+02
  4.220000E+02  3.420906E+02
  4.220000E+02  3.468812E+02
  4.220000E+02  3.471896E+02
  4.220000E+02  3.519802E+02
  4.220000E+02  3.522887E+02
  4.220000E+02  3.570792E+02
  4.220000E+02  3.573877E+02
  4.220000E+02  3.621782E+02
  4.220000E+02  3.624867E+02
  4.220000E+02  3.672772E+02
  4.220000E+02  3.675857E+02
  4.216915E+02  3.690000E+02
  4.199688E+02  3.690000E+02
  4.191667E+02  3.690000E+02
  4.174439E+02  3.690000E+02
  4.166418E+02  3.690000E+02
  4.149190E+02  3.690000E+02
  4.141169E+02  3.690000E+02
  4.123941E+02  3.690000E+02
  4.115920E+02  3.690000E+02
  4.098693E+02  3.690000E+02
  4.090672E+02  3.690000E+02
  4.073444E+02  3.690000E+02
  4.070000E+02  3.672772E+02
  4.070000E+02  3.652101E+02
  4.070000E+02  3.621782E+02
  4.070000E+02  3.601111E+02
  4.070000E+02  3.570792E+02
  4.070000E+02  3.550120E+02
  4.070000E+02  3.519802E+02
  4.070000E+02  3.499130E+02
  4.070000E+02  3.468812E+02
  4.070000E+02  3.448140E+02
  4.070000E+02  3.417822E+02
  4.070000E+02  3.397150E+02
  4.070000E+02  3.366832E+02
  4.070000E+02  3.346160E+02
  4.070000E+02  3.315842E+02
  4.070000E+02  3.295170E+02
  4.070000E+02  3.264851E+02
  4.070000E+02  3.244180E+02
  4.070000E+02  3.213861E+02
  4.070000E+02  3.193190E+02
  4.070000E+02  3.162871E+02
  4.070000E+02  3.142200E+02
  4.070000E+02  3.111881E+02
  4.070000E+02  3.091210E+02
  4.070000E+02  3.060891E+02
  4.070000E+02  3.040219E+02
  4.070000E+02  3.009901E+02
  4.070000E+02  2.989229E+02
  4.070000E+02  2.958911E+02
  4.070000E+02  2.938239E+02
  4.070000E+02  2.907921E+02
  4.070000E+02  2.887249E+02
  4.070000E+02  2.856931E+02
  4.070000E+02  2.836259E+02
  4.070000E+02  2.805941E+02
  4.070000E+02  2.785269E+02
  4.070000E+02  2.754950E+02
  4.070000E+02  2.734279E+02
  4.070000E+02  2.703960E+02
  4.070000E+02  2.683289E+02
  4.070000E+02  2.652970E+02
  4.070000E+02  2.632299E+02
  4.070000E+02  2.601980E+02
  4.070000E+02  2.581309E+02
  4.070000E+02  2.550990E+02
  4.070000E+02  2.530318E+02
  4.070000E+02  2.500000E+02
  4.070000E+02  2.479328E+02
  4.070000E+02  2.449010E+02
  4.070000E+02  2.428338E+02
  4.070000E+02  2.398020E+02
  4.070000E+02  2.377348E+02
  4.070000E+02  2.347030E+02
  4.070000E+02  2.326358E+02
  4.070000E+02  2.296040E+02
  4.070000E+02  2.275368E+02
  4.070000E+02  2.245050E+02
  4.070000E+02  2.224378E+02
  4.070000E+02  2.194059E+02
  4.070000E+02  2.173388E+02
  4.070000E+02  2.143069E+02
  4.070000E+02  2.122398E+02
  4.070000E+02  2.092079E+02
  4.070000E+02  2.071408E+02
  4.070000E+02  2.041089E+02
  4.070000E+02  2.020417E+02
  4.070000E+02  1.990099E+02

hb:   line clip z   cb(brown)
clip:
  1.010000E+02  2.040766E+02
  1.010323E+02  2.010000E+02
  1.041412E+02  2.010000E+02
  1.035572E+02  2.010000E+02
  1.066661E+02  2.010000E+02
  1.060821E+02  2.010000E+02
  1.091910E+02  2.010000E+02
  1.086070E+02  2.010000E+02
  1.117159E+02  2.010000E+02
  1.111318E+02  2.010000E+02
  1.142408E+02  2.010000E+02
  1.136567E+02  2.010000E+02
  1.150000E+02  2.027656E+02
  1.150000E+02  2.041089E+02
  1.150000E+02  2.054522E+02
  1.150000E+02  2.092079E+02
  1.150000E+02  2.105512E+02
  1.150000E+02  2.143069E+02
  1.150000E+02  2.156502E+02
  1.150000E+02  2.194059E+02
  1.150000E+02  2.207492E+02
  1.150000E+02  2.245050E+02
  1.150000E+02  2.258482E+02
  1.150000E+02  2.296040E+02
  1.150000E+02  2.309472E+02
  1.150000E+02  2.347030E+02
  1.150000E+02  2.360463E+02
  1.150000E+02  2.398020E+02
  1.150000E+02  2.411453E+02
  1.150000E+02  2.449010E+02
  1.150000E+02  2.462443E+02
  1.150000E+02  2.500000E+02
  1.150000E+02  2.513433E+02
  1.150000E+02  2.550990E+02
  1.150000E+02  2.564423E+02
  1.150000E+02  2.601980E+02
  1.150000E+02  2.615413E+02
  1.150000E+02  2.652970E+02
  1.150000E+02  2.666403E+02
  1.150000E+02  2.703960E+02
  1.150000E+02  2.717393E+02
  1.150000E+02  2.754950E+02
  1.150000E+02  2.768383E+02
  1.150000E+02  2.805941E+02
  1.150000E+02  2.819373E+02
  1.150000E+02  2.856931E+02
  1.150000E+02  2.870364E+02
  1.150000E+02  2.907921E+02
  1.150000E+02  2.921354E+02
  1.150000E+02  2.958911E+02
  1.150000E+02  2.972344E+02
  1.150000E+02  3.009901E+02
  1.150000E+02  3.023334E+02
  1.150000E+02  3.060891E+02
  1.150000E+02  3.074324E+02
  1.150000E+02  3.111881E+02
  1.150000E+02  3.125314E+02
  1.150000E+02  3.162871E+02
  1.150000E+02  3.176304E+02
  1.150000E+02  3.213861E+02
  1.150000E+02  3.227294E+02
  1.150000E+02  3.264851E+02
  1.150000E+02  3.278284E+02
  1.150000E+02  3.315842E+02
  1.150000E+02  3.329274E+02
  1.150000E+02  3.366832E+02
  1.150000E+02  3.380265E+02
  1.150000E+02  3.417822E+02
  1.150000E+02  3.431255E+02
  1.150000E+02  3.468812E+02
  1.150000E+02  3.482245E+02
  1.150000E+02  3.519802E+02
  1.150000E+02  3.533235E+02
  1.150000E+02  3.570792E+02
  1.150000E+02  3.584225E+02
  1.150000E+02  3.621782E+02
  1.150000E+02  3.635215E+02
  1.150000E+02  3.672772E+02
  1.150000E+02  3.686205E+02
  1.150000E+02  3.723762E+02
  1.150000E+02  3.737195E+02
  1.136567E+02  3.760000E+02
  1.100330E+02  3.760000E+02
  1.111318E+02  3.760000E+02
  1.075081E+02  3.760000E+02
  1.086070E+02  3.760000E+02
  1.049832E+02  3.760000E+02
  1.060821E+02  3.760000E+02
  1.024583E+02  3.760000E+02
  1.010000E+02  3.749335E+02
  1.010000E+02  2.041089E+02

h: x ny1,0  y2=[y1](6),ic[darkred]
 -1.000000E+00 -1.000000E+00

hb:   line clip z   cb(darkred)
clip:
  2.524688E+02  2.703400E+02
  2.526356E+02  2.702853E+02
  2.529490E+02  2.703960E+02
  2.526276E+02  2.704987E+02
  2.525249E+02  2.705325E+02
  2.523196E+02  2.706013E+02
  2.523014E+02  2.703960E+02

h: x ny1,0  y2=[y1](1),ic[yellowgreen]
 -1.000000E+00 -1.000000E+00

hb:   line clip z   cb(yellowgreen)
clip:
  2.545911E+02  2.699374E+02
  2.550498E+02  2.698277E+02
  2.557765E+02  2.696693E+02
  2.575746E+02  2.693542E+02
  2.587688E+02  2.692019E+02
  2.600995E+02  2.690831E+02
  2.614806E+02  2.690150E+02
  2.626244E+02  2.690002E+02
  2.639885E+02  2.690319E+02
  2.651493E+02  2.691013E+02
  2.663322E+02  2.692131E+02
  2.676741E+02  2.693915E+02
  2.685343E+02  2.695359E+02
  2.701990E+02  2.698862E+02
  2.706077E+02  2.699873E+02
  2.720510E+02  2.703960E+02
  2.727239E+02  2.706162E+02
  2.761331E+02  2.720858E+02
  2.752488E+02  2.716392E+02
  2.777107E+02  2.730331E+02
  2.791446E+02  2.741241E+02
  2.804108E+02  2.753827E+02
  2.811500E+02  2.763465E+02
  2.824993E+02  2.805941E+02
  2.821974E+02  2.824929E+02
  2.803447E+02  2.856931E+02
  2.802985E+02  2.857452E+02
  2.789546E+02  2.870369E+02
  2.777736E+02  2.879243E+02
  2.752488E+02  2.893608E+02
  2.727239E+02  2.903838E+02
  2.714228E+02  2.907921E+02
  2.704575E+02  2.910506E+02
  2.701990E+02  2.911138E+02
  2.697800E+02  2.912111E+02
  2.676741E+02  2.916085E+02
  2.667258E+02  2.917404E+02
  2.651493E+02  2.918987E+02
  2.639725E+02  2.919688E+02
  2.626244E+02  2.919998E+02
  2.614328E+02  2.919836E+02
  2.600995E+02  2.919169E+02
  2.590627E+02  2.918289E+02
  2.575746E+02  2.916458E+02
  2.568373E+02  2.915294E+02
  2.550498E+02  2.911723E+02
  2.547422E+02  2.910996E+02
  2.535772E+02  2.907921E+02
  2.525249E+02  2.904675E+02
  2.491533E+02  2.890647E+02
  2.500000E+02  2.894772E+02
  2.475525E+02  2.881406E+02
  2.474751E+02  2.880903E+02
  2.460923E+02  2.870759E+02
  2.449502E+02  2.860154E+02
  2.447948E+02  2.858486E+02
  2.446553E+02  2.856931E+02
  2.437338E+02  2.844766E+02
  2.425007E+02  2.805941E+02
  2.428170E+02  2.784608E+02
  2.444935E+02  2.754950E+02
  2.447055E+02  2.752503E+02
  2.449502E+02  2.749846E+02
  2.476459E+02  2.727994E+02
  2.474751E+02  2.729097E+02
  2.500000E+02  2.715228E+02
  2.525249E+02  2.705325E+02
  2.529490E+02  2.703960E+02

h: x ny1,0  y2=[y1](9),ic[cyan]
 -1.000000E+00 -1.000000E+00

hb:   line clip z   cb(cyan)
clip:
  2.342195E+02  2.799628E+02
  2.348507E+02  2.785983E+02
  2.378637E+02  2.775811E+02
  2.373756E+02  2.775070E+02
  2.394364E+02  2.785333E+02
  2.399005E+02  2.792551E+02
  2.401661E+02  2.803285E+02
  2.401695E+02  2.805941E+02
  2.401511E+02  2.808447E+02
  2.399005E+02  2.817449E+02
  2.369995E+02  2.834951E+02
  2.373756E+02  2.834930E+02
  2.352043E+02  2.827654E+02
  2.342521E+02  2.811927E+02
  2.341725E+02  2.805941E+02

hb:   line clip z   cb(darkred)
clip:
  2.422956E+02  2.804643E+02
  2.424254E+02  2.791750E+02
  2.425000E+02  2.805194E+02
  2.425007E+02  2.805941E+02
  2.425022E+02  2.806709E+02
  2.422991E+02  2.807204E+02
  2.422962E+02  2.805941E+02

hb:   line clip z   cb(cyan)
clip:
  2.848556E+02  2.801014E+02
  2.853483E+02  2.788130E+02
  2.883895E+02  2.775528E+02
  2.878731E+02  2.775003E+02
  2.900183E+02  2.784489E+02
  2.903980E+02  2.789507E+02
  2.908119E+02  2.801802E+02
  2.908275E+02  2.805941E+02
  2.907895E+02  2.809855E+02
  2.903980E+02  2.820493E+02
  2.875092E+02  2.834829E+02
  2.878731E+02  2.834997E+02
  2.857779E+02  2.826893E+02
  2.848818E+02  2.810605E+02
  2.848305E+02  2.805941E+02

hb:   line clip z   cb(brown)
clip:
  1.684317E+02  3.920000E+02
  3.542922E+02  3.920000E+02
  3.560000E+02  3.927723E+02
  3.560000E+02  3.952524E+02
  3.560000E+02  3.978713E+02
  3.560000E+02  4.003514E+02
  3.560000E+02  4.029703E+02
  3.545496E+02  4.040000E+02
  3.535199E+02  4.040000E+02
  3.524902E+02  4.040000E+02
  3.509950E+02  4.040000E+02
  3.499653E+02  4.040000E+02
  3.484701E+02  4.040000E+02
  3.474404E+02  4.040000E+02
  3.459453E+02  4.040000E+02
  3.449156E+02  4.040000E+02
  3.434204E+02  4.040000E+02
  3.423907E+02  4.040000E+02
  3.408955E+02  4.040000E+02
  3.398658E+02  4.040000E+02
  3.383706E+02  4.040000E+02
  3.373409E+02  4.040000E+02
  3.358458E+02  4.040000E+02
  3.348161E+02  4.040000E+02
  3.333209E+02  4.040000E+02
  3.322912E+02  4.040000E+02
  3.307960E+02  4.040000E+02
  3.297663E+02  4.040000E+02
  3.282711E+02  4.040000E+02
  3.272414E+02  4.040000E+02
  3.257463E+02  4.040000E+02
  3.247166E+02  4.040000E+02
  3.232214E+02  4.040000E+02
  3.221917E+02  4.040000E+02
  3.206965E+02  4.040000E+02
  3.196668E+02  4.040000E+02
  3.181716E+02  4.040000E+02
  3.171419E+02  4.040000E+02
  3.156468E+02  4.040000E+02
  3.146171E+02  4.040000E+02
  3.131219E+02  4.040000E+02
  3.120922E+02  4.040000E+02
  3.105970E+02  4.040000E+02
  3.095673E+02  4.040000E+02
  3.080721E+02  4.040000E+02
  3.070424E+02  4.040000E+02
  3.055473E+02  4.040000E+02
  3.045176E+02  4.040000E+02
  3.030224E+02  4.040000E+02
  3.019927E+02  4.040000E+02
  3.004975E+02  4.040000E+02
  2.994678E+02  4.040000E+02
  2.979726E+02  4.040000E+02
  2.969429E+02  4.040000E+02
  2.954478E+02  4.040000E+02
  2.944181E+02  4.040000E+02
  2.929229E+02  4.040000E+02
  2.918932E+02  4.040000E+02
  2.903980E+02  4.040000E+02
  2.893683E+02  4.040000E+02
  2.878731E+02  4.040000E+02
  2.868434E+02  4.040000E+02
  2.853483E+02  4.040000E+02
  2.843186E+02  4.040000E+02
  2.828234E+02  4.040000E+02
  2.817937E+02  4.040000E+02
  2.802985E+02  4.040000E+02
  2.792688E+02  4.040000E+02
  2.777736E+02  4.040000E+02
  2.767439E+02  4.040000E+02
  2.752488E+02  4.040000E+02
  2.742191E+02  4.040000E+02
  2.727239E+02  4.040000E+02
  2.716942E+02  4.040000E+02
  2.701990E+02  4.040000E+02
  2.691693E+02  4.040000E+02
  2.676741E+02  4.040000E+02
  2.666444E+02  4.040000E+02
  2.651493E+02  4.040000E+02
  2.641196E+02  4.040000E+02
  2.626244E+02  4.040000E+02
  2.615947E+02  4.040000E+02
  2.600995E+02  4.040000E+02
  2.590698E+02  4.040000E+02
  2.575746E+02  4.040000E+02
  2.565449E+02  4.040000E+02
  2.550498E+02  4.040000E+02
  2.540200E+02  4.040000E+02
  2.525249E+02  4.040000E+02
  2.514952E+02  4.040000E+02
  2.500000E+02  4.040000E+02
  2.489703E+02  4.040000E+02
  2.474751E+02  4.040000E+02
  2.464454E+02  4.040000E+02
  2.449502E+02  4.040000E+02
  2.439205E+02  4.040000E+02
  2.424254E+02  4.040000E+02
  2.413957E+02  4.040000E+02
  2.399005E+02  4.040000E+02
  2.388708E+02  4.040000E+02
  2.373756E+02  4.040000E+02
  2.363459E+02  4.040000E+02
  2.348507E+02  4.040000E+02
  2.338210E+02  4.040000E+02
  2.323259E+02  4.040000E+02
  2.312962E+02  4.040000E+02
  2.298010E+02  4.040000E+02
  2.287713E+02  4.040000E+02
  2.272761E+02  4.040000E+02
  2.262464E+02  4.040000E+02
  2.247512E+02  4.040000E+02
  2.237215E+02  4.040000E+02
  2.222264E+02  4.040000E+02
  2.211967E+02  4.040000E+02
  2.197015E+02  4.040000E+02
  2.186718E+02  4.040000E+02
  2.171766E+02  4.040000E+02
  2.161469E+02  4.040000E+02
  2.146517E+02  4.040000E+02
  2.136220E+02  4.040000E+02
  2.121269E+02  4.040000E+02
  2.110972E+02  4.040000E+02
  2.096020E+02  4.040000E+02
  2.085723E+02  4.040000E+02
  2.070771E+02  4.040000E+02
  2.060474E+02  4.040000E+02
  2.045522E+02  4.040000E+02
  2.035225E+02  4.040000E+02
  2.020274E+02  4.040000E+02
  2.009977E+02  4.040000E+02
  1.995025E+02  4.040000E+02
  1.984728E+02  4.040000E+02
  1.969776E+02  4.040000E+02
  1.959479E+02  4.040000E+02
  1.944527E+02  4.040000E+02
  1.934230E+02  4.040000E+02
  1.919279E+02  4.040000E+02
  1.908982E+02  4.040000E+02
  1.894030E+02  4.040000E+02
  1.883733E+02  4.040000E+02
  1.868781E+02  4.040000E+02
  1.858484E+02  4.040000E+02
  1.843532E+02  4.040000E+02
  1.833235E+02  4.040000E+02
  1.818284E+02  4.040000E+02
  1.807987E+02  4.040000E+02
  1.793035E+02  4.040000E+02
  1.782738E+02  4.040000E+02
  1.767786E+02  4.040000E+02
  1.757489E+02  4.040000E+02
  1.742537E+02  4.040000E+02
  1.732240E+02  4.040000E+02
  1.717289E+02  4.040000E+02
  1.706992E+02  4.040000E+02
  1.692040E+02  4.040000E+02
  1.681743E+02  4.040000E+02
  1.670000E+02  4.029703E+02
  1.670000E+02  4.007663E+02
  1.670000E+02  3.978713E+02
  1.670000E+02  3.956673E+02
  1.670000E+02  3.927723E+02
