[ T-Gshow ]
    title = generated human phantom xy
     mesh =  xyz            # mesh type is xyz scoring mesh
   x-type =    2            # x-mesh is linear given by xmin, xmax and nx
     xmin =   0.000000      # minimum value of x-mesh points
     xmax =   500.0000      # maximum value of x-mesh points
#    xdel =   2.500000      # mesh width of x-mesh points
       nx =    200          # number of x-mesh points
   y-type =    2            # y-mesh is linear given by ymin, ymax and ny
     ymin =   0.000000      # minimum value of y-mesh points
     ymax =   500.0000      # maximum value of y-mesh points
#    ydel =   5.000000      # mesh width of y-mesh points
       ny =    100          # number of y-mesh points
   z-type =    1            # z-mesh is given by the below data
       nz =      1          # number of z-mesh points
#    data = ( z(i), i = 1, nz + 1 )
           -1.20000E+02  1.20000E+02
     axis =   xy            # axis of output
     file = top_view.out    # file name of output for the above axis
   output =    2            # (D=2) 1:bnd, 2:bnd+mat, 3:bnd+num 4:bnd+mat+num
    ginfo =    2            # (D=0) 0:no, 1:show in graph, 2:add file
    resol =    1            # (D=1) resolution of gshow or rshow
    width = 0.5000000       # (D=0.5) width of lines for gshow or rshow
   epsout =    1            # (D=0) generate eps file by ANGEL
#    used :        main (  %)        temp (  %)       total (  %)
#  memory :         304 (  0)       10151 (  0)       10455 (  0)

#------------------------------------------------------------------------------
#newpage:
#   no. =  1   z =    0.0000E+00

'no. =  1,    z =    0.0000E+00'
msuc: {\huge generated human phantom xy}
msdr: {\it plotted by \ANGEL \version}
msdl: {\it calculated by \PHITS  3.28}

x: x [cm]
y: y [cm]
set: c1[ 1.000] c2[ 0.900] c5[ 0.800] c6[ 1.000] c7[ 0.000] c8[ 0.000]
p: h2fs form[c1] xfac[c2] afac[c5] scal[c6] xorg[c7] yorg[c8] nosp
p: xmin(  0.000000    ) xmax(  500.0000    )
p: ymin(  0.000000    ) ymax(  500.0000    )

p: legs[c5*0.875]

h: x ny1,0  y2=[y1](16),ic[pastelpurple]
 -1.000000E+00 -1.000000E+00

hb:   line clip z   cb(pastelpurple)
frame:
  0.0000000E+00  0.0000000E+00
  5.0000000E+02  0.0000000E+00
  5.0000000E+02  5.0000000E+02
  0.0000000E+00  5.0000000E+02
clip:
 -2.487562E+00 -4.950495E+00
  5.024876E+02 -4.950495E+00
  5.024876E+02  1.485149E-01
  5.024876E+02  5.247525E+00
  5.024876E+02  1.034653E+01
  5.024876E+02  1.544554E+01
  5.024876E+02  2.054455E+01
  5.024876E+02  2.564356E+01
  5.024876E+02  3.074257E+01
  5.024876E+02  3.584158E+01
  5.024876E+02  4.094059E+01
  5.024876E+02  4.603960E+01
  5.024876E+02  5.113861E+01
  5.024876E+02  5.623762E+01
  5.024876E+02  6.133663E+01
  5.024876E+02  6.643564E+01
  5.024876E+02  7.153465E+01
  5.024876E+02  7.663366E+01
  5.024876E+02  8.173267E+01
  5.024876E+02  8.683168E+01
  5.024876E+02  9.193069E+01
  5.024876E+02  9.702970E+01
  5.024876E+02  1.021287E+02
  5.024876E+02  1.072277E+02
  5.024876E+02  1.123267E+02
  5.024876E+02  1.174257E+02
  5.024876E+02  1.225248E+02
  5.024876E+02  1.276238E+02
  5.024876E+02  1.327228E+02
  5.024876E+02  1.378218E+02
  5.024876E+02  1.429208E+02
  5.024876E+02  1.480198E+02
  5.024876E+02  1.531188E+02
  5.024876E+02  1.582178E+02
  5.024876E+02  1.633168E+02
  5.024876E+02  1.684158E+02
  5.024876E+02  1.735149E+02
  5.024876E+02  1.786139E+02
  5.024876E+02  1.837129E+02
  5.024876E+02  1.888119E+02
  5.024876E+02  1.939109E+02
  5.024876E+02  1.990099E+02
  5.024876E+02  2.041089E+02
  5.024876E+02  2.092079E+02
  5.024876E+02  2.143069E+02
  5.024876E+02  2.194059E+02
  5.024876E+02  2.245050E+02
  5.024876E+02  2.296040E+02
  5.024876E+02  2.347030E+02
  5.024876E+02  2.398020E+02
  5.024876E+02  2.449010E+02
  5.024876E+02  2.500000E+02
  5.024876E+02  2.550990E+02
  5.024876E+02  2.601980E+02
  5.024876E+02  2.652970E+02
  5.024876E+02  2.703960E+02
  5.024876E+02  2.754950E+02
  5.024876E+02  2.805941E+02
  5.024876E+02  2.856931E+02
  5.024876E+02  2.907921E+02
  5.024876E+02  2.958911E+02
  5.024876E+02  3.009901E+02
  5.024876E+02  3.060891E+02
  5.024876E+02  3.111881E+02
  5.024876E+02  3.162871E+02
  5.024876E+02  3.213861E+02
  5.024876E+02  3.264851E+02
  5.024876E+02  3.315842E+02
  5.024876E+02  3.366832E+02
  5.024876E+02  3.417822E+02
  5.024876E+02  3.468812E+02
  5.024876E+02  3.519802E+02
  5.024876E+02  3.570792E+02
  5.024876E+02  3.621782E+02
  5.024876E+02  3.672772E+02
  5.024876E+02  3.723762E+02
  5.024876E+02  3.774752E+02
  5.024876E+02  3.825743E+02
  5.024876E+02  3.876733E+02
  5.024876E+02  3.927723E+02
  5.024876E+02  3.978713E+02
  5.024876E+02  4.029703E+02
  5.024876E+02  4.080693E+02
  5.024876E+02  4.131683E+02
  5.024876E+02  4.182673E+02
  5.024876E+02  4.233663E+02
  5.024876E+02  4.284653E+02
  5.024876E+02  4.335644E+02
  5.024876E+02  4.386634E+02
  5.024876E+02  4.437624E+02
  5.024876E+02  4.488614E+02
  5.024876E+02  4.539604E+02
  5.024876E+02  4.590594E+02
  5.024876E+02  4.641584E+02
  5.024876E+02  4.692574E+02
  5.024876E+02  4.743564E+02
  5.024876E+02  4.794554E+02
  5.024876E+02  4.845545E+02
  5.024876E+02  4.896535E+02
  5.024876E+02  4.947525E+02
  5.024876E+02  4.998515E+02
  5.024876E+02  5.049505E+02
  4.999627E+02  5.049505E+02
  4.974378E+02  5.049505E+02
  4.949129E+02  5.049505E+02
  4.923881E+02  5.049505E+02
  4.898632E+02  5.049505E+02
  4.873383E+02  5.049505E+02
  4.848134E+02  5.049505E+02
  4.822886E+02  5.049505E+02
  4.797637E+02  5.049505E+02
  4.772388E+02  5.049505E+02
  4.747139E+02  5.049505E+02
  4.721891E+02  5.049505E+02
  4.696642E+02  5.049505E+02
  4.671393E+02  5.049505E+02
  4.646144E+02  5.049505E+02
  4.620896E+02  5.049505E+02
  4.595647E+02  5.049505E+02
  4.570398E+02  5.049505E+02
  4.545149E+02  5.049505E+02
  4.519900E+02  5.049505E+02
  4.494652E+02  5.049505E+02
  4.469403E+02  5.049505E+02
  4.444154E+02  5.049505E+02
  4.418905E+02  5.049505E+02
  4.393657E+02  5.049505E+02
  4.368408E+02  5.049505E+02
  4.343159E+02  5.049505E+02
  4.317910E+02  5.049505E+02
  4.292662E+02  5.049505E+02
  4.267413E+02  5.049505E+02
  4.242164E+02  5.049505E+02
  4.216915E+02  5.049505E+02
  4.191667E+02  5.049505E+02
  4.166418E+02  5.049505E+02
  4.141169E+02  5.049505E+02
  4.115920E+02  5.049505E+02
  4.090672E+02  5.049505E+02
  4.065423E+02  5.049505E+02
  4.040174E+02  5.049505E+02
  4.014925E+02  5.049505E+02
  3.989677E+02  5.049505E+02
  3.964428E+02  5.049505E+02
  3.939179E+02  5.049505E+02
  3.913930E+02  5.049505E+02
  3.888682E+02  5.049505E+02
  3.863433E+02  5.049505E+02
  3.838184E+02  5.049505E+02
  3.812935E+02  5.049505E+02
  3.787687E+02  5.049505E+02
  3.762438E+02  5.049505E+02
  3.737189E+02  5.049505E+02
  3.711940E+02  5.049505E+02
  3.686692E+02  5.049505E+02
  3.661443E+02  5.049505E+02
  3.636194E+02  5.049505E+02
  3.610945E+02  5.049505E+02
  3.585697E+02  5.049505E+02
  3.560448E+02  5.049505E+02
  3.535199E+02  5.049505E+02
  3.509950E+02  5.049505E+02
  3.484701E+02  5.049505E+02
  3.459453E+02  5.049505E+02
  3.434204E+02  5.049505E+02
  3.408955E+02  5.049505E+02
  3.383706E+02  5.049505E+02
  3.358458E+02  5.049505E+02
  3.333209E+02  5.049505E+02
  3.307960E+02  5.049505E+02
  3.282711E+02  5.049505E+02
  3.257463E+02  5.049505E+02
  3.232214E+02  5.049505E+02
  3.206965E+02  5.049505E+02
  3.181716E+02  5.049505E+02
  3.156468E+02  5.049505E+02
  3.131219E+02  5.049505E+02
  3.105970E+02  5.049505E+02
  3.080721E+02  5.049505E+02
  3.055473E+02  5.049505E+02
  3.030224E+02  5.049505E+02
  3.004975E+02  5.049505E+02
  2.979726E+02  5.049505E+02
  2.954478E+02  5.049505E+02
  2.929229E+02  5.049505E+02
  2.903980E+02  5.049505E+02
  2.878731E+02  5.049505E+02
  2.853483E+02  5.049505E+02
  2.828234E+02  5.049505E+02
  2.802985E+02  5.049505E+02
  2.777736E+02  5.049505E+02
  2.752488E+02  5.049505E+02
  2.727239E+02  5.049505E+02
  2.701990E+02  5.049505E+02
  2.676741E+02  5.049505E+02
  2.651493E+02  5.049505E+02
  2.626244E+02  5.049505E+02
  2.600995E+02  5.049505E+02
  2.575746E+02  5.049505E+02
  2.550498E+02  5.049505E+02
  2.525249E+02  5.049505E+02
  2.500000E+02  5.049505E+02
  2.474751E+02  5.049505E+02
  2.449502E+02  5.049505E+02
  2.424254E+02  5.049505E+02
  2.399005E+02  5.049505E+02
  2.373756E+02  5.049505E+02
  2.348507E+02  5.049505E+02
  2.323259E+02  5.049505E+02
  2.298010E+02  5.049505E+02
  2.272761E+02  5.049505E+02
  2.247512E+02  5.049505E+02
  2.222264E+02  5.049505E+02
  2.197015E+02  5.049505E+02
  2.171766E+02  5.049505E+02
  2.146517E+02  5.049505E+02
  2.121269E+02  5.049505E+02
  2.096020E+02  5.049505E+02
  2.070771E+02  5.049505E+02
  2.045522E+02  5.049505E+02
  2.020274E+02  5.049505E+02
  1.995025E+02  5.049505E+02
  1.969776E+02  5.049505E+02
  1.944527E+02  5.049505E+02
  1.919279E+02  5.049505E+02
  1.894030E+02  5.049505E+02
  1.868781E+02  5.049505E+02
  1.843532E+02  5.049505E+02
  1.818284E+02  5.049505E+02
  1.793035E+02  5.049505E+02
  1.767786E+02  5.049505E+02
  1.742537E+02  5.049505E+02
  1.717289E+02  5.049505E+02
  1.692040E+02  5.049505E+02
  1.666791E+02  5.049505E+02
  1.641542E+02  5.049505E+02
  1.616294E+02  5.049505E+02
  1.591045E+02  5.049505E+02
  1.565796E+02  5.049505E+02
  1.540547E+02  5.049505E+02
  1.515299E+02  5.049505E+02
  1.490050E+02  5.049505E+02
  1.464801E+02  5.049505E+02
  1.439552E+02  5.049505E+02
  1.414303E+02  5.049505E+02
  1.389055E+02  5.049505E+02
  1.363806E+02  5.049505E+02
  1.338557E+02  5.049505E+02
  1.313308E+02  5.049505E+02
  1.288060E+02  5.049505E+02
  1.262811E+02  5.049505E+02
  1.237562E+02  5.049505E+02
  1.212313E+02  5.049505E+02
  1.187065E+02  5.049505E+02
  1.161816E+02  5.049505E+02
  1.136567E+02  5.049505E+02
  1.111318E+02  5.049505E+02
  1.086070E+02  5.049505E+02
  1.060821E+02  5.049505E+02
  1.035572E+02  5.049505E+02
  1.010323E+02  5.049505E+02
  9.850746E+01  5.049505E+02
  9.598259E+01  5.049505E+02
  9.345771E+01  5.049505E+02
  9.093284E+01  5.049505E+02
  8.840796E+01  5.049505E+02
  8.588308E+01  5.049505E+02
  8.335821E+01  5.049505E+02
  8.083333E+01  5.049505E+02
  7.830846E+01  5.049505E+02
  7.578358E+01  5.049505E+02
  7.325871E+01  5.049505E+02
  7.073383E+01  5.049505E+02
  6.820896E+01  5.049505E+02
  6.568408E+01  5.049505E+02
  6.315920E+01  5.049505E+02
  6.063433E+01  5.049505E+02
  5.810945E+01  5.049505E+02
  5.558458E+01  5.049505E+02
  5.305970E+01  5.049505E+02
  5.053483E+01  5.049505E+02
  4.800995E+01  5.049505E+02
  4.548507E+01  5.049505E+02
  4.296020E+01  5.049505E+02
  4.043532E+01  5.049505E+02
  3.791045E+01  5.049505E+02
  3.538557E+01  5.049505E+02
  3.286070E+01  5.049505E+02
  3.033582E+01  5.049505E+02
  2.781095E+01  5.049505E+02
  2.528607E+01  5.049505E+02
  2.276119E+01  5.049505E+02
  2.023632E+01  5.049505E+02
  1.771144E+01  5.049505E+02
  1.518657E+01  5.049505E+02
  1.266169E+01  5.049505E+02
  1.013682E+01  5.049505E+02
  7.611940E+00  5.049505E+02
  5.087065E+00  5.049505E+02
  2.562189E+00  5.049505E+02
  3.731345E-02  5.049505E+02
 -2.487562E+00  5.049505E+02
 -2.487562E+00  4.998515E+02
 -2.487562E+00  4.947525E+02
 -2.487562E+00  4.896535E+02
 -2.487562E+00  4.845545E+02
 -2.487562E+00  4.794554E+02
 -2.487562E+00  4.743564E+02
 -2.487562E+00  4.692574E+02
 -2.487562E+00  4.641584E+02
 -2.487562E+00  4.590594E+02
 -2.487562E+00  4.539604E+02
 -2.487562E+00  4.488614E+02
 -2.487562E+00  4.437624E+02
 -2.487562E+00  4.386634E+02
 -2.487562E+00  4.335644E+02
 -2.487562E+00  4.284653E+02
 -2.487562E+00  4.233663E+02
 -2.487562E+00  4.182673E+02
 -2.487562E+00  4.131683E+02
 -2.487562E+00  4.080693E+02
 -2.487562E+00  4.029703E+02
 -2.487562E+00  3.978713E+02
 -2.487562E+00  3.927723E+02
 -2.487562E+00  3.876733E+02
 -2.487562E+00  3.825743E+02
 -2.487562E+00  3.774752E+02
 -2.487562E+00  3.723762E+02
 -2.487562E+00  3.672772E+02
 -2.487562E+00  3.621782E+02
 -2.487562E+00  3.570792E+02
 -2.487562E+00  3.519802E+02
 -2.487562E+00  3.468812E+02
 -2.487562E+00  3.417822E+02
 -2.487562E+00  3.366832E+02
 -2.487562E+00  3.315842E+02
 -2.487562E+00  3.264851E+02
 -2.487562E+00  3.213861E+02
 -2.487562E+00  3.162871E+02
 -2.487562E+00  3.111881E+02
 -2.487562E+00  3.060891E+02
 -2.487562E+00  3.009901E+02
 -2.487562E+00  2.958911E+02
 -2.487562E+00  2.907921E+02
 -2.487562E+00  2.856931E+02
 -2.487562E+00  2.805941E+02
 -2.487562E+00  2.754950E+02
 -2.487562E+00  2.703960E+02
 -2.487562E+00  2.652970E+02
 -2.487562E+00  2.601980E+02
 -2.487562E+00  2.550990E+02
 -2.487562E+00  2.500000E+02
 -2.487562E+00  2.449010E+02
 -2.487562E+00  2.398020E+02
 -2.487562E+00  2.347030E+02
 -2.487562E+00  2.296040E+02
 -2.487562E+00  2.245050E+02
 -2.487562E+00  2.194059E+02
 -2.487562E+00  2.143069E+02
 -2.487562E+00  2.092079E+02
 -2.487562E+00  2.041089E+02
 -2.487562E+00  1.990099E+02
 -2.487562E+00  1.939109E+02
 -2.487562E+00  1.888119E+02
 -2.487562E+00  1.837129E+02
 -2.487562E+00  1.786139E+02
 -2.487562E+00  1.735149E+02
 -2.487562E+00  1.684158E+02
 -2.487562E+00  1.633168E+02
 -2.487562E+00  1.582178E+02
 -2.487562E+00  1.531188E+02
 -2.487562E+00  1.480198E+02
 -2.487562E+00  1.429208E+02
 -2.487562E+00  1.378218E+02
 -2.487562E+00  1.327228E+02
 -2.487562E+00  1.276238E+02
 -2.487562E+00  1.225248E+02
 -2.487562E+00  1.174257E+02
 -2.487562E+00  1.123267E+02
 -2.487562E+00  1.072277E+02
 -2.487562E+00  1.021287E+02
 -2.487562E+00  9.702970E+01
 -2.487562E+00  9.193069E+01
 -2.487562E+00  8.683168E+01
 -2.487562E+00  8.173267E+01
 -2.487562E+00  7.663366E+01
 -2.487562E+00  7.153465E+01
 -2.487562E+00  6.643564E+01
 -2.487562E+00  6.133663E+01
 -2.487562E+00  5.623762E+01
 -2.487562E+00  5.113861E+01
 -2.487562E+00  4.603960E+01
 -2.487562E+00  4.094059E+01
 -2.487562E+00  3.584158E+01
 -2.487562E+00  3.074257E+01
 -2.487562E+00  2.564356E+01
 -2.487562E+00  2.054455E+01
 -2.487562E+00  1.544554E+01
 -2.487562E+00  1.034653E+01
 -2.487562E+00  5.247525E+00
 -2.487562E+00  1.485149E-01
 -2.487562E+00 -4.950495E+00

h: x ny1,0  y2=[y1](6),ic[darkred]
 -1.000000E+00 -1.000000E+00

hb:   line clip z   cb(darkred)
clip:
  2.423895E+02  1.479839E+02
  2.424696E+02  1.479756E+02
  2.448269E+02  1.480198E+02
  2.425754E+02  1.481698E+02
  2.424254E+02  1.481852E+02
  2.422401E+02  1.482050E+02
  2.420635E+02  1.480198E+02

h: x ny1,0  y2=[y1](1),ic[yellowgreen]
 -1.000000E+00 -1.000000E+00

hb:   line clip z   cb(yellowgreen)
clip:
  2.449464E+02  1.480160E+02
  2.471731E+02  1.480198E+02
  2.467954E+02  1.498650E+02
  2.449502E+02  1.499976E+02
  2.448269E+02  1.480198E+02

hb:   line clip z   cb(darkred)
clip:
  2.472741E+02  1.478188E+02
  2.476599E+02  1.478351E+02
  2.499365E+02  1.480198E+02
  2.474872E+02  1.480318E+02
  2.474641E+02  1.480309E+02
  2.471731E+02  1.480198E+02

hb:   line clip z   cb(yellowgreen)
clip:
  2.296000E+02  1.529178E+02
  2.298010E+02  1.527553E+02
  2.310749E+02  1.518449E+02
  2.323259E+02  1.511078E+02
  2.358556E+02  1.495891E+02
  2.348507E+02  1.499527E+02
  2.373756E+02  1.491242E+02
  2.399005E+02  1.485479E+02
  2.424254E+02  1.481852E+02
  2.440066E+02  1.515376E+02
  2.445904E+02  1.531188E+02
  2.449502E+02  1.534024E+02
  2.474096E+02  1.531188E+02
  2.474751E+02  1.530506E+02
  2.500000E+02  1.482323E+02
  2.525249E+02  1.486292E+02
  2.560772E+02  1.495665E+02
  2.550498E+02  1.492446E+02
  2.579080E+02  1.502606E+02
  2.575746E+02  1.501215E+02
  2.596165E+02  1.510769E+02
  2.600995E+02  1.513438E+02
  2.611955E+02  1.520228E+02
  2.626244E+02  1.531066E+02
  2.626385E+02  1.531188E+02
  2.640370E+02  1.545314E+02
  2.651493E+02  1.561816E+02
  2.657345E+02  1.576325E+02
  2.658753E+02  1.582178E+02
  2.659849E+02  1.590535E+02
  2.651493E+02  1.628184E+02
  2.648663E+02  1.633168E+02
  2.639173E+02  1.646098E+02
  2.626244E+02  1.658934E+02
  2.600995E+02  1.676562E+02
  2.586321E+02  1.684158E+02
  2.579011E+02  1.687424E+02
  2.575746E+02  1.688785E+02
  2.568180E+02  1.691725E+02
  2.550498E+02  1.697554E+02
  2.532471E+02  1.702184E+02
  2.525249E+02  1.703708E+02
  2.501968E+02  1.707440E+02
  2.500000E+02  1.707677E+02
  2.474459E+02  1.709699E+02
  2.474751E+02  1.709687E+02
  2.449081E+02  1.709828E+02
  2.449502E+02  1.709841E+02
  2.425395E+02  1.708266E+02
  2.424254E+02  1.708148E+02
  2.403155E+02  1.705257E+02
  2.399005E+02  1.704521E+02
  2.382217E+02  1.700946E+02
  2.373756E+02  1.698758E+02
  2.362504E+02  1.695410E+02
  2.348507E+02  1.690473E+02
  2.343989E+02  1.688677E+02
  2.333679E+02  1.684158E+02
  2.323259E+02  1.678922E+02
  2.295784E+02  1.660643E+02
  2.298010E+02  1.662447E+02
  2.282826E+02  1.648352E+02
  2.272761E+02  1.635421E+02
  2.271882E+02  1.634048E+02
  2.271337E+02  1.633168E+02
  2.269358E+02  1.629765E+02
  2.261247E+02  1.582178E+02
  2.263666E+02  1.573083E+02
  2.272761E+02  1.554579E+02
  2.293615E+02  1.531188E+02

h: x ny1,0  y2=[y1](15),ic[pastelyellow]
 -1.000000E+00 -1.000000E+00

hb:   line clip z   cb(pastelyellow)
clip:
  2.440754E+02  1.522440E+02
  2.449502E+02  1.499976E+02
  2.475867E+02  1.504824E+02
  2.474096E+02  1.531188E+02
  2.454560E+02  1.536246E+02
  2.447824E+02  1.532867E+02
  2.445904E+02  1.531188E+02

hb:   line clip z   cb(yellowgreen)
clip:
  2.169617E+02  1.580029E+02
  2.171766E+02  1.575534E+02
  2.197980E+02  1.555964E+02
  2.179588E+02  1.582178E+02
  2.177548E+02  1.587960E+02
  2.171766E+02  1.614466E+02
  2.167674E+02  1.586270E+02
  2.168821E+02  1.582178E+02

h: x ny1,0  y2=[y1](9),ic[cyan]
 -1.000000E+00 -1.000000E+00

hb:   line clip z   cb(cyan)
clip:
  2.187118E+02  1.572281E+02
  2.197015E+02  1.566610E+02
  2.213431E+02  1.565762E+02
  2.222264E+02  1.569347E+02
  2.229245E+02  1.575197E+02
  2.233832E+02  1.582178E+02
  2.236668E+02  1.596583E+02
  2.222264E+02  1.620653E+02
  2.186907E+02  1.617535E+02
  2.197015E+02  1.623390E+02
  2.177472E+02  1.601721E+02
  2.179588E+02  1.582178E+02

hb:   line clip z   cb(yellowgreen)
clip:
  2.675751E+02  1.581187E+02
  2.676741E+02  1.578746E+02
  2.702412E+02  1.556508E+02
  2.686168E+02  1.582178E+02
  2.683841E+02  1.589278E+02
  2.676741E+02  1.611254E+02
  2.674798E+02  1.584122E+02
  2.675401E+02  1.582178E+02

hb:   line clip z   cb(cyan)
clip:
  2.692851E+02  1.573040E+02
  2.701990E+02  1.567210E+02
  2.718680E+02  1.565488E+02
  2.727239E+02  1.568440E+02
  2.735059E+02  1.574358E+02
  2.740412E+02  1.582178E+02
  2.743132E+02  1.598072E+02
  2.727239E+02  1.621560E+02
  2.692648E+02  1.616769E+02
  2.701990E+02  1.622790E+02
  2.683778E+02  1.600390E+02
  2.686168E+02  1.582178E+02

hb:   line clip z   cb(darkred)
clip:
  2.750413E+02  1.580103E+02
  2.752488E+02  1.582023E+02
  2.752488E+02  1.587028E+02
  2.751499E+02  1.583166E+02
  2.751179E+02  1.582178E+02

hb:   line clip z   cb(yellowgreen)
clip:
  2.167703E+02  1.603856E+02
  2.197015E+02  1.623390E+02
  2.218676E+02  1.633168E+02
  2.197854E+02  1.634007E+02
  2.197015E+02  1.633807E+02
  2.196507E+02  1.633677E+02
  2.194744E+02  1.633168E+02

hb:   line clip z   cb(darkred)
clip:
  2.221328E+02  1.632233E+02
  2.222264E+02  1.631852E+02
  2.224712E+02  1.630720E+02
  2.222459E+02  1.633168E+02
  2.222321E+02  1.633225E+02
  2.222129E+02  1.633303E+02
  2.218676E+02  1.633168E+02

hb:   line clip z   cb(yellowgreen)
clip:
  2.674836E+02  1.606015E+02
  2.701990E+02  1.622790E+02
  2.725256E+02  1.633168E+02
  2.702275E+02  1.633454E+02
  2.701990E+02  1.633371E+02
  2.701834E+02  1.633324E+02
  2.701324E+02  1.633168E+02

hb:   line clip z   cb(darkred)
clip:
  2.726741E+02  1.632671E+02
  2.727239E+02  1.632489E+02
  2.728351E+02  1.632056E+02
  2.729039E+02  1.633168E+02
  2.727747E+02  1.633676E+02
  2.727239E+02  1.633863E+02
  2.726181E+02  1.634226E+02
  2.725256E+02  1.633168E+02

h: x ny1,0  y2=[y1](17),ic[brown]
 -1.000000E+00 -1.000000E+00

hb:   line clip z   cb(brown)
clip:
  5.900000E+01  2.738607E+02
  6.063433E+01  2.730000E+02
  6.312938E+01  2.730000E+02
  4.191667E+02  2.730000E+02
  4.210000E+02  2.736617E+02
  4.210000E+02  2.754950E+02
  4.210000E+02  2.773284E+02
  4.210000E+02  2.805941E+02
  4.210000E+02  2.824274E+02
  4.210000E+02  2.856931E+02
  4.210000E+02  2.875264E+02
  4.210000E+02  2.907921E+02
  4.210000E+02  2.926254E+02
  4.210000E+02  2.958911E+02
  4.202756E+02  2.970000E+02
  4.191667E+02  2.970000E+02
  4.180578E+02  2.970000E+02
  4.166418E+02  2.970000E+02
  4.155329E+02  2.970000E+02
  4.141169E+02  2.970000E+02
  4.130080E+02  2.970000E+02
  4.115920E+02  2.970000E+02
  4.104831E+02  2.970000E+02
  4.090672E+02  2.970000E+02
  4.079583E+02  2.970000E+02
  4.065423E+02  2.970000E+02
  4.054334E+02  2.970000E+02
  4.040174E+02  2.970000E+02
  4.029085E+02  2.970000E+02
  4.014925E+02  2.970000E+02
  4.003836E+02  2.970000E+02
  3.989677E+02  2.970000E+02
  3.978588E+02  2.970000E+02
  3.964428E+02  2.970000E+02
  3.953339E+02  2.970000E+02
  3.939179E+02  2.970000E+02
  3.928090E+02  2.970000E+02
  3.913930E+02  2.970000E+02
  3.902841E+02  2.970000E+02
  3.888682E+02  2.970000E+02
  3.877592E+02  2.970000E+02
  3.863433E+02  2.970000E+02
  3.852344E+02  2.970000E+02
  3.838184E+02  2.970000E+02
  3.827095E+02  2.970000E+02
  3.812935E+02  2.970000E+02
  3.801846E+02  2.970000E+02
  3.787687E+02  2.970000E+02
  3.776597E+02  2.970000E+02
  3.762438E+02  2.970000E+02
  3.751349E+02  2.970000E+02
  3.737189E+02  2.970000E+02
  3.726100E+02  2.970000E+02
  3.711940E+02  2.970000E+02
  3.700851E+02  2.970000E+02
  3.686692E+02  2.970000E+02
  3.675602E+02  2.970000E+02
  3.661443E+02  2.970000E+02
  3.650354E+02  2.970000E+02
  3.636194E+02  2.970000E+02
  3.625105E+02  2.970000E+02
  3.610945E+02  2.970000E+02
  3.599856E+02  2.970000E+02
  3.585697E+02  2.970000E+02
  3.574607E+02  2.970000E+02
  3.560448E+02  2.970000E+02
  3.549359E+02  2.970000E+02
  3.535199E+02  2.970000E+02
  3.524110E+02  2.970000E+02
  3.509950E+02  2.970000E+02
  3.498861E+02  2.970000E+02
  3.484701E+02  2.970000E+02
  3.473612E+02  2.970000E+02
  3.459453E+02  2.970000E+02
  3.448364E+02  2.970000E+02
  3.434204E+02  2.970000E+02
  3.423115E+02  2.970000E+02
  3.408955E+02  2.970000E+02
  3.397866E+02  2.970000E+02
  3.383706E+02  2.970000E+02
  3.372617E+02  2.970000E+02
  3.358458E+02  2.970000E+02
  3.347369E+02  2.970000E+02
  3.333209E+02  2.970000E+02
  3.322120E+02  2.970000E+02
  3.307960E+02  2.970000E+02
  3.296871E+02  2.970000E+02
  3.282711E+02  2.970000E+02
  3.271622E+02  2.970000E+02
  3.257463E+02  2.970000E+02
  3.246374E+02  2.970000E+02
  3.232214E+02  2.970000E+02
  3.221125E+02  2.970000E+02
  3.206965E+02  2.970000E+02
  3.195876E+02  2.970000E+02
  3.181716E+02  2.970000E+02
  3.170627E+02  2.970000E+02
  3.156468E+02  2.970000E+02
  3.145379E+02  2.970000E+02
  3.131219E+02  2.970000E+02
  3.120130E+02  2.970000E+02
  3.105970E+02  2.970000E+02
  3.094881E+02  2.970000E+02
  3.080721E+02  2.970000E+02
  3.069632E+02  2.970000E+02
  3.055473E+02  2.970000E+02
  3.044384E+02  2.970000E+02
  3.030224E+02  2.970000E+02
  3.019135E+02  2.970000E+02
  3.004975E+02  2.970000E+02
  2.993886E+02  2.970000E+02
  2.979726E+02  2.970000E+02
  2.968637E+02  2.970000E+02
  2.954478E+02  2.970000E+02
  2.943389E+02  2.970000E+02
  2.929229E+02  2.970000E+02
  2.918140E+02  2.970000E+02
  2.903980E+02  2.970000E+02
  2.892891E+02  2.970000E+02
  2.878731E+02  2.970000E+02
  2.867642E+02  2.970000E+02
  2.853483E+02  2.970000E+02
  2.842393E+02  2.970000E+02
  2.828234E+02  2.970000E+02
  2.817145E+02  2.970000E+02
  2.802985E+02  2.970000E+02
  2.791896E+02  2.970000E+02
  2.777736E+02  2.970000E+02
  2.766647E+02  2.970000E+02
  2.752488E+02  2.970000E+02
  2.741398E+02  2.970000E+02
  2.727239E+02  2.970000E+02
  2.716150E+02  2.970000E+02
  2.701990E+02  2.970000E+02
  2.690901E+02  2.970000E+02
  2.676741E+02  2.970000E+02
  2.665652E+02  2.970000E+02
  2.651493E+02  2.970000E+02
  2.640403E+02  2.970000E+02
  2.626244E+02  2.970000E+02
  2.615155E+02  2.970000E+02
  2.600995E+02  2.970000E+02
  2.589906E+02  2.970000E+02
  2.575746E+02  2.970000E+02
  2.564657E+02  2.970000E+02
  2.550498E+02  2.970000E+02
  2.539408E+02  2.970000E+02
  2.525249E+02  2.970000E+02
  2.514160E+02  2.970000E+02
  2.500000E+02  2.970000E+02
  2.488911E+02  2.970000E+02
  2.474751E+02  2.970000E+02
  2.463662E+02  2.970000E+02
  2.449502E+02  2.970000E+02
  2.438413E+02  2.970000E+02
  2.424254E+02  2.970000E+02
  2.413165E+02  2.970000E+02
  2.399005E+02  2.970000E+02
  2.387916E+02  2.970000E+02
  2.373756E+02  2.970000E+02
  2.362667E+02  2.970000E+02
  2.348507E+02  2.970000E+02
  2.337418E+02  2.970000E+02
  2.323259E+02  2.970000E+02
  2.312170E+02  2.970000E+02
  2.298010E+02  2.970000E+02
  2.286921E+02  2.970000E+02
  2.272761E+02  2.970000E+02
  2.261672E+02  2.970000E+02
  2.247512E+02  2.970000E+02
  2.236423E+02  2.970000E+02
  2.222264E+02  2.970000E+02
  2.211175E+02  2.970000E+02
  2.197015E+02  2.970000E+02
  2.185926E+02  2.970000E+02
  2.171766E+02  2.970000E+02
  2.160677E+02  2.970000E+02
  2.146517E+02  2.970000E+02
  2.135428E+02  2.970000E+02
  2.121269E+02  2.970000E+02
  2.110180E+02  2.970000E+02
  2.096020E+02  2.970000E+02
  2.084931E+02  2.970000E+02
  2.070771E+02  2.970000E+02
  2.059682E+02  2.970000E+02
  2.045522E+02  2.970000E+02
  2.034433E+02  2.970000E+02
  2.020274E+02  2.970000E+02
  2.009185E+02  2.970000E+02
  1.995025E+02  2.970000E+02
  1.983936E+02  2.970000E+02
  1.969776E+02  2.970000E+02
  1.958687E+02  2.970000E+02
  1.944527E+02  2.970000E+02
  1.933438E+02  2.970000E+02
  1.919279E+02  2.970000E+02
  1.908189E+02  2.970000E+02
  1.894030E+02  2.970000E+02
  1.882941E+02  2.970000E+02
  1.868781E+02  2.970000E+02
  1.857692E+02  2.970000E+02
  1.843532E+02  2.970000E+02
  1.832443E+02  2.970000E+02
  1.818284E+02  2.970000E+02
  1.807194E+02  2.970000E+02
  1.793035E+02  2.970000E+02
  1.781946E+02  2.970000E+02
  1.767786E+02  2.970000E+02
  1.756697E+02  2.970000E+02
  1.742537E+02  2.970000E+02
  1.731448E+02  2.970000E+02
  1.717289E+02  2.970000E+02
  1.706199E+02  2.970000E+02
  1.692040E+02  2.970000E+02
  1.680951E+02  2.970000E+02
  1.666791E+02  2.970000E+02
  1.655702E+02  2.970000E+02
  1.641542E+02  2.970000E+02
  1.630453E+02  2.970000E+02
  1.616294E+02  2.970000E+02
  1.605204E+02  2.970000E+02
  1.591045E+02  2.970000E+02
  1.579956E+02  2.970000E+02
  1.565796E+02  2.970000E+02
  1.554707E+02  2.970000E+02
  1.540547E+02  2.970000E+02
  1.529458E+02  2.970000E+02
  1.515299E+02  2.970000E+02
  1.504209E+02  2.970000E+02
  1.490050E+02  2.970000E+02
  1.478961E+02  2.970000E+02
  1.464801E+02  2.970000E+02
  1.453712E+02  2.970000E+02
  1.439552E+02  2.970000E+02
  1.428463E+02  2.970000E+02
  1.414303E+02  2.970000E+02
  1.403214E+02  2.970000E+02
  1.389055E+02  2.970000E+02
  1.377966E+02  2.970000E+02
  1.363806E+02  2.970000E+02
  1.352717E+02  2.970000E+02
  1.338557E+02  2.970000E+02
  1.327468E+02  2.970000E+02
  1.313308E+02  2.970000E+02
  1.302219E+02  2.970000E+02
  1.288060E+02  2.970000E+02
  1.276971E+02  2.970000E+02
  1.262811E+02  2.970000E+02
  1.251722E+02  2.970000E+02
  1.237562E+02  2.970000E+02
  1.226473E+02  2.970000E+02
  1.212313E+02  2.970000E+02
  1.201224E+02  2.970000E+02
  1.187065E+02  2.970000E+02
  1.175976E+02  2.970000E+02
  1.161816E+02  2.970000E+02
  1.150727E+02  2.970000E+02
  1.136567E+02  2.970000E+02
  1.125478E+02  2.970000E+02
  1.111318E+02  2.970000E+02
  1.100229E+02  2.970000E+02
  1.086070E+02  2.970000E+02
  1.074981E+02  2.970000E+02
  1.060821E+02  2.970000E+02
  1.049732E+02  2.970000E+02
  1.035572E+02  2.970000E+02
  1.024483E+02  2.970000E+02
  1.010323E+02  2.970000E+02
  9.992343E+01  2.970000E+02
  9.850746E+01  2.970000E+02
  9.739855E+01  2.970000E+02
  9.598259E+01  2.970000E+02
  9.487368E+01  2.970000E+02
  9.345771E+01  2.970000E+02
  9.234880E+01  2.970000E+02
  9.093284E+01  2.970000E+02
  8.982392E+01  2.970000E+02
  8.840796E+01  2.970000E+02
  8.729905E+01  2.970000E+02
  8.588308E+01  2.970000E+02
  8.477417E+01  2.970000E+02
  8.335821E+01  2.970000E+02
  8.224930E+01  2.970000E+02
  8.083333E+01  2.970000E+02
  7.972442E+01  2.970000E+02
  7.830846E+01  2.970000E+02
  7.719955E+01  2.970000E+02
  7.578358E+01  2.970000E+02
  7.467467E+01  2.970000E+02
  7.325871E+01  2.970000E+02
  7.214980E+01  2.970000E+02
  7.073383E+01  2.970000E+02
  6.962492E+01  2.970000E+02
  6.820896E+01  2.970000E+02
  6.710004E+01  2.970000E+02
  6.568408E+01  2.970000E+02
  6.457517E+01  2.970000E+02
  6.315920E+01  2.970000E+02
  6.205029E+01  2.970000E+02
  6.063433E+01  2.970000E+02
  5.952542E+01  2.970000E+02
  5.900000E+01  2.958911E+02
  5.900000E+01  2.942568E+02
  5.900000E+01  2.907921E+02
  5.900000E+01  2.891578E+02
  5.900000E+01  2.856931E+02
  5.900000E+01  2.840587E+02
  5.900000E+01  2.805941E+02
  5.900000E+01  2.789597E+02
  5.900000E+01  2.754950E+02
